
UsersController
  GET #edit
    ログインユーザーの場合
[31m      レスポンスが成功すること (FAILED - 1)[0m
[31m      @userが正しく設定されていること (FAILED - 2)[0m

Bookモデルのテスト
  バリデーションのテスト
    titleカラム
[31m      空欄でないこと (FAILED - 3)[0m
    bodyカラム
[31m      空欄でないこと (FAILED - 4)[0m
[32m      200文字以下であること: 200文字は〇[0m
[31m      200文字以下であること: 201文字は× (FAILED - 5)[0m
  アソシエーションのテスト
    Userモデルとの関係
[32m      N:1となっている[0m

Userモデルのテスト
  バリデーションのテスト
    nameカラム
[31m      空欄でないこと (FAILED - 6)[0m
[31m      2文字以上であること: 1文字は× (FAILED - 7)[0m
[32m      2文字以上であること: 2文字は〇[0m
[32m      20文字以下であること: 20文字は〇[0m
[31m      20文字以下であること: 21文字は× (FAILED - 8)[0m
[31m      一意性があること (FAILED - 9)[0m
    introductionカラム
[32m      50文字以下であること: 50文字は〇[0m
[31m      50文字以下であること: 51文字は× (FAILED - 10)[0m
  アソシエーションのテスト
    Bookモデルとの関係
[32m      1:Nとなっている[0m

[STEP1] ユーザログイン前のテスト
  トップ画面のテスト
    表示内容の確認
[32m      URLが正しい[0m
[32m      Log inリンクが表示される: 青色のボタンの表示が「Log in」である[0m
[32m      Log inリンクの内容が正しい[0m
[32m      Sign upリンクが表示される: 緑色のボタンの表示が「Sign up」である[0m
[32m      Sign upリンクの内容が正しい[0m
  アバウト画面のテスト
    表示内容の確認
[32m      URLが正しい[0m
  ヘッダーのテスト: ログインしていない場合
    表示内容の確認
[32m      Bookersリンクが表示される: 左上から1番目のリンクが「Bookers」である[0m
[32m      Homeリンクが表示される: 左上から2番目のリンクが「Home」である[0m
[32m      Aboutリンクが表示される: 左上から3番目のリンクが「About」である[0m
[32m      Sign upリンクが表示される: 左上から4番目のリンクが「Sign up」である[0m
[32m      Log inリンクが表示される: 左上から5番目のリンクが「Log in」である[0m
    リンクの内容を確認
[32m      Bookersを押すと、トップ画面に遷移する[0m
[32m      Homeを押すと、トップ画面に遷移する[0m
[32m      Aboutを押すと、アバウト画面に遷移する[0m
[32m      Sign upを押すと、新規登録画面に遷移する[0m
[32m      Log inを押すと、ログイン画面に遷移する[0m
  ユーザ新規登録のテスト
    表示内容の確認
[32m      URLが正しい[0m
[32m      「Sign up」と表示される[0m
[32m      nameフォームが表示される[0m
[32m      emailフォームが表示される[0m
[32m      passwordフォームが表示される[0m
[32m      password_confirmationフォームが表示される[0m
[32m      Sign upボタンが表示される[0m
    新規登録成功のテスト
[32m      正しく新規登録される[0m
[32m      新規登録後のリダイレクト先が、新規登録できたユーザの詳細画面になっている[0m
  ユーザログイン
    表示内容の確認
[32m      URLが正しい[0m
[32m      「Log in」と表示される[0m
[32m      nameフォームが表示される[0m
[32m      passwordフォームが表示される[0m
[32m      Log inボタンが表示される[0m
[32m      emailフォームは表示されない[0m
    ログイン成功のテスト
[32m      ログイン後のリダイレクト先が、ログインしたユーザの詳細画面になっている[0m
    ログイン失敗のテスト
[32m      ログインに失敗し、ログイン画面にリダイレクトされる[0m
  ヘッダーのテスト: ログインしている場合
    ヘッダーの表示を確認
[32m      Bookersリンクが表示される: 左上から1番目のリンクが「Bookers」である[0m
[32m      Homeリンクが表示される: 左上から2番目のリンクが「Home」である[0m
[32m      Usersリンクが表示される: 左上から3番目のリンクが「Users」である[0m
[32m      Booksリンクが表示される: 左上から4番目のリンクが「Books」である[0m
[32m      Log outリンクが表示される: 左上から5番目のリンクが「Log out」である[0m
  ユーザログアウトのテスト
    ログアウト機能のテスト
[32m      正しくログアウトできている: ログアウト後のリダイレクト先においてAbout画面へのリンクが存在する[0m
[32m      ログアウト後のリダイレクト先が、トップになっている[0m

[STEP2] ユーザログイン後のテスト
  ヘッダーのテスト: ログインしている場合
    リンクの内容を確認: ※logoutは『ユーザログアウトのテスト』でテスト済みになります。
[31m      Homeを押すと、自分のユーザ詳細画面に遷移する (FAILED - 11)[0m
[31m      Usersを押すと、ユーザ一覧画面に遷移する (FAILED - 12)[0m
[31m      Booksを押すと、投稿一覧画面に遷移する (FAILED - 13)[0m
  投稿一覧画面のテスト
    表示内容の確認
[31m      URLが正しい (FAILED - 14)[0m
[31m      自分と他人の画像のリンク先が正しい (FAILED - 15)[0m
[31m      自分の投稿と他人の投稿のタイトルのリンク先がそれぞれ正しい (FAILED - 16)[0m
[31m      自分の投稿と他人の投稿のオピニオンが表示される (FAILED - 17)[0m
    サイドバーの確認
[31m      自分の名前と紹介文が表示される (FAILED - 18)[0m
[31m      自分のユーザ編集画面へのリンクが存在する (FAILED - 19)[0m
[31m      「New book」と表示される (FAILED - 20)[0m
[31m      titleフォームが表示される (FAILED - 21)[0m
[31m      titleフォームに値が入っていない (FAILED - 22)[0m
[31m      bodyフォームが表示される (FAILED - 23)[0m
[31m      bodyフォームに値が入っていない (FAILED - 24)[0m
[31m      Create Bookボタンが表示される (FAILED - 25)[0m
    投稿成功のテスト
[31m      自分の新しい投稿が正しく保存される (FAILED - 26)[0m
[31m      リダイレクト先が、保存できた投稿の詳細画面になっている (FAILED - 27)[0m
  自分の投稿詳細画面のテスト
    表示内容の確認
[31m      URLが正しい (FAILED - 28)[0m
[31m      「Book detail」と表示される (FAILED - 29)[0m
[31m      ユーザ画像・名前のリンク先が正しい (FAILED - 30)[0m
[31m      投稿のtitleが表示される (FAILED - 31)[0m
[31m      投稿のbodyが表示される (FAILED - 32)[0m
[31m      投稿の編集リンクが表示される (FAILED - 33)[0m
[31m      投稿の削除リンクが表示される (FAILED - 34)[0m
    サイドバーの確認
[31m      自分の名前と紹介文が表示される (FAILED - 35)[0m
[31m      自分のユーザ編集画面へのリンクが存在する (FAILED - 36)[0m
[31m      「New book」と表示される (FAILED - 37)[0m
[31m      titleフォームが表示される (FAILED - 38)[0m
[31m      titleフォームに値が入っていない (FAILED - 39)[0m
[31m      bodyフォームが表示される (FAILED - 40)[0m
[31m      bodyフォームに値が入っていない (FAILED - 41)[0m
[31m      Create Bookボタンが表示される (FAILED - 42)[0m
    投稿成功のテスト
[31m      自分の新しい投稿が正しく保存される (FAILED - 43)[0m
    編集リンクのテスト
[31m      編集画面に遷移する (FAILED - 44)[0m
    削除リンクのテスト
[31m      application.html.erbにjavascript_pack_tagを含んでいる (FAILED - 45)[0m
[31m      正しく削除される (FAILED - 46)[0m
[31m      リダイレクト先が、投稿一覧画面になっている (FAILED - 47)[0m
  自分の投稿編集画面のテスト
    表示の確認
[31m      URLが正しい (FAILED - 48)[0m
[31m      「Editing Book」と表示される (FAILED - 49)[0m
[31m      title編集フォームが表示される (FAILED - 50)[0m
[31m      body編集フォームが表示される (FAILED - 51)[0m
[31m      Update Bookボタンが表示される (FAILED - 52)[0m
[31m      Showリンクが表示される (FAILED - 53)[0m
[31m      Backリンクが表示される (FAILED - 54)[0m
    編集成功のテスト
[31m      titleが正しく更新される (FAILED - 55)[0m
[31m      bodyが正しく更新される (FAILED - 56)[0m
[31m      リダイレクト先が、更新した投稿の詳細画面になっている (FAILED - 57)[0m
  ユーザ一覧画面のテスト
    表示内容の確認
[31m      URLが正しい (FAILED - 58)[0m
[31m      自分と他人の画像が表示される: fallbackの画像がサイドバーの1つ＋一覧(2人)の2つの計3つ存在する (FAILED - 59)[0m
[31m      自分と他人の名前がそれぞれ表示される (FAILED - 60)[0m
[31m      自分と他人のshowリンクがそれぞれ表示される (FAILED - 61)[0m
    サイドバーの確認
[31m      自分の名前と紹介文が表示される (FAILED - 62)[0m
[31m      自分のユーザ編集画面へのリンクが存在する (FAILED - 63)[0m
[31m      「New book」と表示される (FAILED - 64)[0m
[31m      titleフォームが表示される (FAILED - 65)[0m
[31m      titleフォームに値が入っていない (FAILED - 66)[0m
[31m      bodyフォームが表示される (FAILED - 67)[0m
[31m      bodyフォームに値が入っていない (FAILED - 68)[0m
[31m      Create Bookボタンが表示される (FAILED - 69)[0m
  自分のユーザ詳細画面のテスト
    表示の確認
[31m      URLが正しい (FAILED - 70)[0m
[31m      投稿一覧のユーザ画像のリンク先が正しい (FAILED - 71)[0m
[31m      投稿一覧に自分の投稿のtitleが表示され、リンクが正しい (FAILED - 72)[0m
[31m      投稿一覧に自分の投稿のbodyが表示される (FAILED - 73)[0m
[31m      他人の投稿は表示されない (FAILED - 74)[0m
    サイドバーの確認
[31m      自分の名前と紹介文が表示される (FAILED - 75)[0m
[31m      自分のユーザ編集画面へのリンクが存在する (FAILED - 76)[0m
[31m      「New book」と表示される (FAILED - 77)[0m
[31m      titleフォームが表示される (FAILED - 78)[0m
[31m      titleフォームに値が入っていない (FAILED - 79)[0m
[31m      bodyフォームが表示される (FAILED - 80)[0m
[31m      bodyフォームに値が入っていない (FAILED - 81)[0m
[31m      Create Bookボタンが表示される (FAILED - 82)[0m
  自分のユーザ情報編集画面のテスト
    表示の確認
[31m      URLが正しい (FAILED - 83)[0m
[31m      名前編集フォームに自分の名前が表示される (FAILED - 84)[0m
[31m      画像編集フォームが表示される (FAILED - 85)[0m
[31m      自己紹介編集フォームに自分の自己紹介文が表示される (FAILED - 86)[0m
[31m      Update Userボタンが表示される (FAILED - 87)[0m
    更新成功のテスト
[31m      nameが正しく更新される (FAILED - 88)[0m
[31m      introductionが正しく更新される (FAILED - 89)[0m
[31m      リダイレクト先が、自分のユーザ詳細画面になっている (FAILED - 90)[0m

[STEP3] 仕上げのテスト
  サクセスメッセージのテスト
[32m    ユーザ新規登録成功時[0m
[31m    ユーザログイン成功時 (FAILED - 91)[0m
[31m    ユーザログアウト成功時 (FAILED - 92)[0m
[31m    ユーザのプロフィール情報更新成功時 (FAILED - 93)[0m
[31m    投稿データの新規投稿成功時: 投稿一覧画面から行います。 (FAILED - 94)[0m
[31m    投稿データの更新成功時 (FAILED - 95)[0m
  処理失敗時のテスト
    ユーザ新規登録失敗: nameを1文字にする
[31m      新規登録されない (FAILED - 96)[0m
[31m      新規登録画面を表示しており、フォームの内容が正しい (FAILED - 97)[0m
[31m      バリデーションエラーが表示される (FAILED - 98)[0m
    ユーザのプロフィール情報編集失敗: nameを1文字にする
[31m      更新されない (FAILED - 99)[0m
[31m      ユーザ編集画面を表示しており、フォームの内容が正しい (FAILED - 100)[0m
[31m      バリデーションエラーが表示される (FAILED - 101)[0m
    投稿データの新規投稿失敗: 投稿一覧画面から行い、titleを空にする
[31m      投稿が保存されない (FAILED - 102)[0m
[31m      投稿一覧画面を表示している (FAILED - 103)[0m
[31m      新規投稿フォームの内容が正しい (FAILED - 104)[0m
[31m      バリデーションエラーが表示される (FAILED - 105)[0m
    投稿データの更新失敗: titleを空にする
[31m      投稿が更新されない (FAILED - 106)[0m
[31m      投稿編集画面を表示しており、フォームの内容が正しい (FAILED - 107)[0m
[31m      エラーメッセージが表示される (FAILED - 108)[0m
  ログインしていない場合のアクセス制限のテスト: アクセスできず、ログイン画面に遷移する
[32m    ユーザ一覧画面[0m
[32m    ユーザ詳細画面[0m
[32m    ユーザ情報編集画面[0m
[32m    投稿一覧画面[0m
[32m    投稿詳細画面[0m
[32m    投稿編集画面[0m
  他人の画面のテスト
    他人の投稿詳細画面のテスト
      表示内容の確認
[31m        URLが正しい (FAILED - 109)[0m
[31m        「Book detail」と表示される (FAILED - 110)[0m
[31m        ユーザ画像・名前のリンク先が正しい (FAILED - 111)[0m
[31m        投稿のtitleが表示される (FAILED - 112)[0m
[31m        投稿のopinionが表示される (FAILED - 113)[0m
[31m        投稿の編集リンクが表示されない (FAILED - 114)[0m
[31m        投稿の削除リンクが表示されない (FAILED - 115)[0m
      サイドバーの確認
[31m        他人の名前と紹介文が表示される (FAILED - 116)[0m
[31m        他人のユーザ編集画面へのリンクが存在する (FAILED - 117)[0m
[31m        自分の名前と紹介文は表示されない (FAILED - 118)[0m
[31m        自分のユーザ編集画面へのリンクは存在しない (FAILED - 119)[0m
    他人の投稿編集画面
[31m      遷移できず、投稿一覧画面にリダイレクトされる (FAILED - 120)[0m
    他人のユーザ詳細画面のテスト
      表示の確認
[31m        URLが正しい (FAILED - 121)[0m
[31m        投稿一覧のユーザ画像のリンク先が正しい (FAILED - 122)[0m
[31m        投稿一覧に他人の投稿のtitleが表示され、リンクが正しい (FAILED - 123)[0m
[31m        投稿一覧に他人の投稿のopinionが表示される (FAILED - 124)[0m
[31m        自分の投稿は表示されない (FAILED - 125)[0m
      サイドバーの確認
[31m        他人の名前と紹介文が表示される (FAILED - 126)[0m
[31m        他人のユーザ編集画面へのリンクが存在する (FAILED - 127)[0m
[31m        自分の名前と紹介文は表示されない (FAILED - 128)[0m
[31m        自分のユーザ編集画面へのリンクは存在しない (FAILED - 129)[0m
    他人のユーザ情報編集画面
[31m      遷移できず、自分のユーザ詳細画面にリダイレクトされる (FAILED - 130)[0m
  グリッドシステムのテスト: container, row, col-md-〇を正しく使えている
[31m    ユーザ一覧画面 (FAILED - 131)[0m
[31m    ユーザ詳細画面 (FAILED - 132)[0m
[31m    投稿一覧画面 (FAILED - 133)[0m
[31m    投稿詳細画面 (FAILED - 134)[0m
  アイコンのテスト
    トップ画面
[32m      本のアイコンが表示される[0m
    アバウト画面
[32m      本のアイコンが表示される[0m
    ヘッダー: ログインしていない場合
[32m      Homeリンクのアイコンが表示される[0m
[32m      Aboutリンクのアイコンが表示される[0m
[32m      Sign upリンクのアイコンが表示される[0m
[32m      Log inリンクのアイコンが表示される[0m
    ヘッダー: ログインしている場合
[31m      Homeリンクのアイコンが表示される (FAILED - 135)[0m
[31m      Usersリンクのアイコンが表示される (FAILED - 136)[0m
[31m      Booksリンクのアイコンが表示される (FAILED - 137)[0m
[31m      Log outリンクのアイコンが表示される (FAILED - 138)[0m
    サイドバー
[31m      ユーザ一覧画面でレンチアイコンが表示される (FAILED - 139)[0m
[31m      ユーザ詳細画面でレンチアイコンが表示される (FAILED - 140)[0m
[31m      投稿一覧画面でレンチアイコンが表示される (FAILED - 141)[0m
[31m      投稿詳細画面でレンチアイコンが表示される (FAILED - 142)[0m

Failures:

  1) UsersController GET #edit ログインユーザーの場合 レスポンスが成功すること
     [31mFailure/Error: get :edit, params: { id: user.id }[0m
     [31m[0m
     [31mNoMethodError:[0m
     [31m  undefined method `ensure_current_user' for #<UsersController:0x00000000009470>[0m
     [31m[0m
     [31m              target.send(method, *arguments, &block)[0m
     [31m                    ^^^^^[0m
     [36m# ./spec/controllers/users_controller_spec.rb:11:in `block (4 levels) in <top (required)>'[0m

  2) UsersController GET #edit ログインユーザーの場合 @userが正しく設定されていること
     [31mFailure/Error: get :edit, params: { id: user.id }[0m
     [31m[0m
     [31mNoMethodError:[0m
     [31m  undefined method `ensure_current_user' for #<UsersController:0x00000000009678>[0m
     [31m[0m
     [31m              target.send(method, *arguments, &block)[0m
     [31m                    ^^^^^[0m
     [36m# ./spec/controllers/users_controller_spec.rb:11:in `block (4 levels) in <top (required)>'[0m

  3) Bookモデルのテスト バリデーションのテスト titleカラム 空欄でないこと
     [31mFailure/Error: is_expected.to eq false[0m
     [31m[0m
     [31m  expected: false[0m
     [31m       got: true[0m
     [31m[0m
     [31m  (compared using ==)[0m
     [31m[0m
     [31m  Diff:[0m[0m
     [31m  [0m[34m@@ -1 +1 @@[0m
     [31m  [0m[31m-false[0m
     [31m  [0m[32m+true[0m
     [31m  [0m[0m
     [36m# ./spec/models/book_spec.rb:13:in `block (4 levels) in <main>'[0m

  4) Bookモデルのテスト バリデーションのテスト bodyカラム 空欄でないこと
     [31mFailure/Error: is_expected.to eq false[0m
     [31m[0m
     [31m  expected: false[0m
     [31m       got: true[0m
     [31m[0m
     [31m  (compared using ==)[0m
     [31m[0m
     [31m  Diff:[0m[0m
     [31m  [0m[34m@@ -1 +1 @@[0m
     [31m  [0m[31m-false[0m
     [31m  [0m[32m+true[0m
     [31m  [0m[0m
     [36m# ./spec/models/book_spec.rb:20:in `block (4 levels) in <main>'[0m

  5) Bookモデルのテスト バリデーションのテスト bodyカラム 200文字以下であること: 201文字は×
     [31mFailure/Error: is_expected.to eq false[0m
     [31m[0m
     [31m  expected: false[0m
     [31m       got: true[0m
     [31m[0m
     [31m  (compared using ==)[0m
     [31m[0m
     [31m  Diff:[0m[0m
     [31m  [0m[34m@@ -1 +1 @@[0m
     [31m  [0m[31m-false[0m
     [31m  [0m[32m+true[0m
     [31m  [0m[0m
     [36m# ./spec/models/book_spec.rb:28:in `block (4 levels) in <main>'[0m

  6) Userモデルのテスト バリデーションのテスト nameカラム 空欄でないこと
     [31mFailure/Error: is_expected.to eq false[0m
     [31m[0m
     [31m  expected: false[0m
     [31m       got: true[0m
     [31m[0m
     [31m  (compared using ==)[0m
     [31m[0m
     [31m  Diff:[0m[0m
     [31m  [0m[34m@@ -1 +1 @@[0m
     [31m  [0m[31m-false[0m
     [31m  [0m[32m+true[0m
     [31m  [0m[0m
     [36m# ./spec/models/user_spec.rb:13:in `block (4 levels) in <main>'[0m

  7) Userモデルのテスト バリデーションのテスト nameカラム 2文字以上であること: 1文字は×
     [31mFailure/Error: is_expected.to eq false[0m
     [31m[0m
     [31m  expected: false[0m
     [31m       got: true[0m
     [31m[0m
     [31m  (compared using ==)[0m
     [31m[0m
     [31m  Diff:[0m[0m
     [31m  [0m[34m@@ -1 +1 @@[0m
     [31m  [0m[31m-false[0m
     [31m  [0m[32m+true[0m
     [31m  [0m[0m
     [36m# ./spec/models/user_spec.rb:17:in `block (4 levels) in <main>'[0m

  8) Userモデルのテスト バリデーションのテスト nameカラム 20文字以下であること: 21文字は×
     [31mFailure/Error: is_expected.to eq false[0m
     [31m[0m
     [31m  expected: false[0m
     [31m       got: true[0m
     [31m[0m
     [31m  (compared using ==)[0m
     [31m[0m
     [31m  Diff:[0m[0m
     [31m  [0m[34m@@ -1 +1 @@[0m
     [31m  [0m[31m-false[0m
     [31m  [0m[32m+true[0m
     [31m  [0m[0m
     [36m# ./spec/models/user_spec.rb:29:in `block (4 levels) in <main>'[0m

  9) Userモデルのテスト バリデーションのテスト nameカラム 一意性があること
     [31mFailure/Error: is_expected.to eq false[0m
     [31m[0m
     [31m  expected: false[0m
     [31m       got: true[0m
     [31m[0m
     [31m  (compared using ==)[0m
     [31m[0m
     [31m  Diff:[0m[0m
     [31m  [0m[34m@@ -1 +1 @@[0m
     [31m  [0m[31m-false[0m
     [31m  [0m[32m+true[0m
     [31m  [0m[0m
     [36m# ./spec/models/user_spec.rb:33:in `block (4 levels) in <main>'[0m

  10) Userモデルのテスト バリデーションのテスト introductionカラム 50文字以下であること: 51文字は×
      [31mFailure/Error: is_expected.to eq false[0m
      [31m[0m
      [31m  expected: false[0m
      [31m       got: true[0m
      [31m[0m
      [31m  (compared using ==)[0m
      [31m[0m
      [31m  Diff:[0m[0m
      [31m  [0m[34m@@ -1 +1 @@[0m
      [31m  [0m[31m-false[0m
      [31m  [0m[32m+true[0m
      [31m  [0m[0m
      [36m# ./spec/models/user_spec.rb:44:in `block (4 levels) in <main>'[0m

  11) [STEP2] ユーザログイン後のテスト ヘッダーのテスト: ログインしている場合 リンクの内容を確認: ※logoutは『ユーザログアウトのテスト』でテスト済みになります。 Homeを押すと、自分のユーザ詳細画面に遷移する
      [31mFailure/Error: <td><%= book.opinion %></td>[0m
      [31m[0m
      [31mActionView::Template::Error:[0m
      [31m  undefined method `opinion' for #<Book id: 1, title: "6zu46", body: "k4ge54234gru9oe2lcvh", user_id: 1, created_at: "2025-03-22 08:05:55.560890000 +0000", updated_at: "2025-03-22 08:05:55.560890000 +0000">[0m
      [36m# ./app/views/users/show.html.erb:21:in `block in _app_views_users_show_html_erb___970446864522886981_24080'[0m
      [36m# ./app/views/users/show.html.erb:17:in `_app_views_users_show_html_erb___970446864522886981_24080'[0m
      [36m# ./spec/system/02_after_login_spec.rb:13:in `block (2 levels) in <main>'[0m
      [36m# ------------------[0m
      [36m# --- Caused by: ---[0m
      [36m# NoMethodError:[0m
      [36m#   undefined method `opinion' for #<Book id: 1, title: "6zu46", body: "k4ge54234gru9oe2lcvh", user_id: 1, created_at: "2025-03-22 08:05:55.560890000 +0000", updated_at: "2025-03-22 08:05:55.560890000 +0000">[0m
      [36m#   ./app/views/users/show.html.erb:21:in `block in _app_views_users_show_html_erb___970446864522886981_24080'[0m

  12) [STEP2] ユーザログイン後のテスト ヘッダーのテスト: ログインしている場合 リンクの内容を確認: ※logoutは『ユーザログアウトのテスト』でテスト済みになります。 Usersを押すと、ユーザ一覧画面に遷移する
      [31mFailure/Error: <td><%= book.opinion %></td>[0m
      [31m[0m
      [31mActionView::Template::Error:[0m
      [31m  undefined method `opinion' for #<Book id: 1, title: "mp2vi", body: "oi2ajn0le4synhporafz", user_id: 1, created_at: "2025-03-22 08:05:55.705277000 +0000", updated_at: "2025-03-22 08:05:55.705277000 +0000">[0m
      [36m# ./app/views/users/show.html.erb:21:in `block in _app_views_users_show_html_erb___970446864522886981_24080'[0m
      [36m# ./app/views/users/show.html.erb:17:in `_app_views_users_show_html_erb___970446864522886981_24080'[0m
      [36m# ./spec/system/02_after_login_spec.rb:13:in `block (2 levels) in <main>'[0m
      [36m# ------------------[0m
      [36m# --- Caused by: ---[0m
      [36m# NoMethodError:[0m
      [36m#   undefined method `opinion' for #<Book id: 1, title: "mp2vi", body: "oi2ajn0le4synhporafz", user_id: 1, created_at: "2025-03-22 08:05:55.705277000 +0000", updated_at: "2025-03-22 08:05:55.705277000 +0000">[0m
      [36m#   ./app/views/users/show.html.erb:21:in `block in _app_views_users_show_html_erb___970446864522886981_24080'[0m

  13) [STEP2] ユーザログイン後のテスト ヘッダーのテスト: ログインしている場合 リンクの内容を確認: ※logoutは『ユーザログアウトのテスト』でテスト済みになります。 Booksを押すと、投稿一覧画面に遷移する
      [31mFailure/Error: <td><%= book.opinion %></td>[0m
      [31m[0m
      [31mActionView::Template::Error:[0m
      [31m  undefined method `opinion' for #<Book id: 1, title: "icpog", body: "f0intuc387dgp3welyvk", user_id: 1, created_at: "2025-03-22 08:05:55.922026000 +0000", updated_at: "2025-03-22 08:05:55.922026000 +0000">[0m
      [36m# ./app/views/users/show.html.erb:21:in `block in _app_views_users_show_html_erb___970446864522886981_24080'[0m
      [36m# ./app/views/users/show.html.erb:17:in `_app_views_users_show_html_erb___970446864522886981_24080'[0m
      [36m# ./spec/system/02_after_login_spec.rb:13:in `block (2 levels) in <main>'[0m
      [36m# ------------------[0m
      [36m# --- Caused by: ---[0m
      [36m# NoMethodError:[0m
      [36m#   undefined method `opinion' for #<Book id: 1, title: "icpog", body: "f0intuc387dgp3welyvk", user_id: 1, created_at: "2025-03-22 08:05:55.922026000 +0000", updated_at: "2025-03-22 08:05:55.922026000 +0000">[0m
      [36m#   ./app/views/users/show.html.erb:21:in `block in _app_views_users_show_html_erb___970446864522886981_24080'[0m

  14) [STEP2] ユーザログイン後のテスト 投稿一覧画面のテスト 表示内容の確認 URLが正しい
      [31mFailure/Error: <td><%= book.opinion %></td>[0m
      [31m[0m
      [31mActionView::Template::Error:[0m
      [31m  undefined method `opinion' for #<Book id: 1, title: "yozgs", body: "mqtcgj7e3ar10mklqupu", user_id: 1, created_at: "2025-03-22 08:05:56.085548000 +0000", updated_at: "2025-03-22 08:05:56.085548000 +0000">[0m
      [36m# ./app/views/users/show.html.erb:21:in `block in _app_views_users_show_html_erb___970446864522886981_24080'[0m
      [36m# ./app/views/users/show.html.erb:17:in `_app_views_users_show_html_erb___970446864522886981_24080'[0m
      [36m# ./spec/system/02_after_login_spec.rb:13:in `block (2 levels) in <main>'[0m
      [36m# ------------------[0m
      [36m# --- Caused by: ---[0m
      [36m# NoMethodError:[0m
      [36m#   undefined method `opinion' for #<Book id: 1, title: "yozgs", body: "mqtcgj7e3ar10mklqupu", user_id: 1, created_at: "2025-03-22 08:05:56.085548000 +0000", updated_at: "2025-03-22 08:05:56.085548000 +0000">[0m
      [36m#   ./app/views/users/show.html.erb:21:in `block in _app_views_users_show_html_erb___970446864522886981_24080'[0m

  15) [STEP2] ユーザログイン後のテスト 投稿一覧画面のテスト 表示内容の確認 自分と他人の画像のリンク先が正しい
      [31mFailure/Error: <td><%= book.opinion %></td>[0m
      [31m[0m
      [31mActionView::Template::Error:[0m
      [31m  undefined method `opinion' for #<Book id: 1, title: "feygb", body: "ohcf6pqttcd42qw7e8iw", user_id: 1, created_at: "2025-03-22 08:05:56.296622000 +0000", updated_at: "2025-03-22 08:05:56.296622000 +0000">[0m
      [36m# ./app/views/users/show.html.erb:21:in `block in _app_views_users_show_html_erb___970446864522886981_24080'[0m
      [36m# ./app/views/users/show.html.erb:17:in `_app_views_users_show_html_erb___970446864522886981_24080'[0m
      [36m# ./spec/system/02_after_login_spec.rb:13:in `block (2 levels) in <main>'[0m
      [36m# ------------------[0m
      [36m# --- Caused by: ---[0m
      [36m# NoMethodError:[0m
      [36m#   undefined method `opinion' for #<Book id: 1, title: "feygb", body: "ohcf6pqttcd42qw7e8iw", user_id: 1, created_at: "2025-03-22 08:05:56.296622000 +0000", updated_at: "2025-03-22 08:05:56.296622000 +0000">[0m
      [36m#   ./app/views/users/show.html.erb:21:in `block in _app_views_users_show_html_erb___970446864522886981_24080'[0m

  16) [STEP2] ユーザログイン後のテスト 投稿一覧画面のテスト 表示内容の確認 自分の投稿と他人の投稿のタイトルのリンク先がそれぞれ正しい
      [31mFailure/Error: <td><%= book.opinion %></td>[0m
      [31m[0m
      [31mActionView::Template::Error:[0m
      [31m  undefined method `opinion' for #<Book id: 1, title: "vdfdm", body: "vdkgbxcs355iwpu6f5uc", user_id: 1, created_at: "2025-03-22 08:05:56.522033000 +0000", updated_at: "2025-03-22 08:05:56.522033000 +0000">[0m
      [36m# ./app/views/users/show.html.erb:21:in `block in _app_views_users_show_html_erb___970446864522886981_24080'[0m
      [36m# ./app/views/users/show.html.erb:17:in `_app_views_users_show_html_erb___970446864522886981_24080'[0m
      [36m# ./spec/system/02_after_login_spec.rb:13:in `block (2 levels) in <main>'[0m
      [36m# ------------------[0m
      [36m# --- Caused by: ---[0m
      [36m# NoMethodError:[0m
      [36m#   undefined method `opinion' for #<Book id: 1, title: "vdfdm", body: "vdkgbxcs355iwpu6f5uc", user_id: 1, created_at: "2025-03-22 08:05:56.522033000 +0000", updated_at: "2025-03-22 08:05:56.522033000 +0000">[0m
      [36m#   ./app/views/users/show.html.erb:21:in `block in _app_views_users_show_html_erb___970446864522886981_24080'[0m

  17) [STEP2] ユーザログイン後のテスト 投稿一覧画面のテスト 表示内容の確認 自分の投稿と他人の投稿のオピニオンが表示される
      [31mFailure/Error: <td><%= book.opinion %></td>[0m
      [31m[0m
      [31mActionView::Template::Error:[0m
      [31m  undefined method `opinion' for #<Book id: 1, title: "sylcx", body: "3ik18naf4vax3mz4wwdd", user_id: 1, created_at: "2025-03-22 08:05:56.685069000 +0000", updated_at: "2025-03-22 08:05:56.685069000 +0000">[0m
      [36m# ./app/views/users/show.html.erb:21:in `block in _app_views_users_show_html_erb___970446864522886981_24080'[0m
      [36m# ./app/views/users/show.html.erb:17:in `_app_views_users_show_html_erb___970446864522886981_24080'[0m
      [36m# ./spec/system/02_after_login_spec.rb:13:in `block (2 levels) in <main>'[0m
      [36m# ------------------[0m
      [36m# --- Caused by: ---[0m
      [36m# NoMethodError:[0m
      [36m#   undefined method `opinion' for #<Book id: 1, title: "sylcx", body: "3ik18naf4vax3mz4wwdd", user_id: 1, created_at: "2025-03-22 08:05:56.685069000 +0000", updated_at: "2025-03-22 08:05:56.685069000 +0000">[0m
      [36m#   ./app/views/users/show.html.erb:21:in `block in _app_views_users_show_html_erb___970446864522886981_24080'[0m

  18) [STEP2] ユーザログイン後のテスト 投稿一覧画面のテスト サイドバーの確認 自分の名前と紹介文が表示される
      [31mFailure/Error: <td><%= book.opinion %></td>[0m
      [31m[0m
      [31mActionView::Template::Error:[0m
      [31m  undefined method `opinion' for #<Book id: 1, title: "zfntb", body: "pzml1mc5stoyztu6ysyn", user_id: 1, created_at: "2025-03-22 08:05:56.878644000 +0000", updated_at: "2025-03-22 08:05:56.878644000 +0000">[0m
      [36m# ./app/views/users/show.html.erb:21:in `block in _app_views_users_show_html_erb___970446864522886981_24080'[0m
      [36m# ./app/views/users/show.html.erb:17:in `_app_views_users_show_html_erb___970446864522886981_24080'[0m
      [36m# ./spec/system/02_after_login_spec.rb:13:in `block (2 levels) in <main>'[0m
      [36m# ------------------[0m
      [36m# --- Caused by: ---[0m
      [36m# NoMethodError:[0m
      [36m#   undefined method `opinion' for #<Book id: 1, title: "zfntb", body: "pzml1mc5stoyztu6ysyn", user_id: 1, created_at: "2025-03-22 08:05:56.878644000 +0000", updated_at: "2025-03-22 08:05:56.878644000 +0000">[0m
      [36m#   ./app/views/users/show.html.erb:21:in `block in _app_views_users_show_html_erb___970446864522886981_24080'[0m

  19) [STEP2] ユーザログイン後のテスト 投稿一覧画面のテスト サイドバーの確認 自分のユーザ編集画面へのリンクが存在する
      [31mFailure/Error: <td><%= book.opinion %></td>[0m
      [31m[0m
      [31mActionView::Template::Error:[0m
      [31m  undefined method `opinion' for #<Book id: 1, title: "8isda", body: "dll9jqxf9ph53iltivh5", user_id: 1, created_at: "2025-03-22 08:05:57.017497000 +0000", updated_at: "2025-03-22 08:05:57.017497000 +0000">[0m
      [36m# ./app/views/users/show.html.erb:21:in `block in _app_views_users_show_html_erb___970446864522886981_24080'[0m
      [36m# ./app/views/users/show.html.erb:17:in `_app_views_users_show_html_erb___970446864522886981_24080'[0m
      [36m# ./spec/system/02_after_login_spec.rb:13:in `block (2 levels) in <main>'[0m
      [36m# ------------------[0m
      [36m# --- Caused by: ---[0m
      [36m# NoMethodError:[0m
      [36m#   undefined method `opinion' for #<Book id: 1, title: "8isda", body: "dll9jqxf9ph53iltivh5", user_id: 1, created_at: "2025-03-22 08:05:57.017497000 +0000", updated_at: "2025-03-22 08:05:57.017497000 +0000">[0m
      [36m#   ./app/views/users/show.html.erb:21:in `block in _app_views_users_show_html_erb___970446864522886981_24080'[0m

  20) [STEP2] ユーザログイン後のテスト 投稿一覧画面のテスト サイドバーの確認 「New book」と表示される
      [31mFailure/Error: <td><%= book.opinion %></td>[0m
      [31m[0m
      [31mActionView::Template::Error:[0m
      [31m  undefined method `opinion' for #<Book id: 1, title: "mnfro", body: "dsjlwp9w0qj9s9dlqfba", user_id: 1, created_at: "2025-03-22 08:05:57.192335000 +0000", updated_at: "2025-03-22 08:05:57.192335000 +0000">[0m
      [36m# ./app/views/users/show.html.erb:21:in `block in _app_views_users_show_html_erb___970446864522886981_24080'[0m
      [36m# ./app/views/users/show.html.erb:17:in `_app_views_users_show_html_erb___970446864522886981_24080'[0m
      [36m# ./spec/system/02_after_login_spec.rb:13:in `block (2 levels) in <main>'[0m
      [36m# ------------------[0m
      [36m# --- Caused by: ---[0m
      [36m# NoMethodError:[0m
      [36m#   undefined method `opinion' for #<Book id: 1, title: "mnfro", body: "dsjlwp9w0qj9s9dlqfba", user_id: 1, created_at: "2025-03-22 08:05:57.192335000 +0000", updated_at: "2025-03-22 08:05:57.192335000 +0000">[0m
      [36m#   ./app/views/users/show.html.erb:21:in `block in _app_views_users_show_html_erb___970446864522886981_24080'[0m

  21) [STEP2] ユーザログイン後のテスト 投稿一覧画面のテスト サイドバーの確認 titleフォームが表示される
      [31mFailure/Error: <td><%= book.opinion %></td>[0m
      [31m[0m
      [31mActionView::Template::Error:[0m
      [31m  undefined method `opinion' for #<Book id: 1, title: "s7k9p", body: "5tsez06q104kcj76zzxa", user_id: 1, created_at: "2025-03-22 08:05:57.321694000 +0000", updated_at: "2025-03-22 08:05:57.321694000 +0000">[0m
      [36m# ./app/views/users/show.html.erb:21:in `block in _app_views_users_show_html_erb___970446864522886981_24080'[0m
      [36m# ./app/views/users/show.html.erb:17:in `_app_views_users_show_html_erb___970446864522886981_24080'[0m
      [36m# ./spec/system/02_after_login_spec.rb:13:in `block (2 levels) in <main>'[0m
      [36m# ------------------[0m
      [36m# --- Caused by: ---[0m
      [36m# NoMethodError:[0m
      [36m#   undefined method `opinion' for #<Book id: 1, title: "s7k9p", body: "5tsez06q104kcj76zzxa", user_id: 1, created_at: "2025-03-22 08:05:57.321694000 +0000", updated_at: "2025-03-22 08:05:57.321694000 +0000">[0m
      [36m#   ./app/views/users/show.html.erb:21:in `block in _app_views_users_show_html_erb___970446864522886981_24080'[0m

  22) [STEP2] ユーザログイン後のテスト 投稿一覧画面のテスト サイドバーの確認 titleフォームに値が入っていない
      [31mFailure/Error: <td><%= book.opinion %></td>[0m
      [31m[0m
      [31mActionView::Template::Error:[0m
      [31m  undefined method `opinion' for #<Book id: 1, title: "tjy3n", body: "5y7upxhilmi25gvmclre", user_id: 1, created_at: "2025-03-22 08:05:57.462480000 +0000", updated_at: "2025-03-22 08:05:57.462480000 +0000">[0m
      [36m# ./app/views/users/show.html.erb:21:in `block in _app_views_users_show_html_erb___970446864522886981_24080'[0m
      [36m# ./app/views/users/show.html.erb:17:in `_app_views_users_show_html_erb___970446864522886981_24080'[0m
      [36m# ./spec/system/02_after_login_spec.rb:13:in `block (2 levels) in <main>'[0m
      [36m# ------------------[0m
      [36m# --- Caused by: ---[0m
      [36m# NoMethodError:[0m
      [36m#   undefined method `opinion' for #<Book id: 1, title: "tjy3n", body: "5y7upxhilmi25gvmclre", user_id: 1, created_at: "2025-03-22 08:05:57.462480000 +0000", updated_at: "2025-03-22 08:05:57.462480000 +0000">[0m
      [36m#   ./app/views/users/show.html.erb:21:in `block in _app_views_users_show_html_erb___970446864522886981_24080'[0m

  23) [STEP2] ユーザログイン後のテスト 投稿一覧画面のテスト サイドバーの確認 bodyフォームが表示される
      [31mFailure/Error: <td><%= book.opinion %></td>[0m
      [31m[0m
      [31mActionView::Template::Error:[0m
      [31m  undefined method `opinion' for #<Book id: 1, title: "m7yb8", body: "6d6ekejgrutiqnsm08ta", user_id: 1, created_at: "2025-03-22 08:05:57.604588000 +0000", updated_at: "2025-03-22 08:05:57.604588000 +0000">[0m
      [36m# ./app/views/users/show.html.erb:21:in `block in _app_views_users_show_html_erb___970446864522886981_24080'[0m
      [36m# ./app/views/users/show.html.erb:17:in `_app_views_users_show_html_erb___970446864522886981_24080'[0m
      [36m# ./spec/system/02_after_login_spec.rb:13:in `block (2 levels) in <main>'[0m
      [36m# ------------------[0m
      [36m# --- Caused by: ---[0m
      [36m# NoMethodError:[0m
      [36m#   undefined method `opinion' for #<Book id: 1, title: "m7yb8", body: "6d6ekejgrutiqnsm08ta", user_id: 1, created_at: "2025-03-22 08:05:57.604588000 +0000", updated_at: "2025-03-22 08:05:57.604588000 +0000">[0m
      [36m#   ./app/views/users/show.html.erb:21:in `block in _app_views_users_show_html_erb___970446864522886981_24080'[0m

  24) [STEP2] ユーザログイン後のテスト 投稿一覧画面のテスト サイドバーの確認 bodyフォームに値が入っていない
      [31mFailure/Error: <td><%= book.opinion %></td>[0m
      [31m[0m
      [31mActionView::Template::Error:[0m
      [31m  undefined method `opinion' for #<Book id: 1, title: "lqb7j", body: "kvs3c070g19yahw1ituz", user_id: 1, created_at: "2025-03-22 08:05:57.733010000 +0000", updated_at: "2025-03-22 08:05:57.733010000 +0000">[0m
      [36m# ./app/views/users/show.html.erb:21:in `block in _app_views_users_show_html_erb___970446864522886981_24080'[0m
      [36m# ./app/views/users/show.html.erb:17:in `_app_views_users_show_html_erb___970446864522886981_24080'[0m
      [36m# ./spec/system/02_after_login_spec.rb:13:in `block (2 levels) in <main>'[0m
      [36m# ------------------[0m
      [36m# --- Caused by: ---[0m
      [36m# NoMethodError:[0m
      [36m#   undefined method `opinion' for #<Book id: 1, title: "lqb7j", body: "kvs3c070g19yahw1ituz", user_id: 1, created_at: "2025-03-22 08:05:57.733010000 +0000", updated_at: "2025-03-22 08:05:57.733010000 +0000">[0m
      [36m#   ./app/views/users/show.html.erb:21:in `block in _app_views_users_show_html_erb___970446864522886981_24080'[0m

  25) [STEP2] ユーザログイン後のテスト 投稿一覧画面のテスト サイドバーの確認 Create Bookボタンが表示される
      [31mFailure/Error: <td><%= book.opinion %></td>[0m
      [31m[0m
      [31mActionView::Template::Error:[0m
      [31m  undefined method `opinion' for #<Book id: 1, title: "g5fbr", body: "l1z017qr44x3ddg00v0b", user_id: 1, created_at: "2025-03-22 08:05:57.856524000 +0000", updated_at: "2025-03-22 08:05:57.856524000 +0000">[0m
      [36m# ./app/views/users/show.html.erb:21:in `block in _app_views_users_show_html_erb___970446864522886981_24080'[0m
      [36m# ./app/views/users/show.html.erb:17:in `_app_views_users_show_html_erb___970446864522886981_24080'[0m
      [36m# ./spec/system/02_after_login_spec.rb:13:in `block (2 levels) in <main>'[0m
      [36m# ------------------[0m
      [36m# --- Caused by: ---[0m
      [36m# NoMethodError:[0m
      [36m#   undefined method `opinion' for #<Book id: 1, title: "g5fbr", body: "l1z017qr44x3ddg00v0b", user_id: 1, created_at: "2025-03-22 08:05:57.856524000 +0000", updated_at: "2025-03-22 08:05:57.856524000 +0000">[0m
      [36m#   ./app/views/users/show.html.erb:21:in `block in _app_views_users_show_html_erb___970446864522886981_24080'[0m

  26) [STEP2] ユーザログイン後のテスト 投稿一覧画面のテスト 投稿成功のテスト 自分の新しい投稿が正しく保存される
      [31mFailure/Error: <td><%= book.opinion %></td>[0m
      [31m[0m
      [31mActionView::Template::Error:[0m
      [31m  undefined method `opinion' for #<Book id: 1, title: "ghy6k", body: "gb4g95vzz6manj98wix4", user_id: 1, created_at: "2025-03-22 08:05:57.992465000 +0000", updated_at: "2025-03-22 08:05:57.992465000 +0000">[0m
      [36m# ./app/views/users/show.html.erb:21:in `block in _app_views_users_show_html_erb___970446864522886981_24080'[0m
      [36m# ./app/views/users/show.html.erb:17:in `_app_views_users_show_html_erb___970446864522886981_24080'[0m
      [36m# ./spec/system/02_after_login_spec.rb:13:in `block (2 levels) in <main>'[0m
      [36m# ------------------[0m
      [36m# --- Caused by: ---[0m
      [36m# NoMethodError:[0m
      [36m#   undefined method `opinion' for #<Book id: 1, title: "ghy6k", body: "gb4g95vzz6manj98wix4", user_id: 1, created_at: "2025-03-22 08:05:57.992465000 +0000", updated_at: "2025-03-22 08:05:57.992465000 +0000">[0m
      [36m#   ./app/views/users/show.html.erb:21:in `block in _app_views_users_show_html_erb___970446864522886981_24080'[0m

  27) [STEP2] ユーザログイン後のテスト 投稿一覧画面のテスト 投稿成功のテスト リダイレクト先が、保存できた投稿の詳細画面になっている
      [31mFailure/Error: <td><%= book.opinion %></td>[0m
      [31m[0m
      [31mActionView::Template::Error:[0m
      [31m  undefined method `opinion' for #<Book id: 1, title: "yj2nz", body: "6dsmyj7v8zzviaecp4rl", user_id: 1, created_at: "2025-03-22 08:05:58.118662000 +0000", updated_at: "2025-03-22 08:05:58.118662000 +0000">[0m
      [36m# ./app/views/users/show.html.erb:21:in `block in _app_views_users_show_html_erb___970446864522886981_24080'[0m
      [36m# ./app/views/users/show.html.erb:17:in `_app_views_users_show_html_erb___970446864522886981_24080'[0m
      [36m# ./spec/system/02_after_login_spec.rb:13:in `block (2 levels) in <main>'[0m
      [36m# ------------------[0m
      [36m# --- Caused by: ---[0m
      [36m# NoMethodError:[0m
      [36m#   undefined method `opinion' for #<Book id: 1, title: "yj2nz", body: "6dsmyj7v8zzviaecp4rl", user_id: 1, created_at: "2025-03-22 08:05:58.118662000 +0000", updated_at: "2025-03-22 08:05:58.118662000 +0000">[0m
      [36m#   ./app/views/users/show.html.erb:21:in `block in _app_views_users_show_html_erb___970446864522886981_24080'[0m

  28) [STEP2] ユーザログイン後のテスト 自分の投稿詳細画面のテスト 表示内容の確認 URLが正しい
      [31mFailure/Error: <td><%= book.opinion %></td>[0m
      [31m[0m
      [31mActionView::Template::Error:[0m
      [31m  undefined method `opinion' for #<Book id: 1, title: "2x67u", body: "mrdk83l11pxz9nwtd5r8", user_id: 1, created_at: "2025-03-22 08:05:58.254247000 +0000", updated_at: "2025-03-22 08:05:58.254247000 +0000">[0m
      [36m# ./app/views/users/show.html.erb:21:in `block in _app_views_users_show_html_erb___970446864522886981_24080'[0m
      [36m# ./app/views/users/show.html.erb:17:in `_app_views_users_show_html_erb___970446864522886981_24080'[0m
      [36m# ./spec/system/02_after_login_spec.rb:13:in `block (2 levels) in <main>'[0m
      [36m# ------------------[0m
      [36m# --- Caused by: ---[0m
      [36m# NoMethodError:[0m
      [36m#   undefined method `opinion' for #<Book id: 1, title: "2x67u", body: "mrdk83l11pxz9nwtd5r8", user_id: 1, created_at: "2025-03-22 08:05:58.254247000 +0000", updated_at: "2025-03-22 08:05:58.254247000 +0000">[0m
      [36m#   ./app/views/users/show.html.erb:21:in `block in _app_views_users_show_html_erb___970446864522886981_24080'[0m

  29) [STEP2] ユーザログイン後のテスト 自分の投稿詳細画面のテスト 表示内容の確認 「Book detail」と表示される
      [31mFailure/Error: <td><%= book.opinion %></td>[0m
      [31m[0m
      [31mActionView::Template::Error:[0m
      [31m  undefined method `opinion' for #<Book id: 1, title: "kcksj", body: "o5hg0i6wt5veli4cigz0", user_id: 1, created_at: "2025-03-22 08:05:58.399915000 +0000", updated_at: "2025-03-22 08:05:58.399915000 +0000">[0m
      [36m# ./app/views/users/show.html.erb:21:in `block in _app_views_users_show_html_erb___970446864522886981_24080'[0m
      [36m# ./app/views/users/show.html.erb:17:in `_app_views_users_show_html_erb___970446864522886981_24080'[0m
      [36m# ./spec/system/02_after_login_spec.rb:13:in `block (2 levels) in <main>'[0m
      [36m# ------------------[0m
      [36m# --- Caused by: ---[0m
      [36m# NoMethodError:[0m
      [36m#   undefined method `opinion' for #<Book id: 1, title: "kcksj", body: "o5hg0i6wt5veli4cigz0", user_id: 1, created_at: "2025-03-22 08:05:58.399915000 +0000", updated_at: "2025-03-22 08:05:58.399915000 +0000">[0m
      [36m#   ./app/views/users/show.html.erb:21:in `block in _app_views_users_show_html_erb___970446864522886981_24080'[0m

  30) [STEP2] ユーザログイン後のテスト 自分の投稿詳細画面のテスト 表示内容の確認 ユーザ画像・名前のリンク先が正しい
      [31mFailure/Error: <td><%= book.opinion %></td>[0m
      [31m[0m
      [31mActionView::Template::Error:[0m
      [31m  undefined method `opinion' for #<Book id: 1, title: "dpvmn", body: "lqavw0c4jkd7u8n9fer0", user_id: 1, created_at: "2025-03-22 08:05:58.514038000 +0000", updated_at: "2025-03-22 08:05:58.514038000 +0000">[0m
      [36m# ./app/views/users/show.html.erb:21:in `block in _app_views_users_show_html_erb___970446864522886981_24080'[0m
      [36m# ./app/views/users/show.html.erb:17:in `_app_views_users_show_html_erb___970446864522886981_24080'[0m
      [36m# ./spec/system/02_after_login_spec.rb:13:in `block (2 levels) in <main>'[0m
      [36m# ------------------[0m
      [36m# --- Caused by: ---[0m
      [36m# NoMethodError:[0m
      [36m#   undefined method `opinion' for #<Book id: 1, title: "dpvmn", body: "lqavw0c4jkd7u8n9fer0", user_id: 1, created_at: "2025-03-22 08:05:58.514038000 +0000", updated_at: "2025-03-22 08:05:58.514038000 +0000">[0m
      [36m#   ./app/views/users/show.html.erb:21:in `block in _app_views_users_show_html_erb___970446864522886981_24080'[0m

  31) [STEP2] ユーザログイン後のテスト 自分の投稿詳細画面のテスト 表示内容の確認 投稿のtitleが表示される
      [31mFailure/Error: <td><%= book.opinion %></td>[0m
      [31m[0m
      [31mActionView::Template::Error:[0m
      [31m  undefined method `opinion' for #<Book id: 1, title: "f8hlg", body: "jd9rh4lth44p9wog3e7n", user_id: 1, created_at: "2025-03-22 08:05:58.647846000 +0000", updated_at: "2025-03-22 08:05:58.647846000 +0000">[0m
      [36m# ./app/views/users/show.html.erb:21:in `block in _app_views_users_show_html_erb___970446864522886981_24080'[0m
      [36m# ./app/views/users/show.html.erb:17:in `_app_views_users_show_html_erb___970446864522886981_24080'[0m
      [36m# ./spec/system/02_after_login_spec.rb:13:in `block (2 levels) in <main>'[0m
      [36m# ------------------[0m
      [36m# --- Caused by: ---[0m
      [36m# NoMethodError:[0m
      [36m#   undefined method `opinion' for #<Book id: 1, title: "f8hlg", body: "jd9rh4lth44p9wog3e7n", user_id: 1, created_at: "2025-03-22 08:05:58.647846000 +0000", updated_at: "2025-03-22 08:05:58.647846000 +0000">[0m
      [36m#   ./app/views/users/show.html.erb:21:in `block in _app_views_users_show_html_erb___970446864522886981_24080'[0m

  32) [STEP2] ユーザログイン後のテスト 自分の投稿詳細画面のテスト 表示内容の確認 投稿のbodyが表示される
      [31mFailure/Error: <td><%= book.opinion %></td>[0m
      [31m[0m
      [31mActionView::Template::Error:[0m
      [31m  undefined method `opinion' for #<Book id: 1, title: "t7yz4", body: "hws845ujxncc8zs1br4g", user_id: 1, created_at: "2025-03-22 08:05:58.786882000 +0000", updated_at: "2025-03-22 08:05:58.786882000 +0000">[0m
      [36m# ./app/views/users/show.html.erb:21:in `block in _app_views_users_show_html_erb___970446864522886981_24080'[0m
      [36m# ./app/views/users/show.html.erb:17:in `_app_views_users_show_html_erb___970446864522886981_24080'[0m
      [36m# ./spec/system/02_after_login_spec.rb:13:in `block (2 levels) in <main>'[0m
      [36m# ------------------[0m
      [36m# --- Caused by: ---[0m
      [36m# NoMethodError:[0m
      [36m#   undefined method `opinion' for #<Book id: 1, title: "t7yz4", body: "hws845ujxncc8zs1br4g", user_id: 1, created_at: "2025-03-22 08:05:58.786882000 +0000", updated_at: "2025-03-22 08:05:58.786882000 +0000">[0m
      [36m#   ./app/views/users/show.html.erb:21:in `block in _app_views_users_show_html_erb___970446864522886981_24080'[0m

  33) [STEP2] ユーザログイン後のテスト 自分の投稿詳細画面のテスト 表示内容の確認 投稿の編集リンクが表示される
      [31mFailure/Error: <td><%= book.opinion %></td>[0m
      [31m[0m
      [31mActionView::Template::Error:[0m
      [31m  undefined method `opinion' for #<Book id: 1, title: "9yxpj", body: "l1syp5i5o8irpdffw7w8", user_id: 1, created_at: "2025-03-22 08:05:58.918935000 +0000", updated_at: "2025-03-22 08:05:58.918935000 +0000">[0m
      [36m# ./app/views/users/show.html.erb:21:in `block in _app_views_users_show_html_erb___970446864522886981_24080'[0m
      [36m# ./app/views/users/show.html.erb:17:in `_app_views_users_show_html_erb___970446864522886981_24080'[0m
      [36m# ./spec/system/02_after_login_spec.rb:13:in `block (2 levels) in <main>'[0m
      [36m# ------------------[0m
      [36m# --- Caused by: ---[0m
      [36m# NoMethodError:[0m
      [36m#   undefined method `opinion' for #<Book id: 1, title: "9yxpj", body: "l1syp5i5o8irpdffw7w8", user_id: 1, created_at: "2025-03-22 08:05:58.918935000 +0000", updated_at: "2025-03-22 08:05:58.918935000 +0000">[0m
      [36m#   ./app/views/users/show.html.erb:21:in `block in _app_views_users_show_html_erb___970446864522886981_24080'[0m

  34) [STEP2] ユーザログイン後のテスト 自分の投稿詳細画面のテスト 表示内容の確認 投稿の削除リンクが表示される
      [31mFailure/Error: <td><%= book.opinion %></td>[0m
      [31m[0m
      [31mActionView::Template::Error:[0m
      [31m  undefined method `opinion' for #<Book id: 1, title: "yl8bs", body: "lwdlnjrkcrligeps3qlg", user_id: 1, created_at: "2025-03-22 08:05:59.039313000 +0000", updated_at: "2025-03-22 08:05:59.039313000 +0000">[0m
      [36m# ./app/views/users/show.html.erb:21:in `block in _app_views_users_show_html_erb___970446864522886981_24080'[0m
      [36m# ./app/views/users/show.html.erb:17:in `_app_views_users_show_html_erb___970446864522886981_24080'[0m
      [36m# ./spec/system/02_after_login_spec.rb:13:in `block (2 levels) in <main>'[0m
      [36m# ------------------[0m
      [36m# --- Caused by: ---[0m
      [36m# NoMethodError:[0m
      [36m#   undefined method `opinion' for #<Book id: 1, title: "yl8bs", body: "lwdlnjrkcrligeps3qlg", user_id: 1, created_at: "2025-03-22 08:05:59.039313000 +0000", updated_at: "2025-03-22 08:05:59.039313000 +0000">[0m
      [36m#   ./app/views/users/show.html.erb:21:in `block in _app_views_users_show_html_erb___970446864522886981_24080'[0m

  35) [STEP2] ユーザログイン後のテスト 自分の投稿詳細画面のテスト サイドバーの確認 自分の名前と紹介文が表示される
      [31mFailure/Error: <td><%= book.opinion %></td>[0m
      [31m[0m
      [31mActionView::Template::Error:[0m
      [31m  undefined method `opinion' for #<Book id: 1, title: "6j5ul", body: "r515cwiat90wd6ejkp71", user_id: 1, created_at: "2025-03-22 08:05:59.195167000 +0000", updated_at: "2025-03-22 08:05:59.195167000 +0000">[0m
      [36m# ./app/views/users/show.html.erb:21:in `block in _app_views_users_show_html_erb___970446864522886981_24080'[0m
      [36m# ./app/views/users/show.html.erb:17:in `_app_views_users_show_html_erb___970446864522886981_24080'[0m
      [36m# ./spec/system/02_after_login_spec.rb:13:in `block (2 levels) in <main>'[0m
      [36m# ------------------[0m
      [36m# --- Caused by: ---[0m
      [36m# NoMethodError:[0m
      [36m#   undefined method `opinion' for #<Book id: 1, title: "6j5ul", body: "r515cwiat90wd6ejkp71", user_id: 1, created_at: "2025-03-22 08:05:59.195167000 +0000", updated_at: "2025-03-22 08:05:59.195167000 +0000">[0m
      [36m#   ./app/views/users/show.html.erb:21:in `block in _app_views_users_show_html_erb___970446864522886981_24080'[0m

  36) [STEP2] ユーザログイン後のテスト 自分の投稿詳細画面のテスト サイドバーの確認 自分のユーザ編集画面へのリンクが存在する
      [31mFailure/Error: <td><%= book.opinion %></td>[0m
      [31m[0m
      [31mActionView::Template::Error:[0m
      [31m  undefined method `opinion' for #<Book id: 1, title: "9qt0c", body: "3ie7ykbqnwfd6qf0hz0n", user_id: 1, created_at: "2025-03-22 08:05:59.416017000 +0000", updated_at: "2025-03-22 08:05:59.416017000 +0000">[0m
      [36m# ./app/views/users/show.html.erb:21:in `block in _app_views_users_show_html_erb___970446864522886981_24080'[0m
      [36m# ./app/views/users/show.html.erb:17:in `_app_views_users_show_html_erb___970446864522886981_24080'[0m
      [36m# ./spec/system/02_after_login_spec.rb:13:in `block (2 levels) in <main>'[0m
      [36m# ------------------[0m
      [36m# --- Caused by: ---[0m
      [36m# NoMethodError:[0m
      [36m#   undefined method `opinion' for #<Book id: 1, title: "9qt0c", body: "3ie7ykbqnwfd6qf0hz0n", user_id: 1, created_at: "2025-03-22 08:05:59.416017000 +0000", updated_at: "2025-03-22 08:05:59.416017000 +0000">[0m
      [36m#   ./app/views/users/show.html.erb:21:in `block in _app_views_users_show_html_erb___970446864522886981_24080'[0m

  37) [STEP2] ユーザログイン後のテスト 自分の投稿詳細画面のテスト サイドバーの確認 「New book」と表示される
      [31mFailure/Error: <td><%= book.opinion %></td>[0m
      [31m[0m
      [31mActionView::Template::Error:[0m
      [31m  undefined method `opinion' for #<Book id: 1, title: "22up3", body: "i09y2klqwe3lgvhndbw7", user_id: 1, created_at: "2025-03-22 08:05:59.555987000 +0000", updated_at: "2025-03-22 08:05:59.555987000 +0000">[0m
      [36m# ./app/views/users/show.html.erb:21:in `block in _app_views_users_show_html_erb___970446864522886981_24080'[0m
      [36m# ./app/views/users/show.html.erb:17:in `_app_views_users_show_html_erb___970446864522886981_24080'[0m
      [36m# ./spec/system/02_after_login_spec.rb:13:in `block (2 levels) in <main>'[0m
      [36m# ------------------[0m
      [36m# --- Caused by: ---[0m
      [36m# NoMethodError:[0m
      [36m#   undefined method `opinion' for #<Book id: 1, title: "22up3", body: "i09y2klqwe3lgvhndbw7", user_id: 1, created_at: "2025-03-22 08:05:59.555987000 +0000", updated_at: "2025-03-22 08:05:59.555987000 +0000">[0m
      [36m#   ./app/views/users/show.html.erb:21:in `block in _app_views_users_show_html_erb___970446864522886981_24080'[0m

  38) [STEP2] ユーザログイン後のテスト 自分の投稿詳細画面のテスト サイドバーの確認 titleフォームが表示される
      [31mFailure/Error: <td><%= book.opinion %></td>[0m
      [31m[0m
      [31mActionView::Template::Error:[0m
      [31m  undefined method `opinion' for #<Book id: 1, title: "l81gu", body: "78yxa5o454von4ru6wul", user_id: 1, created_at: "2025-03-22 08:05:59.673610000 +0000", updated_at: "2025-03-22 08:05:59.673610000 +0000">[0m
      [36m# ./app/views/users/show.html.erb:21:in `block in _app_views_users_show_html_erb___970446864522886981_24080'[0m
      [36m# ./app/views/users/show.html.erb:17:in `_app_views_users_show_html_erb___970446864522886981_24080'[0m
      [36m# ./spec/system/02_after_login_spec.rb:13:in `block (2 levels) in <main>'[0m
      [36m# ------------------[0m
      [36m# --- Caused by: ---[0m
      [36m# NoMethodError:[0m
      [36m#   undefined method `opinion' for #<Book id: 1, title: "l81gu", body: "78yxa5o454von4ru6wul", user_id: 1, created_at: "2025-03-22 08:05:59.673610000 +0000", updated_at: "2025-03-22 08:05:59.673610000 +0000">[0m
      [36m#   ./app/views/users/show.html.erb:21:in `block in _app_views_users_show_html_erb___970446864522886981_24080'[0m

  39) [STEP2] ユーザログイン後のテスト 自分の投稿詳細画面のテスト サイドバーの確認 titleフォームに値が入っていない
      [31mFailure/Error: <td><%= book.opinion %></td>[0m
      [31m[0m
      [31mActionView::Template::Error:[0m
      [31m  undefined method `opinion' for #<Book id: 1, title: "bjvl6", body: "645v561eoe4761gv6a9s", user_id: 1, created_at: "2025-03-22 08:05:59.810122000 +0000", updated_at: "2025-03-22 08:05:59.810122000 +0000">[0m
      [36m# ./app/views/users/show.html.erb:21:in `block in _app_views_users_show_html_erb___970446864522886981_24080'[0m
      [36m# ./app/views/users/show.html.erb:17:in `_app_views_users_show_html_erb___970446864522886981_24080'[0m
      [36m# ./spec/system/02_after_login_spec.rb:13:in `block (2 levels) in <main>'[0m
      [36m# ------------------[0m
      [36m# --- Caused by: ---[0m
      [36m# NoMethodError:[0m
      [36m#   undefined method `opinion' for #<Book id: 1, title: "bjvl6", body: "645v561eoe4761gv6a9s", user_id: 1, created_at: "2025-03-22 08:05:59.810122000 +0000", updated_at: "2025-03-22 08:05:59.810122000 +0000">[0m
      [36m#   ./app/views/users/show.html.erb:21:in `block in _app_views_users_show_html_erb___970446864522886981_24080'[0m

  40) [STEP2] ユーザログイン後のテスト 自分の投稿詳細画面のテスト サイドバーの確認 bodyフォームが表示される
      [31mFailure/Error: <td><%= book.opinion %></td>[0m
      [31m[0m
      [31mActionView::Template::Error:[0m
      [31m  undefined method `opinion' for #<Book id: 1, title: "5jm13", body: "9ge737ni9p5h3bzh5m4m", user_id: 1, created_at: "2025-03-22 08:05:59.935988000 +0000", updated_at: "2025-03-22 08:05:59.935988000 +0000">[0m
      [36m# ./app/views/users/show.html.erb:21:in `block in _app_views_users_show_html_erb___970446864522886981_24080'[0m
      [36m# ./app/views/users/show.html.erb:17:in `_app_views_users_show_html_erb___970446864522886981_24080'[0m
      [36m# ./spec/system/02_after_login_spec.rb:13:in `block (2 levels) in <main>'[0m
      [36m# ------------------[0m
      [36m# --- Caused by: ---[0m
      [36m# NoMethodError:[0m
      [36m#   undefined method `opinion' for #<Book id: 1, title: "5jm13", body: "9ge737ni9p5h3bzh5m4m", user_id: 1, created_at: "2025-03-22 08:05:59.935988000 +0000", updated_at: "2025-03-22 08:05:59.935988000 +0000">[0m
      [36m#   ./app/views/users/show.html.erb:21:in `block in _app_views_users_show_html_erb___970446864522886981_24080'[0m

  41) [STEP2] ユーザログイン後のテスト 自分の投稿詳細画面のテスト サイドバーの確認 bodyフォームに値が入っていない
      [31mFailure/Error: <td><%= book.opinion %></td>[0m
      [31m[0m
      [31mActionView::Template::Error:[0m
      [31m  undefined method `opinion' for #<Book id: 1, title: "fs4xz", body: "1gg3oxgxe7g6ejppvofn", user_id: 1, created_at: "2025-03-22 08:06:00.068281000 +0000", updated_at: "2025-03-22 08:06:00.068281000 +0000">[0m
      [36m# ./app/views/users/show.html.erb:21:in `block in _app_views_users_show_html_erb___970446864522886981_24080'[0m
      [36m# ./app/views/users/show.html.erb:17:in `_app_views_users_show_html_erb___970446864522886981_24080'[0m
      [36m# ./spec/system/02_after_login_spec.rb:13:in `block (2 levels) in <main>'[0m
      [36m# ------------------[0m
      [36m# --- Caused by: ---[0m
      [36m# NoMethodError:[0m
      [36m#   undefined method `opinion' for #<Book id: 1, title: "fs4xz", body: "1gg3oxgxe7g6ejppvofn", user_id: 1, created_at: "2025-03-22 08:06:00.068281000 +0000", updated_at: "2025-03-22 08:06:00.068281000 +0000">[0m
      [36m#   ./app/views/users/show.html.erb:21:in `block in _app_views_users_show_html_erb___970446864522886981_24080'[0m

  42) [STEP2] ユーザログイン後のテスト 自分の投稿詳細画面のテスト サイドバーの確認 Create Bookボタンが表示される
      [31mFailure/Error: <td><%= book.opinion %></td>[0m
      [31m[0m
      [31mActionView::Template::Error:[0m
      [31m  undefined method `opinion' for #<Book id: 1, title: "wpv9b", body: "1ifvhv2mmkfymc5liz97", user_id: 1, created_at: "2025-03-22 08:06:00.206306000 +0000", updated_at: "2025-03-22 08:06:00.206306000 +0000">[0m
      [36m# ./app/views/users/show.html.erb:21:in `block in _app_views_users_show_html_erb___970446864522886981_24080'[0m
      [36m# ./app/views/users/show.html.erb:17:in `_app_views_users_show_html_erb___970446864522886981_24080'[0m
      [36m# ./spec/system/02_after_login_spec.rb:13:in `block (2 levels) in <main>'[0m
      [36m# ------------------[0m
      [36m# --- Caused by: ---[0m
      [36m# NoMethodError:[0m
      [36m#   undefined method `opinion' for #<Book id: 1, title: "wpv9b", body: "1ifvhv2mmkfymc5liz97", user_id: 1, created_at: "2025-03-22 08:06:00.206306000 +0000", updated_at: "2025-03-22 08:06:00.206306000 +0000">[0m
      [36m#   ./app/views/users/show.html.erb:21:in `block in _app_views_users_show_html_erb___970446864522886981_24080'[0m

  43) [STEP2] ユーザログイン後のテスト 自分の投稿詳細画面のテスト 投稿成功のテスト 自分の新しい投稿が正しく保存される
      [31mFailure/Error: <td><%= book.opinion %></td>[0m
      [31m[0m
      [31mActionView::Template::Error:[0m
      [31m  undefined method `opinion' for #<Book id: 1, title: "e2sm1", body: "fgx00pjvgbkcz9x20aiq", user_id: 1, created_at: "2025-03-22 08:06:00.341432000 +0000", updated_at: "2025-03-22 08:06:00.341432000 +0000">[0m
      [36m# ./app/views/users/show.html.erb:21:in `block in _app_views_users_show_html_erb___970446864522886981_24080'[0m
      [36m# ./app/views/users/show.html.erb:17:in `_app_views_users_show_html_erb___970446864522886981_24080'[0m
      [36m# ./spec/system/02_after_login_spec.rb:13:in `block (2 levels) in <main>'[0m
      [36m# ------------------[0m
      [36m# --- Caused by: ---[0m
      [36m# NoMethodError:[0m
      [36m#   undefined method `opinion' for #<Book id: 1, title: "e2sm1", body: "fgx00pjvgbkcz9x20aiq", user_id: 1, created_at: "2025-03-22 08:06:00.341432000 +0000", updated_at: "2025-03-22 08:06:00.341432000 +0000">[0m
      [36m#   ./app/views/users/show.html.erb:21:in `block in _app_views_users_show_html_erb___970446864522886981_24080'[0m

  44) [STEP2] ユーザログイン後のテスト 自分の投稿詳細画面のテスト 編集リンクのテスト 編集画面に遷移する
      [31mFailure/Error: <td><%= book.opinion %></td>[0m
      [31m[0m
      [31mActionView::Template::Error:[0m
      [31m  undefined method `opinion' for #<Book id: 1, title: "sb9kt", body: "m8kk524dcb3n5qnebzgh", user_id: 1, created_at: "2025-03-22 08:06:00.468621000 +0000", updated_at: "2025-03-22 08:06:00.468621000 +0000">[0m
      [36m# ./app/views/users/show.html.erb:21:in `block in _app_views_users_show_html_erb___970446864522886981_24080'[0m
      [36m# ./app/views/users/show.html.erb:17:in `_app_views_users_show_html_erb___970446864522886981_24080'[0m
      [36m# ./spec/system/02_after_login_spec.rb:13:in `block (2 levels) in <main>'[0m
      [36m# ------------------[0m
      [36m# --- Caused by: ---[0m
      [36m# NoMethodError:[0m
      [36m#   undefined method `opinion' for #<Book id: 1, title: "sb9kt", body: "m8kk524dcb3n5qnebzgh", user_id: 1, created_at: "2025-03-22 08:06:00.468621000 +0000", updated_at: "2025-03-22 08:06:00.468621000 +0000">[0m
      [36m#   ./app/views/users/show.html.erb:21:in `block in _app_views_users_show_html_erb___970446864522886981_24080'[0m

  45) [STEP2] ユーザログイン後のテスト 自分の投稿詳細画面のテスト 削除リンクのテスト application.html.erbにjavascript_pack_tagを含んでいる
      [31mFailure/Error: <td><%= book.opinion %></td>[0m
      [31m[0m
      [31mActionView::Template::Error:[0m
      [31m  undefined method `opinion' for #<Book id: 1, title: "29gvr", body: "kl1ay9n0tspa0c68t1na", user_id: 1, created_at: "2025-03-22 08:06:00.595861000 +0000", updated_at: "2025-03-22 08:06:00.595861000 +0000">[0m
      [36m# ./app/views/users/show.html.erb:21:in `block in _app_views_users_show_html_erb___970446864522886981_24080'[0m
      [36m# ./app/views/users/show.html.erb:17:in `_app_views_users_show_html_erb___970446864522886981_24080'[0m
      [36m# ./spec/system/02_after_login_spec.rb:13:in `block (2 levels) in <main>'[0m
      [36m# ------------------[0m
      [36m# --- Caused by: ---[0m
      [36m# NoMethodError:[0m
      [36m#   undefined method `opinion' for #<Book id: 1, title: "29gvr", body: "kl1ay9n0tspa0c68t1na", user_id: 1, created_at: "2025-03-22 08:06:00.595861000 +0000", updated_at: "2025-03-22 08:06:00.595861000 +0000">[0m
      [36m#   ./app/views/users/show.html.erb:21:in `block in _app_views_users_show_html_erb___970446864522886981_24080'[0m

  46) [STEP2] ユーザログイン後のテスト 自分の投稿詳細画面のテスト 削除リンクのテスト 正しく削除される
      [31mFailure/Error: <td><%= book.opinion %></td>[0m
      [31m[0m
      [31mActionView::Template::Error:[0m
      [31m  undefined method `opinion' for #<Book id: 1, title: "u4tnq", body: "ks0txk83120nhek4rj7q", user_id: 1, created_at: "2025-03-22 08:06:00.729697000 +0000", updated_at: "2025-03-22 08:06:00.729697000 +0000">[0m
      [36m# ./app/views/users/show.html.erb:21:in `block in _app_views_users_show_html_erb___970446864522886981_24080'[0m
      [36m# ./app/views/users/show.html.erb:17:in `_app_views_users_show_html_erb___970446864522886981_24080'[0m
      [36m# ./spec/system/02_after_login_spec.rb:13:in `block (2 levels) in <main>'[0m
      [36m# ------------------[0m
      [36m# --- Caused by: ---[0m
      [36m# NoMethodError:[0m
      [36m#   undefined method `opinion' for #<Book id: 1, title: "u4tnq", body: "ks0txk83120nhek4rj7q", user_id: 1, created_at: "2025-03-22 08:06:00.729697000 +0000", updated_at: "2025-03-22 08:06:00.729697000 +0000">[0m
      [36m#   ./app/views/users/show.html.erb:21:in `block in _app_views_users_show_html_erb___970446864522886981_24080'[0m

  47) [STEP2] ユーザログイン後のテスト 自分の投稿詳細画面のテスト 削除リンクのテスト リダイレクト先が、投稿一覧画面になっている
      [31mFailure/Error: <td><%= book.opinion %></td>[0m
      [31m[0m
      [31mActionView::Template::Error:[0m
      [31m  undefined method `opinion' for #<Book id: 1, title: "oqzwf", body: "vievv31lo03ghdrqmwvi", user_id: 1, created_at: "2025-03-22 08:06:00.847688000 +0000", updated_at: "2025-03-22 08:06:00.847688000 +0000">[0m
      [36m# ./app/views/users/show.html.erb:21:in `block in _app_views_users_show_html_erb___970446864522886981_24080'[0m
      [36m# ./app/views/users/show.html.erb:17:in `_app_views_users_show_html_erb___970446864522886981_24080'[0m
      [36m# ./spec/system/02_after_login_spec.rb:13:in `block (2 levels) in <main>'[0m
      [36m# ------------------[0m
      [36m# --- Caused by: ---[0m
      [36m# NoMethodError:[0m
      [36m#   undefined method `opinion' for #<Book id: 1, title: "oqzwf", body: "vievv31lo03ghdrqmwvi", user_id: 1, created_at: "2025-03-22 08:06:00.847688000 +0000", updated_at: "2025-03-22 08:06:00.847688000 +0000">[0m
      [36m#   ./app/views/users/show.html.erb:21:in `block in _app_views_users_show_html_erb___970446864522886981_24080'[0m

  48) [STEP2] ユーザログイン後のテスト 自分の投稿編集画面のテスト 表示の確認 URLが正しい
      [31mFailure/Error: <td><%= book.opinion %></td>[0m
      [31m[0m
      [31mActionView::Template::Error:[0m
      [31m  undefined method `opinion' for #<Book id: 1, title: "og47j", body: "anw1rpph53wdzjoechzb", user_id: 1, created_at: "2025-03-22 08:06:00.985591000 +0000", updated_at: "2025-03-22 08:06:00.985591000 +0000">[0m
      [36m# ./app/views/users/show.html.erb:21:in `block in _app_views_users_show_html_erb___970446864522886981_24080'[0m
      [36m# ./app/views/users/show.html.erb:17:in `_app_views_users_show_html_erb___970446864522886981_24080'[0m
      [36m# ./spec/system/02_after_login_spec.rb:13:in `block (2 levels) in <main>'[0m
      [36m# ------------------[0m
      [36m# --- Caused by: ---[0m
      [36m# NoMethodError:[0m
      [36m#   undefined method `opinion' for #<Book id: 1, title: "og47j", body: "anw1rpph53wdzjoechzb", user_id: 1, created_at: "2025-03-22 08:06:00.985591000 +0000", updated_at: "2025-03-22 08:06:00.985591000 +0000">[0m
      [36m#   ./app/views/users/show.html.erb:21:in `block in _app_views_users_show_html_erb___970446864522886981_24080'[0m

  49) [STEP2] ユーザログイン後のテスト 自分の投稿編集画面のテスト 表示の確認 「Editing Book」と表示される
      [31mFailure/Error: <td><%= book.opinion %></td>[0m
      [31m[0m
      [31mActionView::Template::Error:[0m
      [31m  undefined method `opinion' for #<Book id: 1, title: "hirxu", body: "y1ckth18luhykvw5189m", user_id: 1, created_at: "2025-03-22 08:06:01.121182000 +0000", updated_at: "2025-03-22 08:06:01.121182000 +0000">[0m
      [36m# ./app/views/users/show.html.erb:21:in `block in _app_views_users_show_html_erb___970446864522886981_24080'[0m
      [36m# ./app/views/users/show.html.erb:17:in `_app_views_users_show_html_erb___970446864522886981_24080'[0m
      [36m# ./spec/system/02_after_login_spec.rb:13:in `block (2 levels) in <main>'[0m
      [36m# ------------------[0m
      [36m# --- Caused by: ---[0m
      [36m# NoMethodError:[0m
      [36m#   undefined method `opinion' for #<Book id: 1, title: "hirxu", body: "y1ckth18luhykvw5189m", user_id: 1, created_at: "2025-03-22 08:06:01.121182000 +0000", updated_at: "2025-03-22 08:06:01.121182000 +0000">[0m
      [36m#   ./app/views/users/show.html.erb:21:in `block in _app_views_users_show_html_erb___970446864522886981_24080'[0m

  50) [STEP2] ユーザログイン後のテスト 自分の投稿編集画面のテスト 表示の確認 title編集フォームが表示される
      [31mFailure/Error: <td><%= book.opinion %></td>[0m
      [31m[0m
      [31mActionView::Template::Error:[0m
      [31m  undefined method `opinion' for #<Book id: 1, title: "pwxfg", body: "ui5l28bkggju9a9stlkp", user_id: 1, created_at: "2025-03-22 08:06:01.252097000 +0000", updated_at: "2025-03-22 08:06:01.252097000 +0000">[0m
      [36m# ./app/views/users/show.html.erb:21:in `block in _app_views_users_show_html_erb___970446864522886981_24080'[0m
      [36m# ./app/views/users/show.html.erb:17:in `_app_views_users_show_html_erb___970446864522886981_24080'[0m
      [36m# ./spec/system/02_after_login_spec.rb:13:in `block (2 levels) in <main>'[0m
      [36m# ------------------[0m
      [36m# --- Caused by: ---[0m
      [36m# NoMethodError:[0m
      [36m#   undefined method `opinion' for #<Book id: 1, title: "pwxfg", body: "ui5l28bkggju9a9stlkp", user_id: 1, created_at: "2025-03-22 08:06:01.252097000 +0000", updated_at: "2025-03-22 08:06:01.252097000 +0000">[0m
      [36m#   ./app/views/users/show.html.erb:21:in `block in _app_views_users_show_html_erb___970446864522886981_24080'[0m

  51) [STEP2] ユーザログイン後のテスト 自分の投稿編集画面のテスト 表示の確認 body編集フォームが表示される
      [31mFailure/Error: <td><%= book.opinion %></td>[0m
      [31m[0m
      [31mActionView::Template::Error:[0m
      [31m  undefined method `opinion' for #<Book id: 1, title: "xg3kl", body: "5wpbmyw0pcpg86fdgsmm", user_id: 1, created_at: "2025-03-22 08:06:01.382208000 +0000", updated_at: "2025-03-22 08:06:01.382208000 +0000">[0m
      [36m# ./app/views/users/show.html.erb:21:in `block in _app_views_users_show_html_erb___970446864522886981_24080'[0m
      [36m# ./app/views/users/show.html.erb:17:in `_app_views_users_show_html_erb___970446864522886981_24080'[0m
      [36m# ./spec/system/02_after_login_spec.rb:13:in `block (2 levels) in <main>'[0m
      [36m# ------------------[0m
      [36m# --- Caused by: ---[0m
      [36m# NoMethodError:[0m
      [36m#   undefined method `opinion' for #<Book id: 1, title: "xg3kl", body: "5wpbmyw0pcpg86fdgsmm", user_id: 1, created_at: "2025-03-22 08:06:01.382208000 +0000", updated_at: "2025-03-22 08:06:01.382208000 +0000">[0m
      [36m#   ./app/views/users/show.html.erb:21:in `block in _app_views_users_show_html_erb___970446864522886981_24080'[0m

  52) [STEP2] ユーザログイン後のテスト 自分の投稿編集画面のテスト 表示の確認 Update Bookボタンが表示される
      [31mFailure/Error: <td><%= book.opinion %></td>[0m
      [31m[0m
      [31mActionView::Template::Error:[0m
      [31m  undefined method `opinion' for #<Book id: 1, title: "g0sab", body: "n4gnl2iskfqjs9cbco77", user_id: 1, created_at: "2025-03-22 08:06:01.514269000 +0000", updated_at: "2025-03-22 08:06:01.514269000 +0000">[0m
      [36m# ./app/views/users/show.html.erb:21:in `block in _app_views_users_show_html_erb___970446864522886981_24080'[0m
      [36m# ./app/views/users/show.html.erb:17:in `_app_views_users_show_html_erb___970446864522886981_24080'[0m
      [36m# ./spec/system/02_after_login_spec.rb:13:in `block (2 levels) in <main>'[0m
      [36m# ------------------[0m
      [36m# --- Caused by: ---[0m
      [36m# NoMethodError:[0m
      [36m#   undefined method `opinion' for #<Book id: 1, title: "g0sab", body: "n4gnl2iskfqjs9cbco77", user_id: 1, created_at: "2025-03-22 08:06:01.514269000 +0000", updated_at: "2025-03-22 08:06:01.514269000 +0000">[0m
      [36m#   ./app/views/users/show.html.erb:21:in `block in _app_views_users_show_html_erb___970446864522886981_24080'[0m

  53) [STEP2] ユーザログイン後のテスト 自分の投稿編集画面のテスト 表示の確認 Showリンクが表示される
      [31mFailure/Error: <td><%= book.opinion %></td>[0m
      [31m[0m
      [31mActionView::Template::Error:[0m
      [31m  undefined method `opinion' for #<Book id: 1, title: "729c0", body: "dfl4t6f2cd39nwmpydht", user_id: 1, created_at: "2025-03-22 08:06:01.649575000 +0000", updated_at: "2025-03-22 08:06:01.649575000 +0000">[0m
      [36m# ./app/views/users/show.html.erb:21:in `block in _app_views_users_show_html_erb___970446864522886981_24080'[0m
      [36m# ./app/views/users/show.html.erb:17:in `_app_views_users_show_html_erb___970446864522886981_24080'[0m
      [36m# ./spec/system/02_after_login_spec.rb:13:in `block (2 levels) in <main>'[0m
      [36m# ------------------[0m
      [36m# --- Caused by: ---[0m
      [36m# NoMethodError:[0m
      [36m#   undefined method `opinion' for #<Book id: 1, title: "729c0", body: "dfl4t6f2cd39nwmpydht", user_id: 1, created_at: "2025-03-22 08:06:01.649575000 +0000", updated_at: "2025-03-22 08:06:01.649575000 +0000">[0m
      [36m#   ./app/views/users/show.html.erb:21:in `block in _app_views_users_show_html_erb___970446864522886981_24080'[0m

  54) [STEP2] ユーザログイン後のテスト 自分の投稿編集画面のテスト 表示の確認 Backリンクが表示される
      [31mFailure/Error: <td><%= book.opinion %></td>[0m
      [31m[0m
      [31mActionView::Template::Error:[0m
      [31m  undefined method `opinion' for #<Book id: 1, title: "gu4gb", body: "po5is5akmv7c04kcz1rz", user_id: 1, created_at: "2025-03-22 08:06:01.785301000 +0000", updated_at: "2025-03-22 08:06:01.785301000 +0000">[0m
      [36m# ./app/views/users/show.html.erb:21:in `block in _app_views_users_show_html_erb___970446864522886981_24080'[0m
      [36m# ./app/views/users/show.html.erb:17:in `_app_views_users_show_html_erb___970446864522886981_24080'[0m
      [36m# ./spec/system/02_after_login_spec.rb:13:in `block (2 levels) in <main>'[0m
      [36m# ------------------[0m
      [36m# --- Caused by: ---[0m
      [36m# NoMethodError:[0m
      [36m#   undefined method `opinion' for #<Book id: 1, title: "gu4gb", body: "po5is5akmv7c04kcz1rz", user_id: 1, created_at: "2025-03-22 08:06:01.785301000 +0000", updated_at: "2025-03-22 08:06:01.785301000 +0000">[0m
      [36m#   ./app/views/users/show.html.erb:21:in `block in _app_views_users_show_html_erb___970446864522886981_24080'[0m

  55) [STEP2] ユーザログイン後のテスト 自分の投稿編集画面のテスト 編集成功のテスト titleが正しく更新される
      [31mFailure/Error: <td><%= book.opinion %></td>[0m
      [31m[0m
      [31mActionView::Template::Error:[0m
      [31m  undefined method `opinion' for #<Book id: 1, title: "tlscq", body: "15dulaz0lld34k9bj14r", user_id: 1, created_at: "2025-03-22 08:06:01.925101000 +0000", updated_at: "2025-03-22 08:06:01.925101000 +0000">[0m
      [36m# ./app/views/users/show.html.erb:21:in `block in _app_views_users_show_html_erb___970446864522886981_24080'[0m
      [36m# ./app/views/users/show.html.erb:17:in `_app_views_users_show_html_erb___970446864522886981_24080'[0m
      [36m# ./spec/system/02_after_login_spec.rb:13:in `block (2 levels) in <main>'[0m
      [36m# ------------------[0m
      [36m# --- Caused by: ---[0m
      [36m# NoMethodError:[0m
      [36m#   undefined method `opinion' for #<Book id: 1, title: "tlscq", body: "15dulaz0lld34k9bj14r", user_id: 1, created_at: "2025-03-22 08:06:01.925101000 +0000", updated_at: "2025-03-22 08:06:01.925101000 +0000">[0m
      [36m#   ./app/views/users/show.html.erb:21:in `block in _app_views_users_show_html_erb___970446864522886981_24080'[0m

  56) [STEP2] ユーザログイン後のテスト 自分の投稿編集画面のテスト 編集成功のテスト bodyが正しく更新される
      [31mFailure/Error: <td><%= book.opinion %></td>[0m
      [31m[0m
      [31mActionView::Template::Error:[0m
      [31m  undefined method `opinion' for #<Book id: 1, title: "kjom3", body: "ec25ibbj80i5k6m3y40y", user_id: 1, created_at: "2025-03-22 08:06:02.057392000 +0000", updated_at: "2025-03-22 08:06:02.057392000 +0000">[0m
      [36m# ./app/views/users/show.html.erb:21:in `block in _app_views_users_show_html_erb___970446864522886981_24080'[0m
      [36m# ./app/views/users/show.html.erb:17:in `_app_views_users_show_html_erb___970446864522886981_24080'[0m
      [36m# ./spec/system/02_after_login_spec.rb:13:in `block (2 levels) in <main>'[0m
      [36m# ------------------[0m
      [36m# --- Caused by: ---[0m
      [36m# NoMethodError:[0m
      [36m#   undefined method `opinion' for #<Book id: 1, title: "kjom3", body: "ec25ibbj80i5k6m3y40y", user_id: 1, created_at: "2025-03-22 08:06:02.057392000 +0000", updated_at: "2025-03-22 08:06:02.057392000 +0000">[0m
      [36m#   ./app/views/users/show.html.erb:21:in `block in _app_views_users_show_html_erb___970446864522886981_24080'[0m

  57) [STEP2] ユーザログイン後のテスト 自分の投稿編集画面のテスト 編集成功のテスト リダイレクト先が、更新した投稿の詳細画面になっている
      [31mFailure/Error: <td><%= book.opinion %></td>[0m
      [31m[0m
      [31mActionView::Template::Error:[0m
      [31m  undefined method `opinion' for #<Book id: 1, title: "97uap", body: "lhifyaqph07bsprw9gwc", user_id: 1, created_at: "2025-03-22 08:06:02.179855000 +0000", updated_at: "2025-03-22 08:06:02.179855000 +0000">[0m
      [36m# ./app/views/users/show.html.erb:21:in `block in _app_views_users_show_html_erb___970446864522886981_24080'[0m
      [36m# ./app/views/users/show.html.erb:17:in `_app_views_users_show_html_erb___970446864522886981_24080'[0m
      [36m# ./spec/system/02_after_login_spec.rb:13:in `block (2 levels) in <main>'[0m
      [36m# ------------------[0m
      [36m# --- Caused by: ---[0m
      [36m# NoMethodError:[0m
      [36m#   undefined method `opinion' for #<Book id: 1, title: "97uap", body: "lhifyaqph07bsprw9gwc", user_id: 1, created_at: "2025-03-22 08:06:02.179855000 +0000", updated_at: "2025-03-22 08:06:02.179855000 +0000">[0m
      [36m#   ./app/views/users/show.html.erb:21:in `block in _app_views_users_show_html_erb___970446864522886981_24080'[0m

  58) [STEP2] ユーザログイン後のテスト ユーザ一覧画面のテスト 表示内容の確認 URLが正しい
      [31mFailure/Error: <td><%= book.opinion %></td>[0m
      [31m[0m
      [31mActionView::Template::Error:[0m
      [31m  undefined method `opinion' for #<Book id: 1, title: "8axkw", body: "cratpqrdnxmkf42ienrp", user_id: 1, created_at: "2025-03-22 08:06:02.306471000 +0000", updated_at: "2025-03-22 08:06:02.306471000 +0000">[0m
      [36m# ./app/views/users/show.html.erb:21:in `block in _app_views_users_show_html_erb___970446864522886981_24080'[0m
      [36m# ./app/views/users/show.html.erb:17:in `_app_views_users_show_html_erb___970446864522886981_24080'[0m
      [36m# ./spec/system/02_after_login_spec.rb:13:in `block (2 levels) in <main>'[0m
      [36m# ------------------[0m
      [36m# --- Caused by: ---[0m
      [36m# NoMethodError:[0m
      [36m#   undefined method `opinion' for #<Book id: 1, title: "8axkw", body: "cratpqrdnxmkf42ienrp", user_id: 1, created_at: "2025-03-22 08:06:02.306471000 +0000", updated_at: "2025-03-22 08:06:02.306471000 +0000">[0m
      [36m#   ./app/views/users/show.html.erb:21:in `block in _app_views_users_show_html_erb___970446864522886981_24080'[0m

  59) [STEP2] ユーザログイン後のテスト ユーザ一覧画面のテスト 表示内容の確認 自分と他人の画像が表示される: fallbackの画像がサイドバーの1つ＋一覧(2人)の2つの計3つ存在する
      [31mFailure/Error: <td><%= book.opinion %></td>[0m
      [31m[0m
      [31mActionView::Template::Error:[0m
      [31m  undefined method `opinion' for #<Book id: 1, title: "95nvj", body: "nbdyq0m5iot3kk2j0mv9", user_id: 1, created_at: "2025-03-22 08:06:02.436567000 +0000", updated_at: "2025-03-22 08:06:02.436567000 +0000">[0m
      [36m# ./app/views/users/show.html.erb:21:in `block in _app_views_users_show_html_erb___970446864522886981_24080'[0m
      [36m# ./app/views/users/show.html.erb:17:in `_app_views_users_show_html_erb___970446864522886981_24080'[0m
      [36m# ./spec/system/02_after_login_spec.rb:13:in `block (2 levels) in <main>'[0m
      [36m# ------------------[0m
      [36m# --- Caused by: ---[0m
      [36m# NoMethodError:[0m
      [36m#   undefined method `opinion' for #<Book id: 1, title: "95nvj", body: "nbdyq0m5iot3kk2j0mv9", user_id: 1, created_at: "2025-03-22 08:06:02.436567000 +0000", updated_at: "2025-03-22 08:06:02.436567000 +0000">[0m
      [36m#   ./app/views/users/show.html.erb:21:in `block in _app_views_users_show_html_erb___970446864522886981_24080'[0m

  60) [STEP2] ユーザログイン後のテスト ユーザ一覧画面のテスト 表示内容の確認 自分と他人の名前がそれぞれ表示される
      [31mFailure/Error: <td><%= book.opinion %></td>[0m
      [31m[0m
      [31mActionView::Template::Error:[0m
      [31m  undefined method `opinion' for #<Book id: 1, title: "bmibt", body: "pcehxcnvowute1enmjnx", user_id: 1, created_at: "2025-03-22 08:06:02.576378000 +0000", updated_at: "2025-03-22 08:06:02.576378000 +0000">[0m
      [36m# ./app/views/users/show.html.erb:21:in `block in _app_views_users_show_html_erb___970446864522886981_24080'[0m
      [36m# ./app/views/users/show.html.erb:17:in `_app_views_users_show_html_erb___970446864522886981_24080'[0m
      [36m# ./spec/system/02_after_login_spec.rb:13:in `block (2 levels) in <main>'[0m
      [36m# ------------------[0m
      [36m# --- Caused by: ---[0m
      [36m# NoMethodError:[0m
      [36m#   undefined method `opinion' for #<Book id: 1, title: "bmibt", body: "pcehxcnvowute1enmjnx", user_id: 1, created_at: "2025-03-22 08:06:02.576378000 +0000", updated_at: "2025-03-22 08:06:02.576378000 +0000">[0m
      [36m#   ./app/views/users/show.html.erb:21:in `block in _app_views_users_show_html_erb___970446864522886981_24080'[0m

  61) [STEP2] ユーザログイン後のテスト ユーザ一覧画面のテスト 表示内容の確認 自分と他人のshowリンクがそれぞれ表示される
      [31mFailure/Error: <td><%= book.opinion %></td>[0m
      [31m[0m
      [31mActionView::Template::Error:[0m
      [31m  undefined method `opinion' for #<Book id: 1, title: "eue9y", body: "85aaz2nsfcnba32hlxxk", user_id: 1, created_at: "2025-03-22 08:06:02.695040000 +0000", updated_at: "2025-03-22 08:06:02.695040000 +0000">[0m
      [36m# ./app/views/users/show.html.erb:21:in `block in _app_views_users_show_html_erb___970446864522886981_24080'[0m
      [36m# ./app/views/users/show.html.erb:17:in `_app_views_users_show_html_erb___970446864522886981_24080'[0m
      [36m# ./spec/system/02_after_login_spec.rb:13:in `block (2 levels) in <main>'[0m
      [36m# ------------------[0m
      [36m# --- Caused by: ---[0m
      [36m# NoMethodError:[0m
      [36m#   undefined method `opinion' for #<Book id: 1, title: "eue9y", body: "85aaz2nsfcnba32hlxxk", user_id: 1, created_at: "2025-03-22 08:06:02.695040000 +0000", updated_at: "2025-03-22 08:06:02.695040000 +0000">[0m
      [36m#   ./app/views/users/show.html.erb:21:in `block in _app_views_users_show_html_erb___970446864522886981_24080'[0m

  62) [STEP2] ユーザログイン後のテスト ユーザ一覧画面のテスト サイドバーの確認 自分の名前と紹介文が表示される
      [31mFailure/Error: <td><%= book.opinion %></td>[0m
      [31m[0m
      [31mActionView::Template::Error:[0m
      [31m  undefined method `opinion' for #<Book id: 1, title: "vvdb2", body: "k0hsqxcei4s4mhgzjna9", user_id: 1, created_at: "2025-03-22 08:06:02.900208000 +0000", updated_at: "2025-03-22 08:06:02.900208000 +0000">[0m
      [36m# ./app/views/users/show.html.erb:21:in `block in _app_views_users_show_html_erb___970446864522886981_24080'[0m
      [36m# ./app/views/users/show.html.erb:17:in `_app_views_users_show_html_erb___970446864522886981_24080'[0m
      [36m# ./spec/system/02_after_login_spec.rb:13:in `block (2 levels) in <main>'[0m
      [36m# ------------------[0m
      [36m# --- Caused by: ---[0m
      [36m# NoMethodError:[0m
      [36m#   undefined method `opinion' for #<Book id: 1, title: "vvdb2", body: "k0hsqxcei4s4mhgzjna9", user_id: 1, created_at: "2025-03-22 08:06:02.900208000 +0000", updated_at: "2025-03-22 08:06:02.900208000 +0000">[0m
      [36m#   ./app/views/users/show.html.erb:21:in `block in _app_views_users_show_html_erb___970446864522886981_24080'[0m

  63) [STEP2] ユーザログイン後のテスト ユーザ一覧画面のテスト サイドバーの確認 自分のユーザ編集画面へのリンクが存在する
      [31mFailure/Error: <td><%= book.opinion %></td>[0m
      [31m[0m
      [31mActionView::Template::Error:[0m
      [31m  undefined method `opinion' for #<Book id: 1, title: "kkhuf", body: "l6gmlixfzigwgdgdcqtm", user_id: 1, created_at: "2025-03-22 08:06:03.078092000 +0000", updated_at: "2025-03-22 08:06:03.078092000 +0000">[0m
      [36m# ./app/views/users/show.html.erb:21:in `block in _app_views_users_show_html_erb___970446864522886981_24080'[0m
      [36m# ./app/views/users/show.html.erb:17:in `_app_views_users_show_html_erb___970446864522886981_24080'[0m
      [36m# ./spec/system/02_after_login_spec.rb:13:in `block (2 levels) in <main>'[0m
      [36m# ------------------[0m
      [36m# --- Caused by: ---[0m
      [36m# NoMethodError:[0m
      [36m#   undefined method `opinion' for #<Book id: 1, title: "kkhuf", body: "l6gmlixfzigwgdgdcqtm", user_id: 1, created_at: "2025-03-22 08:06:03.078092000 +0000", updated_at: "2025-03-22 08:06:03.078092000 +0000">[0m
      [36m#   ./app/views/users/show.html.erb:21:in `block in _app_views_users_show_html_erb___970446864522886981_24080'[0m

  64) [STEP2] ユーザログイン後のテスト ユーザ一覧画面のテスト サイドバーの確認 「New book」と表示される
      [31mFailure/Error: <td><%= book.opinion %></td>[0m
      [31m[0m
      [31mActionView::Template::Error:[0m
      [31m  undefined method `opinion' for #<Book id: 1, title: "jo5e2", body: "2ifmu5a3bm0aeqvalhgi", user_id: 1, created_at: "2025-03-22 08:06:03.213090000 +0000", updated_at: "2025-03-22 08:06:03.213090000 +0000">[0m
      [36m# ./app/views/users/show.html.erb:21:in `block in _app_views_users_show_html_erb___970446864522886981_24080'[0m
      [36m# ./app/views/users/show.html.erb:17:in `_app_views_users_show_html_erb___970446864522886981_24080'[0m
      [36m# ./spec/system/02_after_login_spec.rb:13:in `block (2 levels) in <main>'[0m
      [36m# ------------------[0m
      [36m# --- Caused by: ---[0m
      [36m# NoMethodError:[0m
      [36m#   undefined method `opinion' for #<Book id: 1, title: "jo5e2", body: "2ifmu5a3bm0aeqvalhgi", user_id: 1, created_at: "2025-03-22 08:06:03.213090000 +0000", updated_at: "2025-03-22 08:06:03.213090000 +0000">[0m
      [36m#   ./app/views/users/show.html.erb:21:in `block in _app_views_users_show_html_erb___970446864522886981_24080'[0m

  65) [STEP2] ユーザログイン後のテスト ユーザ一覧画面のテスト サイドバーの確認 titleフォームが表示される
      [31mFailure/Error: <td><%= book.opinion %></td>[0m
      [31m[0m
      [31mActionView::Template::Error:[0m
      [31m  undefined method `opinion' for #<Book id: 1, title: "e7c97", body: "jgbp0hq9dr7tsntxh56g", user_id: 1, created_at: "2025-03-22 08:06:03.341384000 +0000", updated_at: "2025-03-22 08:06:03.341384000 +0000">[0m
      [36m# ./app/views/users/show.html.erb:21:in `block in _app_views_users_show_html_erb___970446864522886981_24080'[0m
      [36m# ./app/views/users/show.html.erb:17:in `_app_views_users_show_html_erb___970446864522886981_24080'[0m
      [36m# ./spec/system/02_after_login_spec.rb:13:in `block (2 levels) in <main>'[0m
      [36m# ------------------[0m
      [36m# --- Caused by: ---[0m
      [36m# NoMethodError:[0m
      [36m#   undefined method `opinion' for #<Book id: 1, title: "e7c97", body: "jgbp0hq9dr7tsntxh56g", user_id: 1, created_at: "2025-03-22 08:06:03.341384000 +0000", updated_at: "2025-03-22 08:06:03.341384000 +0000">[0m
      [36m#   ./app/views/users/show.html.erb:21:in `block in _app_views_users_show_html_erb___970446864522886981_24080'[0m

  66) [STEP2] ユーザログイン後のテスト ユーザ一覧画面のテスト サイドバーの確認 titleフォームに値が入っていない
      [31mFailure/Error: <td><%= book.opinion %></td>[0m
      [31m[0m
      [31mActionView::Template::Error:[0m
      [31m  undefined method `opinion' for #<Book id: 1, title: "2vq0k", body: "e3mnfi3wez80ylpxf4li", user_id: 1, created_at: "2025-03-22 08:06:03.468178000 +0000", updated_at: "2025-03-22 08:06:03.468178000 +0000">[0m
      [36m# ./app/views/users/show.html.erb:21:in `block in _app_views_users_show_html_erb___970446864522886981_24080'[0m
      [36m# ./app/views/users/show.html.erb:17:in `_app_views_users_show_html_erb___970446864522886981_24080'[0m
      [36m# ./spec/system/02_after_login_spec.rb:13:in `block (2 levels) in <main>'[0m
      [36m# ------------------[0m
      [36m# --- Caused by: ---[0m
      [36m# NoMethodError:[0m
      [36m#   undefined method `opinion' for #<Book id: 1, title: "2vq0k", body: "e3mnfi3wez80ylpxf4li", user_id: 1, created_at: "2025-03-22 08:06:03.468178000 +0000", updated_at: "2025-03-22 08:06:03.468178000 +0000">[0m
      [36m#   ./app/views/users/show.html.erb:21:in `block in _app_views_users_show_html_erb___970446864522886981_24080'[0m

  67) [STEP2] ユーザログイン後のテスト ユーザ一覧画面のテスト サイドバーの確認 bodyフォームが表示される
      [31mFailure/Error: <td><%= book.opinion %></td>[0m
      [31m[0m
      [31mActionView::Template::Error:[0m
      [31m  undefined method `opinion' for #<Book id: 1, title: "7brob", body: "ggglpiuwzzf82r5uerrp", user_id: 1, created_at: "2025-03-22 08:06:03.597669000 +0000", updated_at: "2025-03-22 08:06:03.597669000 +0000">[0m
      [36m# ./app/views/users/show.html.erb:21:in `block in _app_views_users_show_html_erb___970446864522886981_24080'[0m
      [36m# ./app/views/users/show.html.erb:17:in `_app_views_users_show_html_erb___970446864522886981_24080'[0m
      [36m# ./spec/system/02_after_login_spec.rb:13:in `block (2 levels) in <main>'[0m
      [36m# ------------------[0m
      [36m# --- Caused by: ---[0m
      [36m# NoMethodError:[0m
      [36m#   undefined method `opinion' for #<Book id: 1, title: "7brob", body: "ggglpiuwzzf82r5uerrp", user_id: 1, created_at: "2025-03-22 08:06:03.597669000 +0000", updated_at: "2025-03-22 08:06:03.597669000 +0000">[0m
      [36m#   ./app/views/users/show.html.erb:21:in `block in _app_views_users_show_html_erb___970446864522886981_24080'[0m

  68) [STEP2] ユーザログイン後のテスト ユーザ一覧画面のテスト サイドバーの確認 bodyフォームに値が入っていない
      [31mFailure/Error: <td><%= book.opinion %></td>[0m
      [31m[0m
      [31mActionView::Template::Error:[0m
      [31m  undefined method `opinion' for #<Book id: 1, title: "2bwsn", body: "nwytbasn0zua2s0uzrqm", user_id: 1, created_at: "2025-03-22 08:06:03.717444000 +0000", updated_at: "2025-03-22 08:06:03.717444000 +0000">[0m
      [36m# ./app/views/users/show.html.erb:21:in `block in _app_views_users_show_html_erb___970446864522886981_24080'[0m
      [36m# ./app/views/users/show.html.erb:17:in `_app_views_users_show_html_erb___970446864522886981_24080'[0m
      [36m# ./spec/system/02_after_login_spec.rb:13:in `block (2 levels) in <main>'[0m
      [36m# ------------------[0m
      [36m# --- Caused by: ---[0m
      [36m# NoMethodError:[0m
      [36m#   undefined method `opinion' for #<Book id: 1, title: "2bwsn", body: "nwytbasn0zua2s0uzrqm", user_id: 1, created_at: "2025-03-22 08:06:03.717444000 +0000", updated_at: "2025-03-22 08:06:03.717444000 +0000">[0m
      [36m#   ./app/views/users/show.html.erb:21:in `block in _app_views_users_show_html_erb___970446864522886981_24080'[0m

  69) [STEP2] ユーザログイン後のテスト ユーザ一覧画面のテスト サイドバーの確認 Create Bookボタンが表示される
      [31mFailure/Error: <td><%= book.opinion %></td>[0m
      [31m[0m
      [31mActionView::Template::Error:[0m
      [31m  undefined method `opinion' for #<Book id: 1, title: "9m6n6", body: "unte48h6l9jqq8gfhf1n", user_id: 1, created_at: "2025-03-22 08:06:03.855950000 +0000", updated_at: "2025-03-22 08:06:03.855950000 +0000">[0m
      [36m# ./app/views/users/show.html.erb:21:in `block in _app_views_users_show_html_erb___970446864522886981_24080'[0m
      [36m# ./app/views/users/show.html.erb:17:in `_app_views_users_show_html_erb___970446864522886981_24080'[0m
      [36m# ./spec/system/02_after_login_spec.rb:13:in `block (2 levels) in <main>'[0m
      [36m# ------------------[0m
      [36m# --- Caused by: ---[0m
      [36m# NoMethodError:[0m
      [36m#   undefined method `opinion' for #<Book id: 1, title: "9m6n6", body: "unte48h6l9jqq8gfhf1n", user_id: 1, created_at: "2025-03-22 08:06:03.855950000 +0000", updated_at: "2025-03-22 08:06:03.855950000 +0000">[0m
      [36m#   ./app/views/users/show.html.erb:21:in `block in _app_views_users_show_html_erb___970446864522886981_24080'[0m

  70) [STEP2] ユーザログイン後のテスト 自分のユーザ詳細画面のテスト 表示の確認 URLが正しい
      [31mFailure/Error: <td><%= book.opinion %></td>[0m
      [31m[0m
      [31mActionView::Template::Error:[0m
      [31m  undefined method `opinion' for #<Book id: 1, title: "thiyu", body: "ll3ygmr9jaqqeg5g9mym", user_id: 1, created_at: "2025-03-22 08:06:03.979529000 +0000", updated_at: "2025-03-22 08:06:03.979529000 +0000">[0m
      [36m# ./app/views/users/show.html.erb:21:in `block in _app_views_users_show_html_erb___970446864522886981_24080'[0m
      [36m# ./app/views/users/show.html.erb:17:in `_app_views_users_show_html_erb___970446864522886981_24080'[0m
      [36m# ./spec/system/02_after_login_spec.rb:13:in `block (2 levels) in <main>'[0m
      [36m# ------------------[0m
      [36m# --- Caused by: ---[0m
      [36m# NoMethodError:[0m
      [36m#   undefined method `opinion' for #<Book id: 1, title: "thiyu", body: "ll3ygmr9jaqqeg5g9mym", user_id: 1, created_at: "2025-03-22 08:06:03.979529000 +0000", updated_at: "2025-03-22 08:06:03.979529000 +0000">[0m
      [36m#   ./app/views/users/show.html.erb:21:in `block in _app_views_users_show_html_erb___970446864522886981_24080'[0m

  71) [STEP2] ユーザログイン後のテスト 自分のユーザ詳細画面のテスト 表示の確認 投稿一覧のユーザ画像のリンク先が正しい
      [31mFailure/Error: <td><%= book.opinion %></td>[0m
      [31m[0m
      [31mActionView::Template::Error:[0m
      [31m  undefined method `opinion' for #<Book id: 1, title: "d42l8", body: "8hoysx3k3kwwfr10s4iq", user_id: 1, created_at: "2025-03-22 08:06:04.129787000 +0000", updated_at: "2025-03-22 08:06:04.129787000 +0000">[0m
      [36m# ./app/views/users/show.html.erb:21:in `block in _app_views_users_show_html_erb___970446864522886981_24080'[0m
      [36m# ./app/views/users/show.html.erb:17:in `_app_views_users_show_html_erb___970446864522886981_24080'[0m
      [36m# ./spec/system/02_after_login_spec.rb:13:in `block (2 levels) in <main>'[0m
      [36m# ------------------[0m
      [36m# --- Caused by: ---[0m
      [36m# NoMethodError:[0m
      [36m#   undefined method `opinion' for #<Book id: 1, title: "d42l8", body: "8hoysx3k3kwwfr10s4iq", user_id: 1, created_at: "2025-03-22 08:06:04.129787000 +0000", updated_at: "2025-03-22 08:06:04.129787000 +0000">[0m
      [36m#   ./app/views/users/show.html.erb:21:in `block in _app_views_users_show_html_erb___970446864522886981_24080'[0m

  72) [STEP2] ユーザログイン後のテスト 自分のユーザ詳細画面のテスト 表示の確認 投稿一覧に自分の投稿のtitleが表示され、リンクが正しい
      [31mFailure/Error: <td><%= book.opinion %></td>[0m
      [31m[0m
      [31mActionView::Template::Error:[0m
      [31m  undefined method `opinion' for #<Book id: 1, title: "48mkq", body: "x3l4jjpbfu1nub8147ao", user_id: 1, created_at: "2025-03-22 08:06:04.276243000 +0000", updated_at: "2025-03-22 08:06:04.276243000 +0000">[0m
      [36m# ./app/views/users/show.html.erb:21:in `block in _app_views_users_show_html_erb___970446864522886981_24080'[0m
      [36m# ./app/views/users/show.html.erb:17:in `_app_views_users_show_html_erb___970446864522886981_24080'[0m
      [36m# ./spec/system/02_after_login_spec.rb:13:in `block (2 levels) in <main>'[0m
      [36m# ------------------[0m
      [36m# --- Caused by: ---[0m
      [36m# NoMethodError:[0m
      [36m#   undefined method `opinion' for #<Book id: 1, title: "48mkq", body: "x3l4jjpbfu1nub8147ao", user_id: 1, created_at: "2025-03-22 08:06:04.276243000 +0000", updated_at: "2025-03-22 08:06:04.276243000 +0000">[0m
      [36m#   ./app/views/users/show.html.erb:21:in `block in _app_views_users_show_html_erb___970446864522886981_24080'[0m

  73) [STEP2] ユーザログイン後のテスト 自分のユーザ詳細画面のテスト 表示の確認 投稿一覧に自分の投稿のbodyが表示される
      [31mFailure/Error: <td><%= book.opinion %></td>[0m
      [31m[0m
      [31mActionView::Template::Error:[0m
      [31m  undefined method `opinion' for #<Book id: 1, title: "b519m", body: "1lkv5mygdjsrsf0mc0mo", user_id: 1, created_at: "2025-03-22 08:06:04.417398000 +0000", updated_at: "2025-03-22 08:06:04.417398000 +0000">[0m
      [36m# ./app/views/users/show.html.erb:21:in `block in _app_views_users_show_html_erb___970446864522886981_24080'[0m
      [36m# ./app/views/users/show.html.erb:17:in `_app_views_users_show_html_erb___970446864522886981_24080'[0m
      [36m# ./spec/system/02_after_login_spec.rb:13:in `block (2 levels) in <main>'[0m
      [36m# ------------------[0m
      [36m# --- Caused by: ---[0m
      [36m# NoMethodError:[0m
      [36m#   undefined method `opinion' for #<Book id: 1, title: "b519m", body: "1lkv5mygdjsrsf0mc0mo", user_id: 1, created_at: "2025-03-22 08:06:04.417398000 +0000", updated_at: "2025-03-22 08:06:04.417398000 +0000">[0m
      [36m#   ./app/views/users/show.html.erb:21:in `block in _app_views_users_show_html_erb___970446864522886981_24080'[0m

  74) [STEP2] ユーザログイン後のテスト 自分のユーザ詳細画面のテスト 表示の確認 他人の投稿は表示されない
      [31mFailure/Error: <td><%= book.opinion %></td>[0m
      [31m[0m
      [31mActionView::Template::Error:[0m
      [31m  undefined method `opinion' for #<Book id: 1, title: "ipdmc", body: "m0tbiq3mv245yjjdp808", user_id: 1, created_at: "2025-03-22 08:06:04.557504000 +0000", updated_at: "2025-03-22 08:06:04.557504000 +0000">[0m
      [36m# ./app/views/users/show.html.erb:21:in `block in _app_views_users_show_html_erb___970446864522886981_24080'[0m
      [36m# ./app/views/users/show.html.erb:17:in `_app_views_users_show_html_erb___970446864522886981_24080'[0m
      [36m# ./spec/system/02_after_login_spec.rb:13:in `block (2 levels) in <main>'[0m
      [36m# ------------------[0m
      [36m# --- Caused by: ---[0m
      [36m# NoMethodError:[0m
      [36m#   undefined method `opinion' for #<Book id: 1, title: "ipdmc", body: "m0tbiq3mv245yjjdp808", user_id: 1, created_at: "2025-03-22 08:06:04.557504000 +0000", updated_at: "2025-03-22 08:06:04.557504000 +0000">[0m
      [36m#   ./app/views/users/show.html.erb:21:in `block in _app_views_users_show_html_erb___970446864522886981_24080'[0m

  75) [STEP2] ユーザログイン後のテスト 自分のユーザ詳細画面のテスト サイドバーの確認 自分の名前と紹介文が表示される
      [31mFailure/Error: <td><%= book.opinion %></td>[0m
      [31m[0m
      [31mActionView::Template::Error:[0m
      [31m  undefined method `opinion' for #<Book id: 1, title: "vlin4", body: "r9w85m85ts6znsgmdtd0", user_id: 1, created_at: "2025-03-22 08:06:04.712557000 +0000", updated_at: "2025-03-22 08:06:04.712557000 +0000">[0m
      [36m# ./app/views/users/show.html.erb:21:in `block in _app_views_users_show_html_erb___970446864522886981_24080'[0m
      [36m# ./app/views/users/show.html.erb:17:in `_app_views_users_show_html_erb___970446864522886981_24080'[0m
      [36m# ./spec/system/02_after_login_spec.rb:13:in `block (2 levels) in <main>'[0m
      [36m# ------------------[0m
      [36m# --- Caused by: ---[0m
      [36m# NoMethodError:[0m
      [36m#   undefined method `opinion' for #<Book id: 1, title: "vlin4", body: "r9w85m85ts6znsgmdtd0", user_id: 1, created_at: "2025-03-22 08:06:04.712557000 +0000", updated_at: "2025-03-22 08:06:04.712557000 +0000">[0m
      [36m#   ./app/views/users/show.html.erb:21:in `block in _app_views_users_show_html_erb___970446864522886981_24080'[0m

  76) [STEP2] ユーザログイン後のテスト 自分のユーザ詳細画面のテスト サイドバーの確認 自分のユーザ編集画面へのリンクが存在する
      [31mFailure/Error: <td><%= book.opinion %></td>[0m
      [31m[0m
      [31mActionView::Template::Error:[0m
      [31m  undefined method `opinion' for #<Book id: 1, title: "57w07", body: "6timktp8xi2cnfbgznsh", user_id: 1, created_at: "2025-03-22 08:06:04.835544000 +0000", updated_at: "2025-03-22 08:06:04.835544000 +0000">[0m
      [36m# ./app/views/users/show.html.erb:21:in `block in _app_views_users_show_html_erb___970446864522886981_24080'[0m
      [36m# ./app/views/users/show.html.erb:17:in `_app_views_users_show_html_erb___970446864522886981_24080'[0m
      [36m# ./spec/system/02_after_login_spec.rb:13:in `block (2 levels) in <main>'[0m
      [36m# ------------------[0m
      [36m# --- Caused by: ---[0m
      [36m# NoMethodError:[0m
      [36m#   undefined method `opinion' for #<Book id: 1, title: "57w07", body: "6timktp8xi2cnfbgznsh", user_id: 1, created_at: "2025-03-22 08:06:04.835544000 +0000", updated_at: "2025-03-22 08:06:04.835544000 +0000">[0m
      [36m#   ./app/views/users/show.html.erb:21:in `block in _app_views_users_show_html_erb___970446864522886981_24080'[0m

  77) [STEP2] ユーザログイン後のテスト 自分のユーザ詳細画面のテスト サイドバーの確認 「New book」と表示される
      [31mFailure/Error: <td><%= book.opinion %></td>[0m
      [31m[0m
      [31mActionView::Template::Error:[0m
      [31m  undefined method `opinion' for #<Book id: 1, title: "w2o4g", body: "0sgaztlheolq4gir2hoj", user_id: 1, created_at: "2025-03-22 08:06:04.971652000 +0000", updated_at: "2025-03-22 08:06:04.971652000 +0000">[0m
      [36m# ./app/views/users/show.html.erb:21:in `block in _app_views_users_show_html_erb___970446864522886981_24080'[0m
      [36m# ./app/views/users/show.html.erb:17:in `_app_views_users_show_html_erb___970446864522886981_24080'[0m
      [36m# ./spec/system/02_after_login_spec.rb:13:in `block (2 levels) in <main>'[0m
      [36m# ------------------[0m
      [36m# --- Caused by: ---[0m
      [36m# NoMethodError:[0m
      [36m#   undefined method `opinion' for #<Book id: 1, title: "w2o4g", body: "0sgaztlheolq4gir2hoj", user_id: 1, created_at: "2025-03-22 08:06:04.971652000 +0000", updated_at: "2025-03-22 08:06:04.971652000 +0000">[0m
      [36m#   ./app/views/users/show.html.erb:21:in `block in _app_views_users_show_html_erb___970446864522886981_24080'[0m

  78) [STEP2] ユーザログイン後のテスト 自分のユーザ詳細画面のテスト サイドバーの確認 titleフォームが表示される
      [31mFailure/Error: <td><%= book.opinion %></td>[0m
      [31m[0m
      [31mActionView::Template::Error:[0m
      [31m  undefined method `opinion' for #<Book id: 1, title: "ve7dy", body: "6bwj353xye28y6np58ze", user_id: 1, created_at: "2025-03-22 08:06:05.118412000 +0000", updated_at: "2025-03-22 08:06:05.118412000 +0000">[0m
      [36m# ./app/views/users/show.html.erb:21:in `block in _app_views_users_show_html_erb___970446864522886981_24080'[0m
      [36m# ./app/views/users/show.html.erb:17:in `_app_views_users_show_html_erb___970446864522886981_24080'[0m
      [36m# ./spec/system/02_after_login_spec.rb:13:in `block (2 levels) in <main>'[0m
      [36m# ------------------[0m
      [36m# --- Caused by: ---[0m
      [36m# NoMethodError:[0m
      [36m#   undefined method `opinion' for #<Book id: 1, title: "ve7dy", body: "6bwj353xye28y6np58ze", user_id: 1, created_at: "2025-03-22 08:06:05.118412000 +0000", updated_at: "2025-03-22 08:06:05.118412000 +0000">[0m
      [36m#   ./app/views/users/show.html.erb:21:in `block in _app_views_users_show_html_erb___970446864522886981_24080'[0m

  79) [STEP2] ユーザログイン後のテスト 自分のユーザ詳細画面のテスト サイドバーの確認 titleフォームに値が入っていない
      [31mFailure/Error: <td><%= book.opinion %></td>[0m
      [31m[0m
      [31mActionView::Template::Error:[0m
      [31m  undefined method `opinion' for #<Book id: 1, title: "ufaa0", body: "vkcwzorci3iyzr0va33e", user_id: 1, created_at: "2025-03-22 08:06:05.252764000 +0000", updated_at: "2025-03-22 08:06:05.252764000 +0000">[0m
      [36m# ./app/views/users/show.html.erb:21:in `block in _app_views_users_show_html_erb___970446864522886981_24080'[0m
      [36m# ./app/views/users/show.html.erb:17:in `_app_views_users_show_html_erb___970446864522886981_24080'[0m
      [36m# ./spec/system/02_after_login_spec.rb:13:in `block (2 levels) in <main>'[0m
      [36m# ------------------[0m
      [36m# --- Caused by: ---[0m
      [36m# NoMethodError:[0m
      [36m#   undefined method `opinion' for #<Book id: 1, title: "ufaa0", body: "vkcwzorci3iyzr0va33e", user_id: 1, created_at: "2025-03-22 08:06:05.252764000 +0000", updated_at: "2025-03-22 08:06:05.252764000 +0000">[0m
      [36m#   ./app/views/users/show.html.erb:21:in `block in _app_views_users_show_html_erb___970446864522886981_24080'[0m

  80) [STEP2] ユーザログイン後のテスト 自分のユーザ詳細画面のテスト サイドバーの確認 bodyフォームが表示される
      [31mFailure/Error: <td><%= book.opinion %></td>[0m
      [31m[0m
      [31mActionView::Template::Error:[0m
      [31m  undefined method `opinion' for #<Book id: 1, title: "z5erm", body: "clx8g96c8pjdr433gsc2", user_id: 1, created_at: "2025-03-22 08:06:05.376258000 +0000", updated_at: "2025-03-22 08:06:05.376258000 +0000">[0m
      [36m# ./app/views/users/show.html.erb:21:in `block in _app_views_users_show_html_erb___970446864522886981_24080'[0m
      [36m# ./app/views/users/show.html.erb:17:in `_app_views_users_show_html_erb___970446864522886981_24080'[0m
      [36m# ./spec/system/02_after_login_spec.rb:13:in `block (2 levels) in <main>'[0m
      [36m# ------------------[0m
      [36m# --- Caused by: ---[0m
      [36m# NoMethodError:[0m
      [36m#   undefined method `opinion' for #<Book id: 1, title: "z5erm", body: "clx8g96c8pjdr433gsc2", user_id: 1, created_at: "2025-03-22 08:06:05.376258000 +0000", updated_at: "2025-03-22 08:06:05.376258000 +0000">[0m
      [36m#   ./app/views/users/show.html.erb:21:in `block in _app_views_users_show_html_erb___970446864522886981_24080'[0m

  81) [STEP2] ユーザログイン後のテスト 自分のユーザ詳細画面のテスト サイドバーの確認 bodyフォームに値が入っていない
      [31mFailure/Error: <td><%= book.opinion %></td>[0m
      [31m[0m
      [31mActionView::Template::Error:[0m
      [31m  undefined method `opinion' for #<Book id: 1, title: "06oyv", body: "7h3icclv99i6aokraumy", user_id: 1, created_at: "2025-03-22 08:06:05.528275000 +0000", updated_at: "2025-03-22 08:06:05.528275000 +0000">[0m
      [36m# ./app/views/users/show.html.erb:21:in `block in _app_views_users_show_html_erb___970446864522886981_24080'[0m
      [36m# ./app/views/users/show.html.erb:17:in `_app_views_users_show_html_erb___970446864522886981_24080'[0m
      [36m# ./spec/system/02_after_login_spec.rb:13:in `block (2 levels) in <main>'[0m
      [36m# ------------------[0m
      [36m# --- Caused by: ---[0m
      [36m# NoMethodError:[0m
      [36m#   undefined method `opinion' for #<Book id: 1, title: "06oyv", body: "7h3icclv99i6aokraumy", user_id: 1, created_at: "2025-03-22 08:06:05.528275000 +0000", updated_at: "2025-03-22 08:06:05.528275000 +0000">[0m
      [36m#   ./app/views/users/show.html.erb:21:in `block in _app_views_users_show_html_erb___970446864522886981_24080'[0m

  82) [STEP2] ユーザログイン後のテスト 自分のユーザ詳細画面のテスト サイドバーの確認 Create Bookボタンが表示される
      [31mFailure/Error: <td><%= book.opinion %></td>[0m
      [31m[0m
      [31mActionView::Template::Error:[0m
      [31m  undefined method `opinion' for #<Book id: 1, title: "2907n", body: "6xpm5suw8sv48yqyac8x", user_id: 1, created_at: "2025-03-22 08:06:05.650814000 +0000", updated_at: "2025-03-22 08:06:05.650814000 +0000">[0m
      [36m# ./app/views/users/show.html.erb:21:in `block in _app_views_users_show_html_erb___970446864522886981_24080'[0m
      [36m# ./app/views/users/show.html.erb:17:in `_app_views_users_show_html_erb___970446864522886981_24080'[0m
      [36m# ./spec/system/02_after_login_spec.rb:13:in `block (2 levels) in <main>'[0m
      [36m# ------------------[0m
      [36m# --- Caused by: ---[0m
      [36m# NoMethodError:[0m
      [36m#   undefined method `opinion' for #<Book id: 1, title: "2907n", body: "6xpm5suw8sv48yqyac8x", user_id: 1, created_at: "2025-03-22 08:06:05.650814000 +0000", updated_at: "2025-03-22 08:06:05.650814000 +0000">[0m
      [36m#   ./app/views/users/show.html.erb:21:in `block in _app_views_users_show_html_erb___970446864522886981_24080'[0m

  83) [STEP2] ユーザログイン後のテスト 自分のユーザ情報編集画面のテスト 表示の確認 URLが正しい
      [31mFailure/Error: <td><%= book.opinion %></td>[0m
      [31m[0m
      [31mActionView::Template::Error:[0m
      [31m  undefined method `opinion' for #<Book id: 1, title: "q215w", body: "7gp10u9nrhftrtfn1qxr", user_id: 1, created_at: "2025-03-22 08:06:05.793041000 +0000", updated_at: "2025-03-22 08:06:05.793041000 +0000">[0m
      [36m# ./app/views/users/show.html.erb:21:in `block in _app_views_users_show_html_erb___970446864522886981_24080'[0m
      [36m# ./app/views/users/show.html.erb:17:in `_app_views_users_show_html_erb___970446864522886981_24080'[0m
      [36m# ./spec/system/02_after_login_spec.rb:13:in `block (2 levels) in <main>'[0m
      [36m# ------------------[0m
      [36m# --- Caused by: ---[0m
      [36m# NoMethodError:[0m
      [36m#   undefined method `opinion' for #<Book id: 1, title: "q215w", body: "7gp10u9nrhftrtfn1qxr", user_id: 1, created_at: "2025-03-22 08:06:05.793041000 +0000", updated_at: "2025-03-22 08:06:05.793041000 +0000">[0m
      [36m#   ./app/views/users/show.html.erb:21:in `block in _app_views_users_show_html_erb___970446864522886981_24080'[0m

  84) [STEP2] ユーザログイン後のテスト 自分のユーザ情報編集画面のテスト 表示の確認 名前編集フォームに自分の名前が表示される
      [31mFailure/Error: <td><%= book.opinion %></td>[0m
      [31m[0m
      [31mActionView::Template::Error:[0m
      [31m  undefined method `opinion' for #<Book id: 1, title: "trise", body: "rdvrt9cp9oprr1fop2jg", user_id: 1, created_at: "2025-03-22 08:06:05.922419000 +0000", updated_at: "2025-03-22 08:06:05.922419000 +0000">[0m
      [36m# ./app/views/users/show.html.erb:21:in `block in _app_views_users_show_html_erb___970446864522886981_24080'[0m
      [36m# ./app/views/users/show.html.erb:17:in `_app_views_users_show_html_erb___970446864522886981_24080'[0m
      [36m# ./spec/system/02_after_login_spec.rb:13:in `block (2 levels) in <main>'[0m
      [36m# ------------------[0m
      [36m# --- Caused by: ---[0m
      [36m# NoMethodError:[0m
      [36m#   undefined method `opinion' for #<Book id: 1, title: "trise", body: "rdvrt9cp9oprr1fop2jg", user_id: 1, created_at: "2025-03-22 08:06:05.922419000 +0000", updated_at: "2025-03-22 08:06:05.922419000 +0000">[0m
      [36m#   ./app/views/users/show.html.erb:21:in `block in _app_views_users_show_html_erb___970446864522886981_24080'[0m

  85) [STEP2] ユーザログイン後のテスト 自分のユーザ情報編集画面のテスト 表示の確認 画像編集フォームが表示される
      [31mFailure/Error: <td><%= book.opinion %></td>[0m
      [31m[0m
      [31mActionView::Template::Error:[0m
      [31m  undefined method `opinion' for #<Book id: 1, title: "cgbqf", body: "zjam1w808o65qa6gvgwy", user_id: 1, created_at: "2025-03-22 08:06:06.061930000 +0000", updated_at: "2025-03-22 08:06:06.061930000 +0000">[0m
      [36m# ./app/views/users/show.html.erb:21:in `block in _app_views_users_show_html_erb___970446864522886981_24080'[0m
      [36m# ./app/views/users/show.html.erb:17:in `_app_views_users_show_html_erb___970446864522886981_24080'[0m
      [36m# ./spec/system/02_after_login_spec.rb:13:in `block (2 levels) in <main>'[0m
      [36m# ------------------[0m
      [36m# --- Caused by: ---[0m
      [36m# NoMethodError:[0m
      [36m#   undefined method `opinion' for #<Book id: 1, title: "cgbqf", body: "zjam1w808o65qa6gvgwy", user_id: 1, created_at: "2025-03-22 08:06:06.061930000 +0000", updated_at: "2025-03-22 08:06:06.061930000 +0000">[0m
      [36m#   ./app/views/users/show.html.erb:21:in `block in _app_views_users_show_html_erb___970446864522886981_24080'[0m

  86) [STEP2] ユーザログイン後のテスト 自分のユーザ情報編集画面のテスト 表示の確認 自己紹介編集フォームに自分の自己紹介文が表示される
      [31mFailure/Error: <td><%= book.opinion %></td>[0m
      [31m[0m
      [31mActionView::Template::Error:[0m
      [31m  undefined method `opinion' for #<Book id: 1, title: "21dg1", body: "iy1ybwo8hj02xda44y01", user_id: 1, created_at: "2025-03-22 08:06:06.217624000 +0000", updated_at: "2025-03-22 08:06:06.217624000 +0000">[0m
      [36m# ./app/views/users/show.html.erb:21:in `block in _app_views_users_show_html_erb___970446864522886981_24080'[0m
      [36m# ./app/views/users/show.html.erb:17:in `_app_views_users_show_html_erb___970446864522886981_24080'[0m
      [36m# ./spec/system/02_after_login_spec.rb:13:in `block (2 levels) in <main>'[0m
      [36m# ------------------[0m
      [36m# --- Caused by: ---[0m
      [36m# NoMethodError:[0m
      [36m#   undefined method `opinion' for #<Book id: 1, title: "21dg1", body: "iy1ybwo8hj02xda44y01", user_id: 1, created_at: "2025-03-22 08:06:06.217624000 +0000", updated_at: "2025-03-22 08:06:06.217624000 +0000">[0m
      [36m#   ./app/views/users/show.html.erb:21:in `block in _app_views_users_show_html_erb___970446864522886981_24080'[0m

  87) [STEP2] ユーザログイン後のテスト 自分のユーザ情報編集画面のテスト 表示の確認 Update Userボタンが表示される
      [31mFailure/Error: <td><%= book.opinion %></td>[0m
      [31m[0m
      [31mActionView::Template::Error:[0m
      [31m  undefined method `opinion' for #<Book id: 1, title: "cmfj0", body: "qa4s4ypx46njcoyhbfr9", user_id: 1, created_at: "2025-03-22 08:06:06.358092000 +0000", updated_at: "2025-03-22 08:06:06.358092000 +0000">[0m
      [36m# ./app/views/users/show.html.erb:21:in `block in _app_views_users_show_html_erb___970446864522886981_24080'[0m
      [36m# ./app/views/users/show.html.erb:17:in `_app_views_users_show_html_erb___970446864522886981_24080'[0m
      [36m# ./spec/system/02_after_login_spec.rb:13:in `block (2 levels) in <main>'[0m
      [36m# ------------------[0m
      [36m# --- Caused by: ---[0m
      [36m# NoMethodError:[0m
      [36m#   undefined method `opinion' for #<Book id: 1, title: "cmfj0", body: "qa4s4ypx46njcoyhbfr9", user_id: 1, created_at: "2025-03-22 08:06:06.358092000 +0000", updated_at: "2025-03-22 08:06:06.358092000 +0000">[0m
      [36m#   ./app/views/users/show.html.erb:21:in `block in _app_views_users_show_html_erb___970446864522886981_24080'[0m

  88) [STEP2] ユーザログイン後のテスト 自分のユーザ情報編集画面のテスト 更新成功のテスト nameが正しく更新される
      [31mFailure/Error: <td><%= book.opinion %></td>[0m
      [31m[0m
      [31mActionView::Template::Error:[0m
      [31m  undefined method `opinion' for #<Book id: 1, title: "40mse", body: "egl7dkh780pesc4nzf64", user_id: 1, created_at: "2025-03-22 08:06:06.493028000 +0000", updated_at: "2025-03-22 08:06:06.493028000 +0000">[0m
      [36m# ./app/views/users/show.html.erb:21:in `block in _app_views_users_show_html_erb___970446864522886981_24080'[0m
      [36m# ./app/views/users/show.html.erb:17:in `_app_views_users_show_html_erb___970446864522886981_24080'[0m
      [36m# ./spec/system/02_after_login_spec.rb:13:in `block (2 levels) in <main>'[0m
      [36m# ------------------[0m
      [36m# --- Caused by: ---[0m
      [36m# NoMethodError:[0m
      [36m#   undefined method `opinion' for #<Book id: 1, title: "40mse", body: "egl7dkh780pesc4nzf64", user_id: 1, created_at: "2025-03-22 08:06:06.493028000 +0000", updated_at: "2025-03-22 08:06:06.493028000 +0000">[0m
      [36m#   ./app/views/users/show.html.erb:21:in `block in _app_views_users_show_html_erb___970446864522886981_24080'[0m

  89) [STEP2] ユーザログイン後のテスト 自分のユーザ情報編集画面のテスト 更新成功のテスト introductionが正しく更新される
      [31mFailure/Error: <td><%= book.opinion %></td>[0m
      [31m[0m
      [31mActionView::Template::Error:[0m
      [31m  undefined method `opinion' for #<Book id: 1, title: "0g9rl", body: "x4jctbd9e23d81a8gm12", user_id: 1, created_at: "2025-03-22 08:06:06.621147000 +0000", updated_at: "2025-03-22 08:06:06.621147000 +0000">[0m
      [36m# ./app/views/users/show.html.erb:21:in `block in _app_views_users_show_html_erb___970446864522886981_24080'[0m
      [36m# ./app/views/users/show.html.erb:17:in `_app_views_users_show_html_erb___970446864522886981_24080'[0m
      [36m# ./spec/system/02_after_login_spec.rb:13:in `block (2 levels) in <main>'[0m
      [36m# ------------------[0m
      [36m# --- Caused by: ---[0m
      [36m# NoMethodError:[0m
      [36m#   undefined method `opinion' for #<Book id: 1, title: "0g9rl", body: "x4jctbd9e23d81a8gm12", user_id: 1, created_at: "2025-03-22 08:06:06.621147000 +0000", updated_at: "2025-03-22 08:06:06.621147000 +0000">[0m
      [36m#   ./app/views/users/show.html.erb:21:in `block in _app_views_users_show_html_erb___970446864522886981_24080'[0m

  90) [STEP2] ユーザログイン後のテスト 自分のユーザ情報編集画面のテスト 更新成功のテスト リダイレクト先が、自分のユーザ詳細画面になっている
      [31mFailure/Error: <td><%= book.opinion %></td>[0m
      [31m[0m
      [31mActionView::Template::Error:[0m
      [31m  undefined method `opinion' for #<Book id: 1, title: "bzvfk", body: "rp3gi8iy26vjcfjtsgtw", user_id: 1, created_at: "2025-03-22 08:06:06.762445000 +0000", updated_at: "2025-03-22 08:06:06.762445000 +0000">[0m
      [36m# ./app/views/users/show.html.erb:21:in `block in _app_views_users_show_html_erb___970446864522886981_24080'[0m
      [36m# ./app/views/users/show.html.erb:17:in `_app_views_users_show_html_erb___970446864522886981_24080'[0m
      [36m# ./spec/system/02_after_login_spec.rb:13:in `block (2 levels) in <main>'[0m
      [36m# ------------------[0m
      [36m# --- Caused by: ---[0m
      [36m# NoMethodError:[0m
      [36m#   undefined method `opinion' for #<Book id: 1, title: "bzvfk", body: "rp3gi8iy26vjcfjtsgtw", user_id: 1, created_at: "2025-03-22 08:06:06.762445000 +0000", updated_at: "2025-03-22 08:06:06.762445000 +0000">[0m
      [36m#   ./app/views/users/show.html.erb:21:in `block in _app_views_users_show_html_erb___970446864522886981_24080'[0m

  91) [STEP3] 仕上げのテスト サクセスメッセージのテスト ユーザログイン成功時
      [31mFailure/Error: <td><%= book.opinion %></td>[0m
      [31m[0m
      [31mActionView::Template::Error:[0m
      [31m  undefined method `opinion' for #<Book id: 1, title: "9xn22", body: "8t39j4lf3rp5wwakodyv", user_id: 1, created_at: "2025-03-22 08:06:07.017990000 +0000", updated_at: "2025-03-22 08:06:07.017990000 +0000">[0m
      [36m# ./app/views/users/show.html.erb:21:in `block in _app_views_users_show_html_erb___970446864522886981_24080'[0m
      [36m# ./app/views/users/show.html.erb:17:in `_app_views_users_show_html_erb___970446864522886981_24080'[0m
      [36m# ./spec/system/03_finishing_touches_spec.rb:25:in `block (3 levels) in <main>'[0m
      [36m# ------------------[0m
      [36m# --- Caused by: ---[0m
      [36m# NoMethodError:[0m
      [36m#   undefined method `opinion' for #<Book id: 1, title: "9xn22", body: "8t39j4lf3rp5wwakodyv", user_id: 1, created_at: "2025-03-22 08:06:07.017990000 +0000", updated_at: "2025-03-22 08:06:07.017990000 +0000">[0m
      [36m#   ./app/views/users/show.html.erb:21:in `block in _app_views_users_show_html_erb___970446864522886981_24080'[0m

  92) [STEP3] 仕上げのテスト サクセスメッセージのテスト ユーザログアウト成功時
      [31mFailure/Error: <td><%= book.opinion %></td>[0m
      [31m[0m
      [31mActionView::Template::Error:[0m
      [31m  undefined method `opinion' for #<Book id: 1, title: "xa9t0", body: "lx3nama85zwyw8wmtlbz", user_id: 1, created_at: "2025-03-22 08:06:07.172643000 +0000", updated_at: "2025-03-22 08:06:07.172643000 +0000">[0m
      [36m# ./app/views/users/show.html.erb:21:in `block in _app_views_users_show_html_erb___970446864522886981_24080'[0m
      [36m# ./app/views/users/show.html.erb:17:in `_app_views_users_show_html_erb___970446864522886981_24080'[0m
      [36m# ./spec/system/03_finishing_touches_spec.rb:32:in `block (3 levels) in <main>'[0m
      [36m# ------------------[0m
      [36m# --- Caused by: ---[0m
      [36m# NoMethodError:[0m
      [36m#   undefined method `opinion' for #<Book id: 1, title: "xa9t0", body: "lx3nama85zwyw8wmtlbz", user_id: 1, created_at: "2025-03-22 08:06:07.172643000 +0000", updated_at: "2025-03-22 08:06:07.172643000 +0000">[0m
      [36m#   ./app/views/users/show.html.erb:21:in `block in _app_views_users_show_html_erb___970446864522886981_24080'[0m

  93) [STEP3] 仕上げのテスト サクセスメッセージのテスト ユーザのプロフィール情報更新成功時
      [31mFailure/Error: <td><%= book.opinion %></td>[0m
      [31m[0m
      [31mActionView::Template::Error:[0m
      [31m  undefined method `opinion' for #<Book id: 1, title: "vqvn0", body: "27jddddxecyft48dalvp", user_id: 1, created_at: "2025-03-22 08:06:07.309480000 +0000", updated_at: "2025-03-22 08:06:07.309480000 +0000">[0m
      [36m# ./app/views/users/show.html.erb:21:in `block in _app_views_users_show_html_erb___970446864522886981_24080'[0m
      [36m# ./app/views/users/show.html.erb:17:in `_app_views_users_show_html_erb___970446864522886981_24080'[0m
      [36m# ./spec/system/03_finishing_touches_spec.rb:42:in `block (3 levels) in <main>'[0m
      [36m# ------------------[0m
      [36m# --- Caused by: ---[0m
      [36m# NoMethodError:[0m
      [36m#   undefined method `opinion' for #<Book id: 1, title: "vqvn0", body: "27jddddxecyft48dalvp", user_id: 1, created_at: "2025-03-22 08:06:07.309480000 +0000", updated_at: "2025-03-22 08:06:07.309480000 +0000">[0m
      [36m#   ./app/views/users/show.html.erb:21:in `block in _app_views_users_show_html_erb___970446864522886981_24080'[0m

  94) [STEP3] 仕上げのテスト サクセスメッセージのテスト 投稿データの新規投稿成功時: 投稿一覧画面から行います。
      [31mFailure/Error: <td><%= book.opinion %></td>[0m
      [31m[0m
      [31mActionView::Template::Error:[0m
      [31m  undefined method `opinion' for #<Book id: 1, title: "xtweb", body: "cjua0zq86h1p4iesy4yr", user_id: 1, created_at: "2025-03-22 08:06:07.434040000 +0000", updated_at: "2025-03-22 08:06:07.434040000 +0000">[0m
      [36m# ./app/views/users/show.html.erb:21:in `block in _app_views_users_show_html_erb___970446864522886981_24080'[0m
      [36m# ./app/views/users/show.html.erb:17:in `_app_views_users_show_html_erb___970446864522886981_24080'[0m
      [36m# ./spec/system/03_finishing_touches_spec.rb:51:in `block (3 levels) in <main>'[0m
      [36m# ------------------[0m
      [36m# --- Caused by: ---[0m
      [36m# NoMethodError:[0m
      [36m#   undefined method `opinion' for #<Book id: 1, title: "xtweb", body: "cjua0zq86h1p4iesy4yr", user_id: 1, created_at: "2025-03-22 08:06:07.434040000 +0000", updated_at: "2025-03-22 08:06:07.434040000 +0000">[0m
      [36m#   ./app/views/users/show.html.erb:21:in `block in _app_views_users_show_html_erb___970446864522886981_24080'[0m

  95) [STEP3] 仕上げのテスト サクセスメッセージのテスト 投稿データの更新成功時
      [31mFailure/Error: <td><%= book.opinion %></td>[0m
      [31m[0m
      [31mActionView::Template::Error:[0m
      [31m  undefined method `opinion' for #<Book id: 1, title: "ihre7", body: "pmnlau9nkw4uh8v5seiq", user_id: 1, created_at: "2025-03-22 08:06:07.569636000 +0000", updated_at: "2025-03-22 08:06:07.569636000 +0000">[0m
      [36m# ./app/views/users/show.html.erb:21:in `block in _app_views_users_show_html_erb___970446864522886981_24080'[0m
      [36m# ./app/views/users/show.html.erb:17:in `_app_views_users_show_html_erb___970446864522886981_24080'[0m
      [36m# ./spec/system/03_finishing_touches_spec.rb:62:in `block (3 levels) in <main>'[0m
      [36m# ------------------[0m
      [36m# --- Caused by: ---[0m
      [36m# NoMethodError:[0m
      [36m#   undefined method `opinion' for #<Book id: 1, title: "ihre7", body: "pmnlau9nkw4uh8v5seiq", user_id: 1, created_at: "2025-03-22 08:06:07.569636000 +0000", updated_at: "2025-03-22 08:06:07.569636000 +0000">[0m
      [36m#   ./app/views/users/show.html.erb:21:in `block in _app_views_users_show_html_erb___970446864522886981_24080'[0m

  96) [STEP3] 仕上げのテスト 処理失敗時のテスト ユーザ新規登録失敗: nameを1文字にする 新規登録されない
      [31mFailure/Error: expect { click_button 'Sign up' }.not_to change(User.all, :count)[0m
      [31m  expected `User::ActiveRecord_Relation#count` not to have changed, but did change from 2 to 3[0m
      [36m# ./spec/system/03_finishing_touches_spec.rb:82:in `block (4 levels) in <main>'[0m

  97) [STEP3] 仕上げのテスト 処理失敗時のテスト ユーザ新規登録失敗: nameを1文字にする 新規登録画面を表示しており、フォームの内容が正しい
      [31mFailure/Error: expect(page).to have_content 'Sign up'[0m
      [31m  expected to find text "Sign up" in "Bookers\nHome Users Books Log out\nWelcome! You have signed up successfully.\nUser info\nname v introduction\nNew book\nTitle\nOpinion\nBooks\nTitle Opinion\nCopyRight Infratop.inc"[0m
      [36m# ./spec/system/03_finishing_touches_spec.rb:86:in `block (4 levels) in <main>'[0m

  98) [STEP3] 仕上げのテスト 処理失敗時のテスト ユーザ新規登録失敗: nameを1文字にする バリデーションエラーが表示される
      [31mFailure/Error: expect(page).to have_content "is too short (minimum is 2 characters)"[0m
      [31m  expected to find text "is too short (minimum is 2 characters)" in "Bookers\nHome Users Books Log out\nWelcome! You have signed up successfully.\nUser info\nname y introduction\nNew book\nTitle\nOpinion\nBooks\nTitle Opinion\nCopyRight Infratop.inc"[0m
      [36m# ./spec/system/03_finishing_touches_spec.rb:92:in `block (4 levels) in <main>'[0m

  99) [STEP3] 仕上げのテスト 処理失敗時のテスト ユーザのプロフィール情報編集失敗: nameを1文字にする 更新されない
      [31mFailure/Error: <td><%= book.opinion %></td>[0m
      [31m[0m
      [31mActionView::Template::Error:[0m
      [31m  undefined method `opinion' for #<Book id: 1, title: "hsgg6", body: "rtnk7358rwh9bpwkpd3r", user_id: 1, created_at: "2025-03-22 08:06:08.096251000 +0000", updated_at: "2025-03-22 08:06:08.096251000 +0000">[0m
      [36m# ./app/views/users/show.html.erb:21:in `block in _app_views_users_show_html_erb___970446864522886981_24080'[0m
      [36m# ./app/views/users/show.html.erb:17:in `_app_views_users_show_html_erb___970446864522886981_24080'[0m
      [36m# ./spec/system/03_finishing_touches_spec.rb:103:in `block (4 levels) in <main>'[0m
      [36m# ------------------[0m
      [36m# --- Caused by: ---[0m
      [36m# NoMethodError:[0m
      [36m#   undefined method `opinion' for #<Book id: 1, title: "hsgg6", body: "rtnk7358rwh9bpwkpd3r", user_id: 1, created_at: "2025-03-22 08:06:08.096251000 +0000", updated_at: "2025-03-22 08:06:08.096251000 +0000">[0m
      [36m#   ./app/views/users/show.html.erb:21:in `block in _app_views_users_show_html_erb___970446864522886981_24080'[0m

  100) [STEP3] 仕上げのテスト 処理失敗時のテスト ユーザのプロフィール情報編集失敗: nameを1文字にする ユーザ編集画面を表示しており、フォームの内容が正しい
       [31mFailure/Error: <td><%= book.opinion %></td>[0m
       [31m[0m
       [31mActionView::Template::Error:[0m
       [31m  undefined method `opinion' for #<Book id: 1, title: "7qq2s", body: "px5hco7s81vlltp1s6ds", user_id: 1, created_at: "2025-03-22 08:06:08.226711000 +0000", updated_at: "2025-03-22 08:06:08.226711000 +0000">[0m
       [36m# ./app/views/users/show.html.erb:21:in `block in _app_views_users_show_html_erb___970446864522886981_24080'[0m
       [36m# ./app/views/users/show.html.erb:17:in `_app_views_users_show_html_erb___970446864522886981_24080'[0m
       [36m# ./spec/system/03_finishing_touches_spec.rb:103:in `block (4 levels) in <main>'[0m
       [36m# ------------------[0m
       [36m# --- Caused by: ---[0m
       [36m# NoMethodError:[0m
       [36m#   undefined method `opinion' for #<Book id: 1, title: "7qq2s", body: "px5hco7s81vlltp1s6ds", user_id: 1, created_at: "2025-03-22 08:06:08.226711000 +0000", updated_at: "2025-03-22 08:06:08.226711000 +0000">[0m
       [36m#   ./app/views/users/show.html.erb:21:in `block in _app_views_users_show_html_erb___970446864522886981_24080'[0m

  101) [STEP3] 仕上げのテスト 処理失敗時のテスト ユーザのプロフィール情報編集失敗: nameを1文字にする バリデーションエラーが表示される
       [31mFailure/Error: <td><%= book.opinion %></td>[0m
       [31m[0m
       [31mActionView::Template::Error:[0m
       [31m  undefined method `opinion' for #<Book id: 1, title: "wonce", body: "w92mbi54kzxtk1ddwxxr", user_id: 1, created_at: "2025-03-22 08:06:08.358003000 +0000", updated_at: "2025-03-22 08:06:08.358003000 +0000">[0m
       [36m# ./app/views/users/show.html.erb:21:in `block in _app_views_users_show_html_erb___970446864522886981_24080'[0m
       [36m# ./app/views/users/show.html.erb:17:in `_app_views_users_show_html_erb___970446864522886981_24080'[0m
       [36m# ./spec/system/03_finishing_touches_spec.rb:103:in `block (4 levels) in <main>'[0m
       [36m# ------------------[0m
       [36m# --- Caused by: ---[0m
       [36m# NoMethodError:[0m
       [36m#   undefined method `opinion' for #<Book id: 1, title: "wonce", body: "w92mbi54kzxtk1ddwxxr", user_id: 1, created_at: "2025-03-22 08:06:08.358003000 +0000", updated_at: "2025-03-22 08:06:08.358003000 +0000">[0m
       [36m#   ./app/views/users/show.html.erb:21:in `block in _app_views_users_show_html_erb___970446864522886981_24080'[0m

  102) [STEP3] 仕上げのテスト 処理失敗時のテスト 投稿データの新規投稿失敗: 投稿一覧画面から行い、titleを空にする 投稿が保存されない
       [31mFailure/Error: <td><%= book.opinion %></td>[0m
       [31m[0m
       [31mActionView::Template::Error:[0m
       [31m  undefined method `opinion' for #<Book id: 1, title: "j3r2h", body: "ee5ro9y8qo4nmudfl2je", user_id: 1, created_at: "2025-03-22 08:06:08.500249000 +0000", updated_at: "2025-03-22 08:06:08.500249000 +0000">[0m
       [36m# ./app/views/users/show.html.erb:21:in `block in _app_views_users_show_html_erb___970446864522886981_24080'[0m
       [36m# ./app/views/users/show.html.erb:17:in `_app_views_users_show_html_erb___970446864522886981_24080'[0m
       [36m# ./spec/system/03_finishing_touches_spec.rb:125:in `block (4 levels) in <main>'[0m
       [36m# ------------------[0m
       [36m# --- Caused by: ---[0m
       [36m# NoMethodError:[0m
       [36m#   undefined method `opinion' for #<Book id: 1, title: "j3r2h", body: "ee5ro9y8qo4nmudfl2je", user_id: 1, created_at: "2025-03-22 08:06:08.500249000 +0000", updated_at: "2025-03-22 08:06:08.500249000 +0000">[0m
       [36m#   ./app/views/users/show.html.erb:21:in `block in _app_views_users_show_html_erb___970446864522886981_24080'[0m

  103) [STEP3] 仕上げのテスト 処理失敗時のテスト 投稿データの新規投稿失敗: 投稿一覧画面から行い、titleを空にする 投稿一覧画面を表示している
       [31mFailure/Error: <td><%= book.opinion %></td>[0m
       [31m[0m
       [31mActionView::Template::Error:[0m
       [31m  undefined method `opinion' for #<Book id: 1, title: "s2bcw", body: "a1nnhze4zymkq0m561mm", user_id: 1, created_at: "2025-03-22 08:06:08.643004000 +0000", updated_at: "2025-03-22 08:06:08.643004000 +0000">[0m
       [36m# ./app/views/users/show.html.erb:21:in `block in _app_views_users_show_html_erb___970446864522886981_24080'[0m
       [36m# ./app/views/users/show.html.erb:17:in `_app_views_users_show_html_erb___970446864522886981_24080'[0m
       [36m# ./spec/system/03_finishing_touches_spec.rb:125:in `block (4 levels) in <main>'[0m
       [36m# ------------------[0m
       [36m# --- Caused by: ---[0m
       [36m# NoMethodError:[0m
       [36m#   undefined method `opinion' for #<Book id: 1, title: "s2bcw", body: "a1nnhze4zymkq0m561mm", user_id: 1, created_at: "2025-03-22 08:06:08.643004000 +0000", updated_at: "2025-03-22 08:06:08.643004000 +0000">[0m
       [36m#   ./app/views/users/show.html.erb:21:in `block in _app_views_users_show_html_erb___970446864522886981_24080'[0m

  104) [STEP3] 仕上げのテスト 処理失敗時のテスト 投稿データの新規投稿失敗: 投稿一覧画面から行い、titleを空にする 新規投稿フォームの内容が正しい
       [31mFailure/Error: <td><%= book.opinion %></td>[0m
       [31m[0m
       [31mActionView::Template::Error:[0m
       [31m  undefined method `opinion' for #<Book id: 1, title: "2bmsu", body: "p7ikea01f2ebegoatvhu", user_id: 1, created_at: "2025-03-22 08:06:08.771441000 +0000", updated_at: "2025-03-22 08:06:08.771441000 +0000">[0m
       [36m# ./app/views/users/show.html.erb:21:in `block in _app_views_users_show_html_erb___970446864522886981_24080'[0m
       [36m# ./app/views/users/show.html.erb:17:in `_app_views_users_show_html_erb___970446864522886981_24080'[0m
       [36m# ./spec/system/03_finishing_touches_spec.rb:125:in `block (4 levels) in <main>'[0m
       [36m# ------------------[0m
       [36m# --- Caused by: ---[0m
       [36m# NoMethodError:[0m
       [36m#   undefined method `opinion' for #<Book id: 1, title: "2bmsu", body: "p7ikea01f2ebegoatvhu", user_id: 1, created_at: "2025-03-22 08:06:08.771441000 +0000", updated_at: "2025-03-22 08:06:08.771441000 +0000">[0m
       [36m#   ./app/views/users/show.html.erb:21:in `block in _app_views_users_show_html_erb___970446864522886981_24080'[0m

  105) [STEP3] 仕上げのテスト 処理失敗時のテスト 投稿データの新規投稿失敗: 投稿一覧画面から行い、titleを空にする バリデーションエラーが表示される
       [31mFailure/Error: <td><%= book.opinion %></td>[0m
       [31m[0m
       [31mActionView::Template::Error:[0m
       [31m  undefined method `opinion' for #<Book id: 1, title: "lewao", body: "q461o6paxed322w8lbc5", user_id: 1, created_at: "2025-03-22 08:06:08.906542000 +0000", updated_at: "2025-03-22 08:06:08.906542000 +0000">[0m
       [36m# ./app/views/users/show.html.erb:21:in `block in _app_views_users_show_html_erb___970446864522886981_24080'[0m
       [36m# ./app/views/users/show.html.erb:17:in `_app_views_users_show_html_erb___970446864522886981_24080'[0m
       [36m# ./spec/system/03_finishing_touches_spec.rb:125:in `block (4 levels) in <main>'[0m
       [36m# ------------------[0m
       [36m# --- Caused by: ---[0m
       [36m# NoMethodError:[0m
       [36m#   undefined method `opinion' for #<Book id: 1, title: "lewao", body: "q461o6paxed322w8lbc5", user_id: 1, created_at: "2025-03-22 08:06:08.906542000 +0000", updated_at: "2025-03-22 08:06:08.906542000 +0000">[0m
       [36m#   ./app/views/users/show.html.erb:21:in `block in _app_views_users_show_html_erb___970446864522886981_24080'[0m

  106) [STEP3] 仕上げのテスト 処理失敗時のテスト 投稿データの更新失敗: titleを空にする 投稿が更新されない
       [31mFailure/Error: <td><%= book.opinion %></td>[0m
       [31m[0m
       [31mActionView::Template::Error:[0m
       [31m  undefined method `opinion' for #<Book id: 1, title: "avpy2", body: "q1axneie0r4una6kt8ti", user_id: 1, created_at: "2025-03-22 08:06:09.040336000 +0000", updated_at: "2025-03-22 08:06:09.040336000 +0000">[0m
       [36m# ./app/views/users/show.html.erb:21:in `block in _app_views_users_show_html_erb___970446864522886981_24080'[0m
       [36m# ./app/views/users/show.html.erb:17:in `_app_views_users_show_html_erb___970446864522886981_24080'[0m
       [36m# ./spec/system/03_finishing_touches_spec.rb:155:in `block (4 levels) in <main>'[0m
       [36m# ------------------[0m
       [36m# --- Caused by: ---[0m
       [36m# NoMethodError:[0m
       [36m#   undefined method `opinion' for #<Book id: 1, title: "avpy2", body: "q1axneie0r4una6kt8ti", user_id: 1, created_at: "2025-03-22 08:06:09.040336000 +0000", updated_at: "2025-03-22 08:06:09.040336000 +0000">[0m
       [36m#   ./app/views/users/show.html.erb:21:in `block in _app_views_users_show_html_erb___970446864522886981_24080'[0m

  107) [STEP3] 仕上げのテスト 処理失敗時のテスト 投稿データの更新失敗: titleを空にする 投稿編集画面を表示しており、フォームの内容が正しい
       [31mFailure/Error: <td><%= book.opinion %></td>[0m
       [31m[0m
       [31mActionView::Template::Error:[0m
       [31m  undefined method `opinion' for #<Book id: 1, title: "87dtm", body: "9pigny87hj2ensqiw9u5", user_id: 1, created_at: "2025-03-22 08:06:09.184628000 +0000", updated_at: "2025-03-22 08:06:09.184628000 +0000">[0m
       [36m# ./app/views/users/show.html.erb:21:in `block in _app_views_users_show_html_erb___970446864522886981_24080'[0m
       [36m# ./app/views/users/show.html.erb:17:in `_app_views_users_show_html_erb___970446864522886981_24080'[0m
       [36m# ./spec/system/03_finishing_touches_spec.rb:155:in `block (4 levels) in <main>'[0m
       [36m# ------------------[0m
       [36m# --- Caused by: ---[0m
       [36m# NoMethodError:[0m
       [36m#   undefined method `opinion' for #<Book id: 1, title: "87dtm", body: "9pigny87hj2ensqiw9u5", user_id: 1, created_at: "2025-03-22 08:06:09.184628000 +0000", updated_at: "2025-03-22 08:06:09.184628000 +0000">[0m
       [36m#   ./app/views/users/show.html.erb:21:in `block in _app_views_users_show_html_erb___970446864522886981_24080'[0m

  108) [STEP3] 仕上げのテスト 処理失敗時のテスト 投稿データの更新失敗: titleを空にする エラーメッセージが表示される
       [31mFailure/Error: <td><%= book.opinion %></td>[0m
       [31m[0m
       [31mActionView::Template::Error:[0m
       [31m  undefined method `opinion' for #<Book id: 1, title: "3c832", body: "vvlf3b7nvbnqforf2qe2", user_id: 1, created_at: "2025-03-22 08:06:09.319537000 +0000", updated_at: "2025-03-22 08:06:09.319537000 +0000">[0m
       [36m# ./app/views/users/show.html.erb:21:in `block in _app_views_users_show_html_erb___970446864522886981_24080'[0m
       [36m# ./app/views/users/show.html.erb:17:in `_app_views_users_show_html_erb___970446864522886981_24080'[0m
       [36m# ./spec/system/03_finishing_touches_spec.rb:155:in `block (4 levels) in <main>'[0m
       [36m# ------------------[0m
       [36m# --- Caused by: ---[0m
       [36m# NoMethodError:[0m
       [36m#   undefined method `opinion' for #<Book id: 1, title: "3c832", body: "vvlf3b7nvbnqforf2qe2", user_id: 1, created_at: "2025-03-22 08:06:09.319537000 +0000", updated_at: "2025-03-22 08:06:09.319537000 +0000">[0m
       [36m#   ./app/views/users/show.html.erb:21:in `block in _app_views_users_show_html_erb___970446864522886981_24080'[0m

  109) [STEP3] 仕上げのテスト 他人の画面のテスト 他人の投稿詳細画面のテスト 表示内容の確認 URLが正しい
       [31mFailure/Error: <td><%= book.opinion %></td>[0m
       [31m[0m
       [31mActionView::Template::Error:[0m
       [31m  undefined method `opinion' for #<Book id: 1, title: "cut5e", body: "lyciurwkpl0rg0yx6up7", user_id: 1, created_at: "2025-03-22 08:06:10.185107000 +0000", updated_at: "2025-03-22 08:06:10.185107000 +0000">[0m
       [36m# ./app/views/users/show.html.erb:21:in `block in _app_views_users_show_html_erb___970446864522886981_24080'[0m
       [36m# ./app/views/users/show.html.erb:17:in `_app_views_users_show_html_erb___970446864522886981_24080'[0m
       [36m# ./spec/system/03_finishing_touches_spec.rb:210:in `block (3 levels) in <main>'[0m
       [36m# ------------------[0m
       [36m# --- Caused by: ---[0m
       [36m# NoMethodError:[0m
       [36m#   undefined method `opinion' for #<Book id: 1, title: "cut5e", body: "lyciurwkpl0rg0yx6up7", user_id: 1, created_at: "2025-03-22 08:06:10.185107000 +0000", updated_at: "2025-03-22 08:06:10.185107000 +0000">[0m
       [36m#   ./app/views/users/show.html.erb:21:in `block in _app_views_users_show_html_erb___970446864522886981_24080'[0m

  110) [STEP3] 仕上げのテスト 他人の画面のテスト 他人の投稿詳細画面のテスト 表示内容の確認 「Book detail」と表示される
       [31mFailure/Error: <td><%= book.opinion %></td>[0m
       [31m[0m
       [31mActionView::Template::Error:[0m
       [31m  undefined method `opinion' for #<Book id: 1, title: "l6qbm", body: "8mk6a97erc3b2vmwh2ch", user_id: 1, created_at: "2025-03-22 08:06:10.318277000 +0000", updated_at: "2025-03-22 08:06:10.318277000 +0000">[0m
       [36m# ./app/views/users/show.html.erb:21:in `block in _app_views_users_show_html_erb___970446864522886981_24080'[0m
       [36m# ./app/views/users/show.html.erb:17:in `_app_views_users_show_html_erb___970446864522886981_24080'[0m
       [36m# ./spec/system/03_finishing_touches_spec.rb:210:in `block (3 levels) in <main>'[0m
       [36m# ------------------[0m
       [36m# --- Caused by: ---[0m
       [36m# NoMethodError:[0m
       [36m#   undefined method `opinion' for #<Book id: 1, title: "l6qbm", body: "8mk6a97erc3b2vmwh2ch", user_id: 1, created_at: "2025-03-22 08:06:10.318277000 +0000", updated_at: "2025-03-22 08:06:10.318277000 +0000">[0m
       [36m#   ./app/views/users/show.html.erb:21:in `block in _app_views_users_show_html_erb___970446864522886981_24080'[0m

  111) [STEP3] 仕上げのテスト 他人の画面のテスト 他人の投稿詳細画面のテスト 表示内容の確認 ユーザ画像・名前のリンク先が正しい
       [31mFailure/Error: <td><%= book.opinion %></td>[0m
       [31m[0m
       [31mActionView::Template::Error:[0m
       [31m  undefined method `opinion' for #<Book id: 1, title: "u7kym", body: "9dofafucszwbtlr7wmau", user_id: 1, created_at: "2025-03-22 08:06:10.457691000 +0000", updated_at: "2025-03-22 08:06:10.457691000 +0000">[0m
       [36m# ./app/views/users/show.html.erb:21:in `block in _app_views_users_show_html_erb___970446864522886981_24080'[0m
       [36m# ./app/views/users/show.html.erb:17:in `_app_views_users_show_html_erb___970446864522886981_24080'[0m
       [36m# ./spec/system/03_finishing_touches_spec.rb:210:in `block (3 levels) in <main>'[0m
       [36m# ------------------[0m
       [36m# --- Caused by: ---[0m
       [36m# NoMethodError:[0m
       [36m#   undefined method `opinion' for #<Book id: 1, title: "u7kym", body: "9dofafucszwbtlr7wmau", user_id: 1, created_at: "2025-03-22 08:06:10.457691000 +0000", updated_at: "2025-03-22 08:06:10.457691000 +0000">[0m
       [36m#   ./app/views/users/show.html.erb:21:in `block in _app_views_users_show_html_erb___970446864522886981_24080'[0m

  112) [STEP3] 仕上げのテスト 他人の画面のテスト 他人の投稿詳細画面のテスト 表示内容の確認 投稿のtitleが表示される
       [31mFailure/Error: <td><%= book.opinion %></td>[0m
       [31m[0m
       [31mActionView::Template::Error:[0m
       [31m  undefined method `opinion' for #<Book id: 1, title: "q52dz", body: "qa6q8nsqxuh8o8i1hytk", user_id: 1, created_at: "2025-03-22 08:06:10.575285000 +0000", updated_at: "2025-03-22 08:06:10.575285000 +0000">[0m
       [36m# ./app/views/users/show.html.erb:21:in `block in _app_views_users_show_html_erb___970446864522886981_24080'[0m
       [36m# ./app/views/users/show.html.erb:17:in `_app_views_users_show_html_erb___970446864522886981_24080'[0m
       [36m# ./spec/system/03_finishing_touches_spec.rb:210:in `block (3 levels) in <main>'[0m
       [36m# ------------------[0m
       [36m# --- Caused by: ---[0m
       [36m# NoMethodError:[0m
       [36m#   undefined method `opinion' for #<Book id: 1, title: "q52dz", body: "qa6q8nsqxuh8o8i1hytk", user_id: 1, created_at: "2025-03-22 08:06:10.575285000 +0000", updated_at: "2025-03-22 08:06:10.575285000 +0000">[0m
       [36m#   ./app/views/users/show.html.erb:21:in `block in _app_views_users_show_html_erb___970446864522886981_24080'[0m

  113) [STEP3] 仕上げのテスト 他人の画面のテスト 他人の投稿詳細画面のテスト 表示内容の確認 投稿のopinionが表示される
       [31mFailure/Error: <td><%= book.opinion %></td>[0m
       [31m[0m
       [31mActionView::Template::Error:[0m
       [31m  undefined method `opinion' for #<Book id: 1, title: "xuew8", body: "ihnnyhqcbnxejehhwhdx", user_id: 1, created_at: "2025-03-22 08:06:10.719499000 +0000", updated_at: "2025-03-22 08:06:10.719499000 +0000">[0m
       [36m# ./app/views/users/show.html.erb:21:in `block in _app_views_users_show_html_erb___970446864522886981_24080'[0m
       [36m# ./app/views/users/show.html.erb:17:in `_app_views_users_show_html_erb___970446864522886981_24080'[0m
       [36m# ./spec/system/03_finishing_touches_spec.rb:210:in `block (3 levels) in <main>'[0m
       [36m# ------------------[0m
       [36m# --- Caused by: ---[0m
       [36m# NoMethodError:[0m
       [36m#   undefined method `opinion' for #<Book id: 1, title: "xuew8", body: "ihnnyhqcbnxejehhwhdx", user_id: 1, created_at: "2025-03-22 08:06:10.719499000 +0000", updated_at: "2025-03-22 08:06:10.719499000 +0000">[0m
       [36m#   ./app/views/users/show.html.erb:21:in `block in _app_views_users_show_html_erb___970446864522886981_24080'[0m

  114) [STEP3] 仕上げのテスト 他人の画面のテスト 他人の投稿詳細画面のテスト 表示内容の確認 投稿の編集リンクが表示されない
       [31mFailure/Error: <td><%= book.opinion %></td>[0m
       [31m[0m
       [31mActionView::Template::Error:[0m
       [31m  undefined method `opinion' for #<Book id: 1, title: "1pmo6", body: "gqkfx0pmjobe7z1zkx1s", user_id: 1, created_at: "2025-03-22 08:06:10.842068000 +0000", updated_at: "2025-03-22 08:06:10.842068000 +0000">[0m
       [36m# ./app/views/users/show.html.erb:21:in `block in _app_views_users_show_html_erb___970446864522886981_24080'[0m
       [36m# ./app/views/users/show.html.erb:17:in `_app_views_users_show_html_erb___970446864522886981_24080'[0m
       [36m# ./spec/system/03_finishing_touches_spec.rb:210:in `block (3 levels) in <main>'[0m
       [36m# ------------------[0m
       [36m# --- Caused by: ---[0m
       [36m# NoMethodError:[0m
       [36m#   undefined method `opinion' for #<Book id: 1, title: "1pmo6", body: "gqkfx0pmjobe7z1zkx1s", user_id: 1, created_at: "2025-03-22 08:06:10.842068000 +0000", updated_at: "2025-03-22 08:06:10.842068000 +0000">[0m
       [36m#   ./app/views/users/show.html.erb:21:in `block in _app_views_users_show_html_erb___970446864522886981_24080'[0m

  115) [STEP3] 仕上げのテスト 他人の画面のテスト 他人の投稿詳細画面のテスト 表示内容の確認 投稿の削除リンクが表示されない
       [31mFailure/Error: <td><%= book.opinion %></td>[0m
       [31m[0m
       [31mActionView::Template::Error:[0m
       [31m  undefined method `opinion' for #<Book id: 1, title: "gcv8y", body: "ggqex563w55y62pcdf3n", user_id: 1, created_at: "2025-03-22 08:06:10.989261000 +0000", updated_at: "2025-03-22 08:06:10.989261000 +0000">[0m
       [36m# ./app/views/users/show.html.erb:21:in `block in _app_views_users_show_html_erb___970446864522886981_24080'[0m
       [36m# ./app/views/users/show.html.erb:17:in `_app_views_users_show_html_erb___970446864522886981_24080'[0m
       [36m# ./spec/system/03_finishing_touches_spec.rb:210:in `block (3 levels) in <main>'[0m
       [36m# ------------------[0m
       [36m# --- Caused by: ---[0m
       [36m# NoMethodError:[0m
       [36m#   undefined method `opinion' for #<Book id: 1, title: "gcv8y", body: "ggqex563w55y62pcdf3n", user_id: 1, created_at: "2025-03-22 08:06:10.989261000 +0000", updated_at: "2025-03-22 08:06:10.989261000 +0000">[0m
       [36m#   ./app/views/users/show.html.erb:21:in `block in _app_views_users_show_html_erb___970446864522886981_24080'[0m

  116) [STEP3] 仕上げのテスト 他人の画面のテスト 他人の投稿詳細画面のテスト サイドバーの確認 他人の名前と紹介文が表示される
       [31mFailure/Error: <td><%= book.opinion %></td>[0m
       [31m[0m
       [31mActionView::Template::Error:[0m
       [31m  undefined method `opinion' for #<Book id: 1, title: "94fjw", body: "m7chwxhrnk0i4100arae", user_id: 1, created_at: "2025-03-22 08:06:11.126125000 +0000", updated_at: "2025-03-22 08:06:11.126125000 +0000">[0m
       [36m# ./app/views/users/show.html.erb:21:in `block in _app_views_users_show_html_erb___970446864522886981_24080'[0m
       [36m# ./app/views/users/show.html.erb:17:in `_app_views_users_show_html_erb___970446864522886981_24080'[0m
       [36m# ./spec/system/03_finishing_touches_spec.rb:210:in `block (3 levels) in <main>'[0m
       [36m# ------------------[0m
       [36m# --- Caused by: ---[0m
       [36m# NoMethodError:[0m
       [36m#   undefined method `opinion' for #<Book id: 1, title: "94fjw", body: "m7chwxhrnk0i4100arae", user_id: 1, created_at: "2025-03-22 08:06:11.126125000 +0000", updated_at: "2025-03-22 08:06:11.126125000 +0000">[0m
       [36m#   ./app/views/users/show.html.erb:21:in `block in _app_views_users_show_html_erb___970446864522886981_24080'[0m

  117) [STEP3] 仕上げのテスト 他人の画面のテスト 他人の投稿詳細画面のテスト サイドバーの確認 他人のユーザ編集画面へのリンクが存在する
       [31mFailure/Error: <td><%= book.opinion %></td>[0m
       [31m[0m
       [31mActionView::Template::Error:[0m
       [31m  undefined method `opinion' for #<Book id: 1, title: "dctss", body: "2i1dnrkdn19mb9xq3x0y", user_id: 1, created_at: "2025-03-22 08:06:11.249712000 +0000", updated_at: "2025-03-22 08:06:11.249712000 +0000">[0m
       [36m# ./app/views/users/show.html.erb:21:in `block in _app_views_users_show_html_erb___970446864522886981_24080'[0m
       [36m# ./app/views/users/show.html.erb:17:in `_app_views_users_show_html_erb___970446864522886981_24080'[0m
       [36m# ./spec/system/03_finishing_touches_spec.rb:210:in `block (3 levels) in <main>'[0m
       [36m# ------------------[0m
       [36m# --- Caused by: ---[0m
       [36m# NoMethodError:[0m
       [36m#   undefined method `opinion' for #<Book id: 1, title: "dctss", body: "2i1dnrkdn19mb9xq3x0y", user_id: 1, created_at: "2025-03-22 08:06:11.249712000 +0000", updated_at: "2025-03-22 08:06:11.249712000 +0000">[0m
       [36m#   ./app/views/users/show.html.erb:21:in `block in _app_views_users_show_html_erb___970446864522886981_24080'[0m

  118) [STEP3] 仕上げのテスト 他人の画面のテスト 他人の投稿詳細画面のテスト サイドバーの確認 自分の名前と紹介文は表示されない
       [31mFailure/Error: <td><%= book.opinion %></td>[0m
       [31m[0m
       [31mActionView::Template::Error:[0m
       [31m  undefined method `opinion' for #<Book id: 1, title: "0ns58", body: "x225jx9ca34l0rdwjphk", user_id: 1, created_at: "2025-03-22 08:06:11.375613000 +0000", updated_at: "2025-03-22 08:06:11.375613000 +0000">[0m
       [36m# ./app/views/users/show.html.erb:21:in `block in _app_views_users_show_html_erb___970446864522886981_24080'[0m
       [36m# ./app/views/users/show.html.erb:17:in `_app_views_users_show_html_erb___970446864522886981_24080'[0m
       [36m# ./spec/system/03_finishing_touches_spec.rb:210:in `block (3 levels) in <main>'[0m
       [36m# ------------------[0m
       [36m# --- Caused by: ---[0m
       [36m# NoMethodError:[0m
       [36m#   undefined method `opinion' for #<Book id: 1, title: "0ns58", body: "x225jx9ca34l0rdwjphk", user_id: 1, created_at: "2025-03-22 08:06:11.375613000 +0000", updated_at: "2025-03-22 08:06:11.375613000 +0000">[0m
       [36m#   ./app/views/users/show.html.erb:21:in `block in _app_views_users_show_html_erb___970446864522886981_24080'[0m

  119) [STEP3] 仕上げのテスト 他人の画面のテスト 他人の投稿詳細画面のテスト サイドバーの確認 自分のユーザ編集画面へのリンクは存在しない
       [31mFailure/Error: <td><%= book.opinion %></td>[0m
       [31m[0m
       [31mActionView::Template::Error:[0m
       [31m  undefined method `opinion' for #<Book id: 1, title: "k87hz", body: "n5zegjkisa1yffyviop3", user_id: 1, created_at: "2025-03-22 08:06:11.512930000 +0000", updated_at: "2025-03-22 08:06:11.512930000 +0000">[0m
       [36m# ./app/views/users/show.html.erb:21:in `block in _app_views_users_show_html_erb___970446864522886981_24080'[0m
       [36m# ./app/views/users/show.html.erb:17:in `_app_views_users_show_html_erb___970446864522886981_24080'[0m
       [36m# ./spec/system/03_finishing_touches_spec.rb:210:in `block (3 levels) in <main>'[0m
       [36m# ------------------[0m
       [36m# --- Caused by: ---[0m
       [36m# NoMethodError:[0m
       [36m#   undefined method `opinion' for #<Book id: 1, title: "k87hz", body: "n5zegjkisa1yffyviop3", user_id: 1, created_at: "2025-03-22 08:06:11.512930000 +0000", updated_at: "2025-03-22 08:06:11.512930000 +0000">[0m
       [36m#   ./app/views/users/show.html.erb:21:in `block in _app_views_users_show_html_erb___970446864522886981_24080'[0m

  120) [STEP3] 仕上げのテスト 他人の画面のテスト 他人の投稿編集画面 遷移できず、投稿一覧画面にリダイレクトされる
       [31mFailure/Error: <td><%= book.opinion %></td>[0m
       [31m[0m
       [31mActionView::Template::Error:[0m
       [31m  undefined method `opinion' for #<Book id: 1, title: "da3g3", body: "t484qtdrxpxslhymuzkn", user_id: 1, created_at: "2025-03-22 08:06:11.645296000 +0000", updated_at: "2025-03-22 08:06:11.645296000 +0000">[0m
       [36m# ./app/views/users/show.html.erb:21:in `block in _app_views_users_show_html_erb___970446864522886981_24080'[0m
       [36m# ./app/views/users/show.html.erb:17:in `_app_views_users_show_html_erb___970446864522886981_24080'[0m
       [36m# ./spec/system/03_finishing_touches_spec.rb:210:in `block (3 levels) in <main>'[0m
       [36m# ------------------[0m
       [36m# --- Caused by: ---[0m
       [36m# NoMethodError:[0m
       [36m#   undefined method `opinion' for #<Book id: 1, title: "da3g3", body: "t484qtdrxpxslhymuzkn", user_id: 1, created_at: "2025-03-22 08:06:11.645296000 +0000", updated_at: "2025-03-22 08:06:11.645296000 +0000">[0m
       [36m#   ./app/views/users/show.html.erb:21:in `block in _app_views_users_show_html_erb___970446864522886981_24080'[0m

  121) [STEP3] 仕上げのテスト 他人の画面のテスト 他人のユーザ詳細画面のテスト 表示の確認 URLが正しい
       [31mFailure/Error: <td><%= book.opinion %></td>[0m
       [31m[0m
       [31mActionView::Template::Error:[0m
       [31m  undefined method `opinion' for #<Book id: 1, title: "2htz5", body: "yqbw8ek0vm8h77b7b6vb", user_id: 1, created_at: "2025-03-22 08:06:11.780712000 +0000", updated_at: "2025-03-22 08:06:11.780712000 +0000">[0m
       [36m# ./app/views/users/show.html.erb:21:in `block in _app_views_users_show_html_erb___970446864522886981_24080'[0m
       [36m# ./app/views/users/show.html.erb:17:in `_app_views_users_show_html_erb___970446864522886981_24080'[0m
       [36m# ./spec/system/03_finishing_touches_spec.rb:210:in `block (3 levels) in <main>'[0m
       [36m# ------------------[0m
       [36m# --- Caused by: ---[0m
       [36m# NoMethodError:[0m
       [36m#   undefined method `opinion' for #<Book id: 1, title: "2htz5", body: "yqbw8ek0vm8h77b7b6vb", user_id: 1, created_at: "2025-03-22 08:06:11.780712000 +0000", updated_at: "2025-03-22 08:06:11.780712000 +0000">[0m
       [36m#   ./app/views/users/show.html.erb:21:in `block in _app_views_users_show_html_erb___970446864522886981_24080'[0m

  122) [STEP3] 仕上げのテスト 他人の画面のテスト 他人のユーザ詳細画面のテスト 表示の確認 投稿一覧のユーザ画像のリンク先が正しい
       [31mFailure/Error: <td><%= book.opinion %></td>[0m
       [31m[0m
       [31mActionView::Template::Error:[0m
       [31m  undefined method `opinion' for #<Book id: 1, title: "8mdbk", body: "934lhforf5f7hj5giysi", user_id: 1, created_at: "2025-03-22 08:06:11.902588000 +0000", updated_at: "2025-03-22 08:06:11.902588000 +0000">[0m
       [36m# ./app/views/users/show.html.erb:21:in `block in _app_views_users_show_html_erb___970446864522886981_24080'[0m
       [36m# ./app/views/users/show.html.erb:17:in `_app_views_users_show_html_erb___970446864522886981_24080'[0m
       [36m# ./spec/system/03_finishing_touches_spec.rb:210:in `block (3 levels) in <main>'[0m
       [36m# ------------------[0m
       [36m# --- Caused by: ---[0m
       [36m# NoMethodError:[0m
       [36m#   undefined method `opinion' for #<Book id: 1, title: "8mdbk", body: "934lhforf5f7hj5giysi", user_id: 1, created_at: "2025-03-22 08:06:11.902588000 +0000", updated_at: "2025-03-22 08:06:11.902588000 +0000">[0m
       [36m#   ./app/views/users/show.html.erb:21:in `block in _app_views_users_show_html_erb___970446864522886981_24080'[0m

  123) [STEP3] 仕上げのテスト 他人の画面のテスト 他人のユーザ詳細画面のテスト 表示の確認 投稿一覧に他人の投稿のtitleが表示され、リンクが正しい
       [31mFailure/Error: <td><%= book.opinion %></td>[0m
       [31m[0m
       [31mActionView::Template::Error:[0m
       [31m  undefined method `opinion' for #<Book id: 1, title: "52dqe", body: "4svdqu3rqjfkrwmnxh72", user_id: 1, created_at: "2025-03-22 08:06:12.043131000 +0000", updated_at: "2025-03-22 08:06:12.043131000 +0000">[0m
       [36m# ./app/views/users/show.html.erb:21:in `block in _app_views_users_show_html_erb___970446864522886981_24080'[0m
       [36m# ./app/views/users/show.html.erb:17:in `_app_views_users_show_html_erb___970446864522886981_24080'[0m
       [36m# ./spec/system/03_finishing_touches_spec.rb:210:in `block (3 levels) in <main>'[0m
       [36m# ------------------[0m
       [36m# --- Caused by: ---[0m
       [36m# NoMethodError:[0m
       [36m#   undefined method `opinion' for #<Book id: 1, title: "52dqe", body: "4svdqu3rqjfkrwmnxh72", user_id: 1, created_at: "2025-03-22 08:06:12.043131000 +0000", updated_at: "2025-03-22 08:06:12.043131000 +0000">[0m
       [36m#   ./app/views/users/show.html.erb:21:in `block in _app_views_users_show_html_erb___970446864522886981_24080'[0m

  124) [STEP3] 仕上げのテスト 他人の画面のテスト 他人のユーザ詳細画面のテスト 表示の確認 投稿一覧に他人の投稿のopinionが表示される
       [31mFailure/Error: <td><%= book.opinion %></td>[0m
       [31m[0m
       [31mActionView::Template::Error:[0m
       [31m  undefined method `opinion' for #<Book id: 1, title: "2e235", body: "uif66873yvsz1p18f9vs", user_id: 1, created_at: "2025-03-22 08:06:12.166352000 +0000", updated_at: "2025-03-22 08:06:12.166352000 +0000">[0m
       [36m# ./app/views/users/show.html.erb:21:in `block in _app_views_users_show_html_erb___970446864522886981_24080'[0m
       [36m# ./app/views/users/show.html.erb:17:in `_app_views_users_show_html_erb___970446864522886981_24080'[0m
       [36m# ./spec/system/03_finishing_touches_spec.rb:210:in `block (3 levels) in <main>'[0m
       [36m# ------------------[0m
       [36m# --- Caused by: ---[0m
       [36m# NoMethodError:[0m
       [36m#   undefined method `opinion' for #<Book id: 1, title: "2e235", body: "uif66873yvsz1p18f9vs", user_id: 1, created_at: "2025-03-22 08:06:12.166352000 +0000", updated_at: "2025-03-22 08:06:12.166352000 +0000">[0m
       [36m#   ./app/views/users/show.html.erb:21:in `block in _app_views_users_show_html_erb___970446864522886981_24080'[0m

  125) [STEP3] 仕上げのテスト 他人の画面のテスト 他人のユーザ詳細画面のテスト 表示の確認 自分の投稿は表示されない
       [31mFailure/Error: <td><%= book.opinion %></td>[0m
       [31m[0m
       [31mActionView::Template::Error:[0m
       [31m  undefined method `opinion' for #<Book id: 1, title: "4q159", body: "1am7my98dodw7bcat0vs", user_id: 1, created_at: "2025-03-22 08:06:12.303343000 +0000", updated_at: "2025-03-22 08:06:12.303343000 +0000">[0m
       [36m# ./app/views/users/show.html.erb:21:in `block in _app_views_users_show_html_erb___970446864522886981_24080'[0m
       [36m# ./app/views/users/show.html.erb:17:in `_app_views_users_show_html_erb___970446864522886981_24080'[0m
       [36m# ./spec/system/03_finishing_touches_spec.rb:210:in `block (3 levels) in <main>'[0m
       [36m# ------------------[0m
       [36m# --- Caused by: ---[0m
       [36m# NoMethodError:[0m
       [36m#   undefined method `opinion' for #<Book id: 1, title: "4q159", body: "1am7my98dodw7bcat0vs", user_id: 1, created_at: "2025-03-22 08:06:12.303343000 +0000", updated_at: "2025-03-22 08:06:12.303343000 +0000">[0m
       [36m#   ./app/views/users/show.html.erb:21:in `block in _app_views_users_show_html_erb___970446864522886981_24080'[0m

  126) [STEP3] 仕上げのテスト 他人の画面のテスト 他人のユーザ詳細画面のテスト サイドバーの確認 他人の名前と紹介文が表示される
       [31mFailure/Error: <td><%= book.opinion %></td>[0m
       [31m[0m
       [31mActionView::Template::Error:[0m
       [31m  undefined method `opinion' for #<Book id: 1, title: "5js70", body: "5oidv7pkzzwrtwp4za2s", user_id: 1, created_at: "2025-03-22 08:06:12.431883000 +0000", updated_at: "2025-03-22 08:06:12.431883000 +0000">[0m
       [36m# ./app/views/users/show.html.erb:21:in `block in _app_views_users_show_html_erb___970446864522886981_24080'[0m
       [36m# ./app/views/users/show.html.erb:17:in `_app_views_users_show_html_erb___970446864522886981_24080'[0m
       [36m# ./spec/system/03_finishing_touches_spec.rb:210:in `block (3 levels) in <main>'[0m
       [36m# ------------------[0m
       [36m# --- Caused by: ---[0m
       [36m# NoMethodError:[0m
       [36m#   undefined method `opinion' for #<Book id: 1, title: "5js70", body: "5oidv7pkzzwrtwp4za2s", user_id: 1, created_at: "2025-03-22 08:06:12.431883000 +0000", updated_at: "2025-03-22 08:06:12.431883000 +0000">[0m
       [36m#   ./app/views/users/show.html.erb:21:in `block in _app_views_users_show_html_erb___970446864522886981_24080'[0m

  127) [STEP3] 仕上げのテスト 他人の画面のテスト 他人のユーザ詳細画面のテスト サイドバーの確認 他人のユーザ編集画面へのリンクが存在する
       [31mFailure/Error: <td><%= book.opinion %></td>[0m
       [31m[0m
       [31mActionView::Template::Error:[0m
       [31m  undefined method `opinion' for #<Book id: 1, title: "vdmr2", body: "aqx8i7v29g0njqawozrj", user_id: 1, created_at: "2025-03-22 08:06:12.566308000 +0000", updated_at: "2025-03-22 08:06:12.566308000 +0000">[0m
       [36m# ./app/views/users/show.html.erb:21:in `block in _app_views_users_show_html_erb___970446864522886981_24080'[0m
       [36m# ./app/views/users/show.html.erb:17:in `_app_views_users_show_html_erb___970446864522886981_24080'[0m
       [36m# ./spec/system/03_finishing_touches_spec.rb:210:in `block (3 levels) in <main>'[0m
       [36m# ------------------[0m
       [36m# --- Caused by: ---[0m
       [36m# NoMethodError:[0m
       [36m#   undefined method `opinion' for #<Book id: 1, title: "vdmr2", body: "aqx8i7v29g0njqawozrj", user_id: 1, created_at: "2025-03-22 08:06:12.566308000 +0000", updated_at: "2025-03-22 08:06:12.566308000 +0000">[0m
       [36m#   ./app/views/users/show.html.erb:21:in `block in _app_views_users_show_html_erb___970446864522886981_24080'[0m

  128) [STEP3] 仕上げのテスト 他人の画面のテスト 他人のユーザ詳細画面のテスト サイドバーの確認 自分の名前と紹介文は表示されない
       [31mFailure/Error: <td><%= book.opinion %></td>[0m
       [31m[0m
       [31mActionView::Template::Error:[0m
       [31m  undefined method `opinion' for #<Book id: 1, title: "1tbvw", body: "c23eq96nh559tfimwilq", user_id: 1, created_at: "2025-03-22 08:06:12.701237000 +0000", updated_at: "2025-03-22 08:06:12.701237000 +0000">[0m
       [36m# ./app/views/users/show.html.erb:21:in `block in _app_views_users_show_html_erb___970446864522886981_24080'[0m
       [36m# ./app/views/users/show.html.erb:17:in `_app_views_users_show_html_erb___970446864522886981_24080'[0m
       [36m# ./spec/system/03_finishing_touches_spec.rb:210:in `block (3 levels) in <main>'[0m
       [36m# ------------------[0m
       [36m# --- Caused by: ---[0m
       [36m# NoMethodError:[0m
       [36m#   undefined method `opinion' for #<Book id: 1, title: "1tbvw", body: "c23eq96nh559tfimwilq", user_id: 1, created_at: "2025-03-22 08:06:12.701237000 +0000", updated_at: "2025-03-22 08:06:12.701237000 +0000">[0m
       [36m#   ./app/views/users/show.html.erb:21:in `block in _app_views_users_show_html_erb___970446864522886981_24080'[0m

  129) [STEP3] 仕上げのテスト 他人の画面のテスト 他人のユーザ詳細画面のテスト サイドバーの確認 自分のユーザ編集画面へのリンクは存在しない
       [31mFailure/Error: <td><%= book.opinion %></td>[0m
       [31m[0m
       [31mActionView::Template::Error:[0m
       [31m  undefined method `opinion' for #<Book id: 1, title: "vl96b", body: "ijgq44jmufdlndpti1y8", user_id: 1, created_at: "2025-03-22 08:06:12.827691000 +0000", updated_at: "2025-03-22 08:06:12.827691000 +0000">[0m
       [36m# ./app/views/users/show.html.erb:21:in `block in _app_views_users_show_html_erb___970446864522886981_24080'[0m
       [36m# ./app/views/users/show.html.erb:17:in `_app_views_users_show_html_erb___970446864522886981_24080'[0m
       [36m# ./spec/system/03_finishing_touches_spec.rb:210:in `block (3 levels) in <main>'[0m
       [36m# ------------------[0m
       [36m# --- Caused by: ---[0m
       [36m# NoMethodError:[0m
       [36m#   undefined method `opinion' for #<Book id: 1, title: "vl96b", body: "ijgq44jmufdlndpti1y8", user_id: 1, created_at: "2025-03-22 08:06:12.827691000 +0000", updated_at: "2025-03-22 08:06:12.827691000 +0000">[0m
       [36m#   ./app/views/users/show.html.erb:21:in `block in _app_views_users_show_html_erb___970446864522886981_24080'[0m

  130) [STEP3] 仕上げのテスト 他人の画面のテスト 他人のユーザ情報編集画面 遷移できず、自分のユーザ詳細画面にリダイレクトされる
       [31mFailure/Error: <td><%= book.opinion %></td>[0m
       [31m[0m
       [31mActionView::Template::Error:[0m
       [31m  undefined method `opinion' for #<Book id: 1, title: "giypg", body: "hrw63zul5eujlqvx1cgi", user_id: 1, created_at: "2025-03-22 08:06:12.978345000 +0000", updated_at: "2025-03-22 08:06:12.978345000 +0000">[0m
       [36m# ./app/views/users/show.html.erb:21:in `block in _app_views_users_show_html_erb___970446864522886981_24080'[0m
       [36m# ./app/views/users/show.html.erb:17:in `_app_views_users_show_html_erb___970446864522886981_24080'[0m
       [36m# ./spec/system/03_finishing_touches_spec.rb:210:in `block (3 levels) in <main>'[0m
       [36m# ------------------[0m
       [36m# --- Caused by: ---[0m
       [36m# NoMethodError:[0m
       [36m#   undefined method `opinion' for #<Book id: 1, title: "giypg", body: "hrw63zul5eujlqvx1cgi", user_id: 1, created_at: "2025-03-22 08:06:12.978345000 +0000", updated_at: "2025-03-22 08:06:12.978345000 +0000">[0m
       [36m#   ./app/views/users/show.html.erb:21:in `block in _app_views_users_show_html_erb___970446864522886981_24080'[0m

  131) [STEP3] 仕上げのテスト グリッドシステムのテスト: container, row, col-md-〇を正しく使えている ユーザ一覧画面
       [31mFailure/Error: <td><%= book.opinion %></td>[0m
       [31m[0m
       [31mActionView::Template::Error:[0m
       [31m  undefined method `opinion' for #<Book id: 1, title: "tyi0i", body: "hiq03vsf2pugji7sc6wu", user_id: 1, created_at: "2025-03-22 08:06:13.109066000 +0000", updated_at: "2025-03-22 08:06:13.109066000 +0000">[0m
       [36m# ./app/views/users/show.html.erb:21:in `block in _app_views_users_show_html_erb___970446864522886981_24080'[0m
       [36m# ./app/views/users/show.html.erb:17:in `_app_views_users_show_html_erb___970446864522886981_24080'[0m
       [36m# ./spec/system/03_finishing_touches_spec.rb:330:in `block (3 levels) in <main>'[0m
       [36m# ------------------[0m
       [36m# --- Caused by: ---[0m
       [36m# NoMethodError:[0m
       [36m#   undefined method `opinion' for #<Book id: 1, title: "tyi0i", body: "hiq03vsf2pugji7sc6wu", user_id: 1, created_at: "2025-03-22 08:06:13.109066000 +0000", updated_at: "2025-03-22 08:06:13.109066000 +0000">[0m
       [36m#   ./app/views/users/show.html.erb:21:in `block in _app_views_users_show_html_erb___970446864522886981_24080'[0m

  132) [STEP3] 仕上げのテスト グリッドシステムのテスト: container, row, col-md-〇を正しく使えている ユーザ詳細画面
       [31mFailure/Error: <td><%= book.opinion %></td>[0m
       [31m[0m
       [31mActionView::Template::Error:[0m
       [31m  undefined method `opinion' for #<Book id: 1, title: "oxl53", body: "2qdx4orcf3nq2kthenz7", user_id: 1, created_at: "2025-03-22 08:06:13.238988000 +0000", updated_at: "2025-03-22 08:06:13.238988000 +0000">[0m
       [36m# ./app/views/users/show.html.erb:21:in `block in _app_views_users_show_html_erb___970446864522886981_24080'[0m
       [36m# ./app/views/users/show.html.erb:17:in `_app_views_users_show_html_erb___970446864522886981_24080'[0m
       [36m# ./spec/system/03_finishing_touches_spec.rb:330:in `block (3 levels) in <main>'[0m
       [36m# ------------------[0m
       [36m# --- Caused by: ---[0m
       [36m# NoMethodError:[0m
       [36m#   undefined method `opinion' for #<Book id: 1, title: "oxl53", body: "2qdx4orcf3nq2kthenz7", user_id: 1, created_at: "2025-03-22 08:06:13.238988000 +0000", updated_at: "2025-03-22 08:06:13.238988000 +0000">[0m
       [36m#   ./app/views/users/show.html.erb:21:in `block in _app_views_users_show_html_erb___970446864522886981_24080'[0m

  133) [STEP3] 仕上げのテスト グリッドシステムのテスト: container, row, col-md-〇を正しく使えている 投稿一覧画面
       [31mFailure/Error: <td><%= book.opinion %></td>[0m
       [31m[0m
       [31mActionView::Template::Error:[0m
       [31m  undefined method `opinion' for #<Book id: 1, title: "06y81", body: "twsg5lspd8opr8i5ztwj", user_id: 1, created_at: "2025-03-22 08:06:13.380610000 +0000", updated_at: "2025-03-22 08:06:13.380610000 +0000">[0m
       [36m# ./app/views/users/show.html.erb:21:in `block in _app_views_users_show_html_erb___970446864522886981_24080'[0m
       [36m# ./app/views/users/show.html.erb:17:in `_app_views_users_show_html_erb___970446864522886981_24080'[0m
       [36m# ./spec/system/03_finishing_touches_spec.rb:330:in `block (3 levels) in <main>'[0m
       [36m# ------------------[0m
       [36m# --- Caused by: ---[0m
       [36m# NoMethodError:[0m
       [36m#   undefined method `opinion' for #<Book id: 1, title: "06y81", body: "twsg5lspd8opr8i5ztwj", user_id: 1, created_at: "2025-03-22 08:06:13.380610000 +0000", updated_at: "2025-03-22 08:06:13.380610000 +0000">[0m
       [36m#   ./app/views/users/show.html.erb:21:in `block in _app_views_users_show_html_erb___970446864522886981_24080'[0m

  134) [STEP3] 仕上げのテスト グリッドシステムのテスト: container, row, col-md-〇を正しく使えている 投稿詳細画面
       [31mFailure/Error: <td><%= book.opinion %></td>[0m
       [31m[0m
       [31mActionView::Template::Error:[0m
       [31m  undefined method `opinion' for #<Book id: 1, title: "erfgr", body: "mi3k3v70i69fgwostqc9", user_id: 1, created_at: "2025-03-22 08:06:13.508768000 +0000", updated_at: "2025-03-22 08:06:13.508768000 +0000">[0m
       [36m# ./app/views/users/show.html.erb:21:in `block in _app_views_users_show_html_erb___970446864522886981_24080'[0m
       [36m# ./app/views/users/show.html.erb:17:in `_app_views_users_show_html_erb___970446864522886981_24080'[0m
       [36m# ./spec/system/03_finishing_touches_spec.rb:330:in `block (3 levels) in <main>'[0m
       [36m# ------------------[0m
       [36m# --- Caused by: ---[0m
       [36m# NoMethodError:[0m
       [36m#   undefined method `opinion' for #<Book id: 1, title: "erfgr", body: "mi3k3v70i69fgwostqc9", user_id: 1, created_at: "2025-03-22 08:06:13.508768000 +0000", updated_at: "2025-03-22 08:06:13.508768000 +0000">[0m
       [36m#   ./app/views/users/show.html.erb:21:in `block in _app_views_users_show_html_erb___970446864522886981_24080'[0m

  135) [STEP3] 仕上げのテスト アイコンのテスト ヘッダー: ログインしている場合 Homeリンクのアイコンが表示される
       [31mFailure/Error: <td><%= book.opinion %></td>[0m
       [31m[0m
       [31mActionView::Template::Error:[0m
       [31m  undefined method `opinion' for #<Book id: 1, title: "irebh", body: "fpbs6rk7qxkislrssnhf", user_id: 1, created_at: "2025-03-22 08:06:14.162964000 +0000", updated_at: "2025-03-22 08:06:14.162964000 +0000">[0m
       [36m# ./app/views/users/show.html.erb:21:in `block in _app_views_users_show_html_erb___970446864522886981_24080'[0m
       [36m# ./app/views/users/show.html.erb:17:in `_app_views_users_show_html_erb___970446864522886981_24080'[0m
       [36m# ./spec/system/03_finishing_touches_spec.rb:408:in `block (4 levels) in <main>'[0m
       [36m# ------------------[0m
       [36m# --- Caused by: ---[0m
       [36m# NoMethodError:[0m
       [36m#   undefined method `opinion' for #<Book id: 1, title: "irebh", body: "fpbs6rk7qxkislrssnhf", user_id: 1, created_at: "2025-03-22 08:06:14.162964000 +0000", updated_at: "2025-03-22 08:06:14.162964000 +0000">[0m
       [36m#   ./app/views/users/show.html.erb:21:in `block in _app_views_users_show_html_erb___970446864522886981_24080'[0m

  136) [STEP3] 仕上げのテスト アイコンのテスト ヘッダー: ログインしている場合 Usersリンクのアイコンが表示される
       [31mFailure/Error: <td><%= book.opinion %></td>[0m
       [31m[0m
       [31mActionView::Template::Error:[0m
       [31m  undefined method `opinion' for #<Book id: 1, title: "04u94", body: "srsmxpccuirmux7pmj3d", user_id: 1, created_at: "2025-03-22 08:06:14.304646000 +0000", updated_at: "2025-03-22 08:06:14.304646000 +0000">[0m
       [36m# ./app/views/users/show.html.erb:21:in `block in _app_views_users_show_html_erb___970446864522886981_24080'[0m
       [36m# ./app/views/users/show.html.erb:17:in `_app_views_users_show_html_erb___970446864522886981_24080'[0m
       [36m# ./spec/system/03_finishing_touches_spec.rb:408:in `block (4 levels) in <main>'[0m
       [36m# ------------------[0m
       [36m# --- Caused by: ---[0m
       [36m# NoMethodError:[0m
       [36m#   undefined method `opinion' for #<Book id: 1, title: "04u94", body: "srsmxpccuirmux7pmj3d", user_id: 1, created_at: "2025-03-22 08:06:14.304646000 +0000", updated_at: "2025-03-22 08:06:14.304646000 +0000">[0m
       [36m#   ./app/views/users/show.html.erb:21:in `block in _app_views_users_show_html_erb___970446864522886981_24080'[0m

  137) [STEP3] 仕上げのテスト アイコンのテスト ヘッダー: ログインしている場合 Booksリンクのアイコンが表示される
       [31mFailure/Error: <td><%= book.opinion %></td>[0m
       [31m[0m
       [31mActionView::Template::Error:[0m
       [31m  undefined method `opinion' for #<Book id: 1, title: "vxbap", body: "aih4paw527j2tl8z91pn", user_id: 1, created_at: "2025-03-22 08:06:14.546850000 +0000", updated_at: "2025-03-22 08:06:14.546850000 +0000">[0m
       [36m# ./app/views/users/show.html.erb:21:in `block in _app_views_users_show_html_erb___970446864522886981_24080'[0m
       [36m# ./app/views/users/show.html.erb:17:in `_app_views_users_show_html_erb___970446864522886981_24080'[0m
       [36m# ./spec/system/03_finishing_touches_spec.rb:408:in `block (4 levels) in <main>'[0m
       [36m# ------------------[0m
       [36m# --- Caused by: ---[0m
       [36m# NoMethodError:[0m
       [36m#   undefined method `opinion' for #<Book id: 1, title: "vxbap", body: "aih4paw527j2tl8z91pn", user_id: 1, created_at: "2025-03-22 08:06:14.546850000 +0000", updated_at: "2025-03-22 08:06:14.546850000 +0000">[0m
       [36m#   ./app/views/users/show.html.erb:21:in `block in _app_views_users_show_html_erb___970446864522886981_24080'[0m

  138) [STEP3] 仕上げのテスト アイコンのテスト ヘッダー: ログインしている場合 Log outリンクのアイコンが表示される
       [31mFailure/Error: <td><%= book.opinion %></td>[0m
       [31m[0m
       [31mActionView::Template::Error:[0m
       [31m  undefined method `opinion' for #<Book id: 1, title: "7znil", body: "3r52xq7z0k6tlpxydyct", user_id: 1, created_at: "2025-03-22 08:06:14.680506000 +0000", updated_at: "2025-03-22 08:06:14.680506000 +0000">[0m
       [36m# ./app/views/users/show.html.erb:21:in `block in _app_views_users_show_html_erb___970446864522886981_24080'[0m
       [36m# ./app/views/users/show.html.erb:17:in `_app_views_users_show_html_erb___970446864522886981_24080'[0m
       [36m# ./spec/system/03_finishing_touches_spec.rb:408:in `block (4 levels) in <main>'[0m
       [36m# ------------------[0m
       [36m# --- Caused by: ---[0m
       [36m# NoMethodError:[0m
       [36m#   undefined method `opinion' for #<Book id: 1, title: "7znil", body: "3r52xq7z0k6tlpxydyct", user_id: 1, created_at: "2025-03-22 08:06:14.680506000 +0000", updated_at: "2025-03-22 08:06:14.680506000 +0000">[0m
       [36m#   ./app/views/users/show.html.erb:21:in `block in _app_views_users_show_html_erb___970446864522886981_24080'[0m

  139) [STEP3] 仕上げのテスト アイコンのテスト サイドバー ユーザ一覧画面でレンチアイコンが表示される
       [31mFailure/Error: <td><%= book.opinion %></td>[0m
       [31m[0m
       [31mActionView::Template::Error:[0m
       [31m  undefined method `opinion' for #<Book id: 1, title: "uoazt", body: "aj6aurqmr547rpqjjbr1", user_id: 1, created_at: "2025-03-22 08:06:14.814827000 +0000", updated_at: "2025-03-22 08:06:14.814827000 +0000">[0m
       [36m# ./app/views/users/show.html.erb:21:in `block in _app_views_users_show_html_erb___970446864522886981_24080'[0m
       [36m# ./app/views/users/show.html.erb:17:in `_app_views_users_show_html_erb___970446864522886981_24080'[0m
       [36m# ./spec/system/03_finishing_touches_spec.rb:432:in `block (4 levels) in <main>'[0m
       [36m# ------------------[0m
       [36m# --- Caused by: ---[0m
       [36m# NoMethodError:[0m
       [36m#   undefined method `opinion' for #<Book id: 1, title: "uoazt", body: "aj6aurqmr547rpqjjbr1", user_id: 1, created_at: "2025-03-22 08:06:14.814827000 +0000", updated_at: "2025-03-22 08:06:14.814827000 +0000">[0m
       [36m#   ./app/views/users/show.html.erb:21:in `block in _app_views_users_show_html_erb___970446864522886981_24080'[0m

  140) [STEP3] 仕上げのテスト アイコンのテスト サイドバー ユーザ詳細画面でレンチアイコンが表示される
       [31mFailure/Error: <td><%= book.opinion %></td>[0m
       [31m[0m
       [31mActionView::Template::Error:[0m
       [31m  undefined method `opinion' for #<Book id: 1, title: "d7kbr", body: "wqge0dh11u5n8ndk1q6j", user_id: 1, created_at: "2025-03-22 08:06:14.940861000 +0000", updated_at: "2025-03-22 08:06:14.940861000 +0000">[0m
       [36m# ./app/views/users/show.html.erb:21:in `block in _app_views_users_show_html_erb___970446864522886981_24080'[0m
       [36m# ./app/views/users/show.html.erb:17:in `_app_views_users_show_html_erb___970446864522886981_24080'[0m
       [36m# ./spec/system/03_finishing_touches_spec.rb:432:in `block (4 levels) in <main>'[0m
       [36m# ------------------[0m
       [36m# --- Caused by: ---[0m
       [36m# NoMethodError:[0m
       [36m#   undefined method `opinion' for #<Book id: 1, title: "d7kbr", body: "wqge0dh11u5n8ndk1q6j", user_id: 1, created_at: "2025-03-22 08:06:14.940861000 +0000", updated_at: "2025-03-22 08:06:14.940861000 +0000">[0m
       [36m#   ./app/views/users/show.html.erb:21:in `block in _app_views_users_show_html_erb___970446864522886981_24080'[0m

  141) [STEP3] 仕上げのテスト アイコンのテスト サイドバー 投稿一覧画面でレンチアイコンが表示される
       [31mFailure/Error: <td><%= book.opinion %></td>[0m
       [31m[0m
       [31mActionView::Template::Error:[0m
       [31m  undefined method `opinion' for #<Book id: 1, title: "u5nk7", body: "cno8rec6wll93nsf9r4g", user_id: 1, created_at: "2025-03-22 08:06:15.078008000 +0000", updated_at: "2025-03-22 08:06:15.078008000 +0000">[0m
       [36m# ./app/views/users/show.html.erb:21:in `block in _app_views_users_show_html_erb___970446864522886981_24080'[0m
       [36m# ./app/views/users/show.html.erb:17:in `_app_views_users_show_html_erb___970446864522886981_24080'[0m
       [36m# ./spec/system/03_finishing_touches_spec.rb:432:in `block (4 levels) in <main>'[0m
       [36m# ------------------[0m
       [36m# --- Caused by: ---[0m
       [36m# NoMethodError:[0m
       [36m#   undefined method `opinion' for #<Book id: 1, title: "u5nk7", body: "cno8rec6wll93nsf9r4g", user_id: 1, created_at: "2025-03-22 08:06:15.078008000 +0000", updated_at: "2025-03-22 08:06:15.078008000 +0000">[0m
       [36m#   ./app/views/users/show.html.erb:21:in `block in _app_views_users_show_html_erb___970446864522886981_24080'[0m

  142) [STEP3] 仕上げのテスト アイコンのテスト サイドバー 投稿詳細画面でレンチアイコンが表示される
       [31mFailure/Error: <td><%= book.opinion %></td>[0m
       [31m[0m
       [31mActionView::Template::Error:[0m
       [31m  undefined method `opinion' for #<Book id: 1, title: "ts3cb", body: "l9vmt9c44vla50dsg4w9", user_id: 1, created_at: "2025-03-22 08:06:15.214349000 +0000", updated_at: "2025-03-22 08:06:15.214349000 +0000">[0m
       [36m# ./app/views/users/show.html.erb:21:in `block in _app_views_users_show_html_erb___970446864522886981_24080'[0m
       [36m# ./app/views/users/show.html.erb:17:in `_app_views_users_show_html_erb___970446864522886981_24080'[0m
       [36m# ./spec/system/03_finishing_touches_spec.rb:432:in `block (4 levels) in <main>'[0m
       [36m# ------------------[0m
       [36m# --- Caused by: ---[0m
       [36m# NoMethodError:[0m
       [36m#   undefined method `opinion' for #<Book id: 1, title: "ts3cb", body: "l9vmt9c44vla50dsg4w9", user_id: 1, created_at: "2025-03-22 08:06:15.214349000 +0000", updated_at: "2025-03-22 08:06:15.214349000 +0000">[0m
       [36m#   ./app/views/users/show.html.erb:21:in `block in _app_views_users_show_html_erb___970446864522886981_24080'[0m

Finished in 23.03 seconds (files took 3.9 seconds to load)
[31m201 examples, 142 failures[0m

Failed examples:

[31mrspec ./spec/controllers/users_controller_spec.rb:14[0m [36m# UsersController GET #edit ログインユーザーの場合 レスポンスが成功すること[0m
[31mrspec ./spec/controllers/users_controller_spec.rb:18[0m [36m# UsersController GET #edit ログインユーザーの場合 @userが正しく設定されていること[0m
[31mrspec ./spec/models/book_spec.rb:11[0m [36m# Bookモデルのテスト バリデーションのテスト titleカラム 空欄でないこと[0m
[31mrspec ./spec/models/book_spec.rb:18[0m [36m# Bookモデルのテスト バリデーションのテスト bodyカラム 空欄でないこと[0m
[31mrspec ./spec/models/book_spec.rb:26[0m [36m# Bookモデルのテスト バリデーションのテスト bodyカラム 200文字以下であること: 201文字は×[0m
[31mrspec ./spec/models/user_spec.rb:11[0m [36m# Userモデルのテスト バリデーションのテスト nameカラム 空欄でないこと[0m
[31mrspec ./spec/models/user_spec.rb:15[0m [36m# Userモデルのテスト バリデーションのテスト nameカラム 2文字以上であること: 1文字は×[0m
[31mrspec ./spec/models/user_spec.rb:27[0m [36m# Userモデルのテスト バリデーションのテスト nameカラム 20文字以下であること: 21文字は×[0m
[31mrspec ./spec/models/user_spec.rb:31[0m [36m# Userモデルのテスト バリデーションのテスト nameカラム 一意性があること[0m
[31mrspec ./spec/models/user_spec.rb:42[0m [36m# Userモデルのテスト バリデーションのテスト introductionカラム 50文字以下であること: 51文字は×[0m
[31mrspec ./spec/system/02_after_login_spec.rb:20[0m [36m# [STEP2] ユーザログイン後のテスト ヘッダーのテスト: ログインしている場合 リンクの内容を確認: ※logoutは『ユーザログアウトのテスト』でテスト済みになります。 Homeを押すと、自分のユーザ詳細画面に遷移する[0m
[31mrspec ./spec/system/02_after_login_spec.rb:26[0m [36m# [STEP2] ユーザログイン後のテスト ヘッダーのテスト: ログインしている場合 リンクの内容を確認: ※logoutは『ユーザログアウトのテスト』でテスト済みになります。 Usersを押すと、ユーザ一覧画面に遷移する[0m
[31mrspec ./spec/system/02_after_login_spec.rb:32[0m [36m# [STEP2] ユーザログイン後のテスト ヘッダーのテスト: ログインしている場合 リンクの内容を確認: ※logoutは『ユーザログアウトのテスト』でテスト済みになります。 Booksを押すと、投稿一覧画面に遷移する[0m
[31mrspec ./spec/system/02_after_login_spec.rb:47[0m [36m# [STEP2] ユーザログイン後のテスト 投稿一覧画面のテスト 表示内容の確認 URLが正しい[0m
[31mrspec ./spec/system/02_after_login_spec.rb:50[0m [36m# [STEP2] ユーザログイン後のテスト 投稿一覧画面のテスト 表示内容の確認 自分と他人の画像のリンク先が正しい[0m
[31mrspec ./spec/system/02_after_login_spec.rb:54[0m [36m# [STEP2] ユーザログイン後のテスト 投稿一覧画面のテスト 表示内容の確認 自分の投稿と他人の投稿のタイトルのリンク先がそれぞれ正しい[0m
[31mrspec ./spec/system/02_after_login_spec.rb:58[0m [36m# [STEP2] ユーザログイン後のテスト 投稿一覧画面のテスト 表示内容の確認 自分の投稿と他人の投稿のオピニオンが表示される[0m
[31mrspec ./spec/system/02_after_login_spec.rb:65[0m [36m# [STEP2] ユーザログイン後のテスト 投稿一覧画面のテスト サイドバーの確認 自分の名前と紹介文が表示される[0m
[31mrspec ./spec/system/02_after_login_spec.rb:69[0m [36m# [STEP2] ユーザログイン後のテスト 投稿一覧画面のテスト サイドバーの確認 自分のユーザ編集画面へのリンクが存在する[0m
[31mrspec ./spec/system/02_after_login_spec.rb:72[0m [36m# [STEP2] ユーザログイン後のテスト 投稿一覧画面のテスト サイドバーの確認 「New book」と表示される[0m
[31mrspec ./spec/system/02_after_login_spec.rb:75[0m [36m# [STEP2] ユーザログイン後のテスト 投稿一覧画面のテスト サイドバーの確認 titleフォームが表示される[0m
[31mrspec ./spec/system/02_after_login_spec.rb:78[0m [36m# [STEP2] ユーザログイン後のテスト 投稿一覧画面のテスト サイドバーの確認 titleフォームに値が入っていない[0m
[31mrspec ./spec/system/02_after_login_spec.rb:81[0m [36m# [STEP2] ユーザログイン後のテスト 投稿一覧画面のテスト サイドバーの確認 bodyフォームが表示される[0m
[31mrspec ./spec/system/02_after_login_spec.rb:84[0m [36m# [STEP2] ユーザログイン後のテスト 投稿一覧画面のテスト サイドバーの確認 bodyフォームに値が入っていない[0m
[31mrspec ./spec/system/02_after_login_spec.rb:87[0m [36m# [STEP2] ユーザログイン後のテスト 投稿一覧画面のテスト サイドバーの確認 Create Bookボタンが表示される[0m
[31mrspec ./spec/system/02_after_login_spec.rb:98[0m [36m# [STEP2] ユーザログイン後のテスト 投稿一覧画面のテスト 投稿成功のテスト 自分の新しい投稿が正しく保存される[0m
[31mrspec ./spec/system/02_after_login_spec.rb:101[0m [36m# [STEP2] ユーザログイン後のテスト 投稿一覧画面のテスト 投稿成功のテスト リダイレクト先が、保存できた投稿の詳細画面になっている[0m
[31mrspec ./spec/system/02_after_login_spec.rb:114[0m [36m# [STEP2] ユーザログイン後のテスト 自分の投稿詳細画面のテスト 表示内容の確認 URLが正しい[0m
[31mrspec ./spec/system/02_after_login_spec.rb:117[0m [36m# [STEP2] ユーザログイン後のテスト 自分の投稿詳細画面のテスト 表示内容の確認 「Book detail」と表示される[0m
[31mrspec ./spec/system/02_after_login_spec.rb:120[0m [36m# [STEP2] ユーザログイン後のテスト 自分の投稿詳細画面のテスト 表示内容の確認 ユーザ画像・名前のリンク先が正しい[0m
[31mrspec ./spec/system/02_after_login_spec.rb:123[0m [36m# [STEP2] ユーザログイン後のテスト 自分の投稿詳細画面のテスト 表示内容の確認 投稿のtitleが表示される[0m
[31mrspec ./spec/system/02_after_login_spec.rb:126[0m [36m# [STEP2] ユーザログイン後のテスト 自分の投稿詳細画面のテスト 表示内容の確認 投稿のbodyが表示される[0m
[31mrspec ./spec/system/02_after_login_spec.rb:129[0m [36m# [STEP2] ユーザログイン後のテスト 自分の投稿詳細画面のテスト 表示内容の確認 投稿の編集リンクが表示される[0m
[31mrspec ./spec/system/02_after_login_spec.rb:132[0m [36m# [STEP2] ユーザログイン後のテスト 自分の投稿詳細画面のテスト 表示内容の確認 投稿の削除リンクが表示される[0m
[31mrspec ./spec/system/02_after_login_spec.rb:138[0m [36m# [STEP2] ユーザログイン後のテスト 自分の投稿詳細画面のテスト サイドバーの確認 自分の名前と紹介文が表示される[0m
[31mrspec ./spec/system/02_after_login_spec.rb:142[0m [36m# [STEP2] ユーザログイン後のテスト 自分の投稿詳細画面のテスト サイドバーの確認 自分のユーザ編集画面へのリンクが存在する[0m
[31mrspec ./spec/system/02_after_login_spec.rb:145[0m [36m# [STEP2] ユーザログイン後のテスト 自分の投稿詳細画面のテスト サイドバーの確認 「New book」と表示される[0m
[31mrspec ./spec/system/02_after_login_spec.rb:148[0m [36m# [STEP2] ユーザログイン後のテスト 自分の投稿詳細画面のテスト サイドバーの確認 titleフォームが表示される[0m
[31mrspec ./spec/system/02_after_login_spec.rb:151[0m [36m# [STEP2] ユーザログイン後のテスト 自分の投稿詳細画面のテスト サイドバーの確認 titleフォームに値が入っていない[0m
[31mrspec ./spec/system/02_after_login_spec.rb:154[0m [36m# [STEP2] ユーザログイン後のテスト 自分の投稿詳細画面のテスト サイドバーの確認 bodyフォームが表示される[0m
[31mrspec ./spec/system/02_after_login_spec.rb:157[0m [36m# [STEP2] ユーザログイン後のテスト 自分の投稿詳細画面のテスト サイドバーの確認 bodyフォームに値が入っていない[0m
[31mrspec ./spec/system/02_after_login_spec.rb:160[0m [36m# [STEP2] ユーザログイン後のテスト 自分の投稿詳細画面のテスト サイドバーの確認 Create Bookボタンが表示される[0m
[31mrspec ./spec/system/02_after_login_spec.rb:171[0m [36m# [STEP2] ユーザログイン後のテスト 自分の投稿詳細画面のテスト 投稿成功のテスト 自分の新しい投稿が正しく保存される[0m
[31mrspec ./spec/system/02_after_login_spec.rb:180[0m [36m# [STEP2] ユーザログイン後のテスト 自分の投稿詳細画面のテスト 編集リンクのテスト 編集画面に遷移する[0m
[31mrspec ./spec/system/02_after_login_spec.rb:189[0m [36m# [STEP2] ユーザログイン後のテスト 自分の投稿詳細画面のテスト 削除リンクのテスト application.html.erbにjavascript_pack_tagを含んでいる[0m
[31mrspec ./spec/system/02_after_login_spec.rb:203[0m [36m# [STEP2] ユーザログイン後のテスト 自分の投稿詳細画面のテスト 削除リンクのテスト 正しく削除される[0m
[31mrspec ./spec/system/02_after_login_spec.rb:206[0m [36m# [STEP2] ユーザログイン後のテスト 自分の投稿詳細画面のテスト 削除リンクのテスト リダイレクト先が、投稿一覧画面になっている[0m
[31mrspec ./spec/system/02_after_login_spec.rb:218[0m [36m# [STEP2] ユーザログイン後のテスト 自分の投稿編集画面のテスト 表示の確認 URLが正しい[0m
[31mrspec ./spec/system/02_after_login_spec.rb:221[0m [36m# [STEP2] ユーザログイン後のテスト 自分の投稿編集画面のテスト 表示の確認 「Editing Book」と表示される[0m
[31mrspec ./spec/system/02_after_login_spec.rb:224[0m [36m# [STEP2] ユーザログイン後のテスト 自分の投稿編集画面のテスト 表示の確認 title編集フォームが表示される[0m
[31mrspec ./spec/system/02_after_login_spec.rb:227[0m [36m# [STEP2] ユーザログイン後のテスト 自分の投稿編集画面のテスト 表示の確認 body編集フォームが表示される[0m
[31mrspec ./spec/system/02_after_login_spec.rb:230[0m [36m# [STEP2] ユーザログイン後のテスト 自分の投稿編集画面のテスト 表示の確認 Update Bookボタンが表示される[0m
[31mrspec ./spec/system/02_after_login_spec.rb:233[0m [36m# [STEP2] ユーザログイン後のテスト 自分の投稿編集画面のテスト 表示の確認 Showリンクが表示される[0m
[31mrspec ./spec/system/02_after_login_spec.rb:236[0m [36m# [STEP2] ユーザログイン後のテスト 自分の投稿編集画面のテスト 表示の確認 Backリンクが表示される[0m
[31mrspec ./spec/system/02_after_login_spec.rb:250[0m [36m# [STEP2] ユーザログイン後のテスト 自分の投稿編集画面のテスト 編集成功のテスト titleが正しく更新される[0m
[31mrspec ./spec/system/02_after_login_spec.rb:253[0m [36m# [STEP2] ユーザログイン後のテスト 自分の投稿編集画面のテスト 編集成功のテスト bodyが正しく更新される[0m
[31mrspec ./spec/system/02_after_login_spec.rb:256[0m [36m# [STEP2] ユーザログイン後のテスト 自分の投稿編集画面のテスト 編集成功のテスト リダイレクト先が、更新した投稿の詳細画面になっている[0m
[31mrspec ./spec/system/02_after_login_spec.rb:269[0m [36m# [STEP2] ユーザログイン後のテスト ユーザ一覧画面のテスト 表示内容の確認 URLが正しい[0m
[31mrspec ./spec/system/02_after_login_spec.rb:272[0m [36m# [STEP2] ユーザログイン後のテスト ユーザ一覧画面のテスト 表示内容の確認 自分と他人の画像が表示される: fallbackの画像がサイドバーの1つ＋一覧(2人)の2つの計3つ存在する[0m
[31mrspec ./spec/system/02_after_login_spec.rb:275[0m [36m# [STEP2] ユーザログイン後のテスト ユーザ一覧画面のテスト 表示内容の確認 自分と他人の名前がそれぞれ表示される[0m
[31mrspec ./spec/system/02_after_login_spec.rb:279[0m [36m# [STEP2] ユーザログイン後のテスト ユーザ一覧画面のテスト 表示内容の確認 自分と他人のshowリンクがそれぞれ表示される[0m
[31mrspec ./spec/system/02_after_login_spec.rb:286[0m [36m# [STEP2] ユーザログイン後のテスト ユーザ一覧画面のテスト サイドバーの確認 自分の名前と紹介文が表示される[0m
[31mrspec ./spec/system/02_after_login_spec.rb:290[0m [36m# [STEP2] ユーザログイン後のテスト ユーザ一覧画面のテスト サイドバーの確認 自分のユーザ編集画面へのリンクが存在する[0m
[31mrspec ./spec/system/02_after_login_spec.rb:293[0m [36m# [STEP2] ユーザログイン後のテスト ユーザ一覧画面のテスト サイドバーの確認 「New book」と表示される[0m
[31mrspec ./spec/system/02_after_login_spec.rb:296[0m [36m# [STEP2] ユーザログイン後のテスト ユーザ一覧画面のテスト サイドバーの確認 titleフォームが表示される[0m
[31mrspec ./spec/system/02_after_login_spec.rb:299[0m [36m# [STEP2] ユーザログイン後のテスト ユーザ一覧画面のテスト サイドバーの確認 titleフォームに値が入っていない[0m
[31mrspec ./spec/system/02_after_login_spec.rb:302[0m [36m# [STEP2] ユーザログイン後のテスト ユーザ一覧画面のテスト サイドバーの確認 bodyフォームが表示される[0m
[31mrspec ./spec/system/02_after_login_spec.rb:305[0m [36m# [STEP2] ユーザログイン後のテスト ユーザ一覧画面のテスト サイドバーの確認 bodyフォームに値が入っていない[0m
[31mrspec ./spec/system/02_after_login_spec.rb:308[0m [36m# [STEP2] ユーザログイン後のテスト ユーザ一覧画面のテスト サイドバーの確認 Create Bookボタンが表示される[0m
[31mrspec ./spec/system/02_after_login_spec.rb:320[0m [36m# [STEP2] ユーザログイン後のテスト 自分のユーザ詳細画面のテスト 表示の確認 URLが正しい[0m
[31mrspec ./spec/system/02_after_login_spec.rb:323[0m [36m# [STEP2] ユーザログイン後のテスト 自分のユーザ詳細画面のテスト 表示の確認 投稿一覧のユーザ画像のリンク先が正しい[0m
[31mrspec ./spec/system/02_after_login_spec.rb:326[0m [36m# [STEP2] ユーザログイン後のテスト 自分のユーザ詳細画面のテスト 表示の確認 投稿一覧に自分の投稿のtitleが表示され、リンクが正しい[0m
[31mrspec ./spec/system/02_after_login_spec.rb:329[0m [36m# [STEP2] ユーザログイン後のテスト 自分のユーザ詳細画面のテスト 表示の確認 投稿一覧に自分の投稿のbodyが表示される[0m
[31mrspec ./spec/system/02_after_login_spec.rb:332[0m [36m# [STEP2] ユーザログイン後のテスト 自分のユーザ詳細画面のテスト 表示の確認 他人の投稿は表示されない[0m
[31mrspec ./spec/system/02_after_login_spec.rb:340[0m [36m# [STEP2] ユーザログイン後のテスト 自分のユーザ詳細画面のテスト サイドバーの確認 自分の名前と紹介文が表示される[0m
[31mrspec ./spec/system/02_after_login_spec.rb:344[0m [36m# [STEP2] ユーザログイン後のテスト 自分のユーザ詳細画面のテスト サイドバーの確認 自分のユーザ編集画面へのリンクが存在する[0m
[31mrspec ./spec/system/02_after_login_spec.rb:347[0m [36m# [STEP2] ユーザログイン後のテスト 自分のユーザ詳細画面のテスト サイドバーの確認 「New book」と表示される[0m
[31mrspec ./spec/system/02_after_login_spec.rb:350[0m [36m# [STEP2] ユーザログイン後のテスト 自分のユーザ詳細画面のテスト サイドバーの確認 titleフォームが表示される[0m
[31mrspec ./spec/system/02_after_login_spec.rb:353[0m [36m# [STEP2] ユーザログイン後のテスト 自分のユーザ詳細画面のテスト サイドバーの確認 titleフォームに値が入っていない[0m
[31mrspec ./spec/system/02_after_login_spec.rb:356[0m [36m# [STEP2] ユーザログイン後のテスト 自分のユーザ詳細画面のテスト サイドバーの確認 bodyフォームが表示される[0m
[31mrspec ./spec/system/02_after_login_spec.rb:359[0m [36m# [STEP2] ユーザログイン後のテスト 自分のユーザ詳細画面のテスト サイドバーの確認 bodyフォームに値が入っていない[0m
[31mrspec ./spec/system/02_after_login_spec.rb:362[0m [36m# [STEP2] ユーザログイン後のテスト 自分のユーザ詳細画面のテスト サイドバーの確認 Create Bookボタンが表示される[0m
[31mrspec ./spec/system/02_after_login_spec.rb:374[0m [36m# [STEP2] ユーザログイン後のテスト 自分のユーザ情報編集画面のテスト 表示の確認 URLが正しい[0m
[31mrspec ./spec/system/02_after_login_spec.rb:377[0m [36m# [STEP2] ユーザログイン後のテスト 自分のユーザ情報編集画面のテスト 表示の確認 名前編集フォームに自分の名前が表示される[0m
[31mrspec ./spec/system/02_after_login_spec.rb:380[0m [36m# [STEP2] ユーザログイン後のテスト 自分のユーザ情報編集画面のテスト 表示の確認 画像編集フォームが表示される[0m
[31mrspec ./spec/system/02_after_login_spec.rb:383[0m [36m# [STEP2] ユーザログイン後のテスト 自分のユーザ情報編集画面のテスト 表示の確認 自己紹介編集フォームに自分の自己紹介文が表示される[0m
[31mrspec ./spec/system/02_after_login_spec.rb:386[0m [36m# [STEP2] ユーザログイン後のテスト 自分のユーザ情報編集画面のテスト 表示の確認 Update Userボタンが表示される[0m
[31mrspec ./spec/system/02_after_login_spec.rb:402[0m [36m# [STEP2] ユーザログイン後のテスト 自分のユーザ情報編集画面のテスト 更新成功のテスト nameが正しく更新される[0m
[31mrspec ./spec/system/02_after_login_spec.rb:405[0m [36m# [STEP2] ユーザログイン後のテスト 自分のユーザ情報編集画面のテスト 更新成功のテスト introductionが正しく更新される[0m
[31mrspec ./spec/system/02_after_login_spec.rb:408[0m [36m# [STEP2] ユーザログイン後のテスト 自分のユーザ情報編集画面のテスト 更新成功のテスト リダイレクト先が、自分のユーザ詳細画面になっている[0m
[31mrspec ./spec/system/03_finishing_touches_spec.rb:21[0m [36m# [STEP3] 仕上げのテスト サクセスメッセージのテスト ユーザログイン成功時[0m
[31mrspec ./spec/system/03_finishing_touches_spec.rb:28[0m [36m# [STEP3] 仕上げのテスト サクセスメッセージのテスト ユーザログアウト成功時[0m
[31mrspec ./spec/system/03_finishing_touches_spec.rb:38[0m [36m# [STEP3] 仕上げのテスト サクセスメッセージのテスト ユーザのプロフィール情報更新成功時[0m
[31mrspec ./spec/system/03_finishing_touches_spec.rb:47[0m [36m# [STEP3] 仕上げのテスト サクセスメッセージのテスト 投稿データの新規投稿成功時: 投稿一覧画面から行います。[0m
[31mrspec ./spec/system/03_finishing_touches_spec.rb:58[0m [36m# [STEP3] 仕上げのテスト サクセスメッセージのテスト 投稿データの更新成功時[0m
[31mrspec ./spec/system/03_finishing_touches_spec.rb:81[0m [36m# [STEP3] 仕上げのテスト 処理失敗時のテスト ユーザ新規登録失敗: nameを1文字にする 新規登録されない[0m
[31mrspec ./spec/system/03_finishing_touches_spec.rb:84[0m [36m# [STEP3] 仕上げのテスト 処理失敗時のテスト ユーザ新規登録失敗: nameを1文字にする 新規登録画面を表示しており、フォームの内容が正しい[0m
[31mrspec ./spec/system/03_finishing_touches_spec.rb:90[0m [36m# [STEP3] 仕上げのテスト 処理失敗時のテスト ユーザ新規登録失敗: nameを1文字にする バリデーションエラーが表示される[0m
[31mrspec ./spec/system/03_finishing_touches_spec.rb:109[0m [36m# [STEP3] 仕上げのテスト 処理失敗時のテスト ユーザのプロフィール情報編集失敗: nameを1文字にする 更新されない[0m
[31mrspec ./spec/system/03_finishing_touches_spec.rb:112[0m [36m# [STEP3] 仕上げのテスト 処理失敗時のテスト ユーザのプロフィール情報編集失敗: nameを1文字にする ユーザ編集画面を表示しており、フォームの内容が正しい[0m
[31mrspec ./spec/system/03_finishing_touches_spec.rb:115[0m [36m# [STEP3] 仕上げのテスト 処理失敗時のテスト ユーザのプロフィール情報編集失敗: nameを1文字にする バリデーションエラーが表示される[0m
[31mrspec ./spec/system/03_finishing_touches_spec.rb:131[0m [36m# [STEP3] 仕上げのテスト 処理失敗時のテスト 投稿データの新規投稿失敗: 投稿一覧画面から行い、titleを空にする 投稿が保存されない[0m
[31mrspec ./spec/system/03_finishing_touches_spec.rb:134[0m [36m# [STEP3] 仕上げのテスト 処理失敗時のテスト 投稿データの新規投稿失敗: 投稿一覧画面から行い、titleを空にする 投稿一覧画面を表示している[0m
[31mrspec ./spec/system/03_finishing_touches_spec.rb:140[0m [36m# [STEP3] 仕上げのテスト 処理失敗時のテスト 投稿データの新規投稿失敗: 投稿一覧画面から行い、titleを空にする 新規投稿フォームの内容が正しい[0m
[31mrspec ./spec/system/03_finishing_touches_spec.rb:144[0m [36m# [STEP3] 仕上げのテスト 処理失敗時のテスト 投稿データの新規投稿失敗: 投稿一覧画面から行い、titleを空にする バリデーションエラーが表示される[0m
[31mrspec ./spec/system/03_finishing_touches_spec.rb:162[0m [36m# [STEP3] 仕上げのテスト 処理失敗時のテスト 投稿データの更新失敗: titleを空にする 投稿が更新されない[0m
[31mrspec ./spec/system/03_finishing_touches_spec.rb:165[0m [36m# [STEP3] 仕上げのテスト 処理失敗時のテスト 投稿データの更新失敗: titleを空にする 投稿編集画面を表示しており、フォームの内容が正しい[0m
[31mrspec ./spec/system/03_finishing_touches_spec.rb:170[0m [36m# [STEP3] 仕上げのテスト 処理失敗時のテスト 投稿データの更新失敗: titleを空にする エラーメッセージが表示される[0m
[31mrspec ./spec/system/03_finishing_touches_spec.rb:219[0m [36m# [STEP3] 仕上げのテスト 他人の画面のテスト 他人の投稿詳細画面のテスト 表示内容の確認 URLが正しい[0m
[31mrspec ./spec/system/03_finishing_touches_spec.rb:222[0m [36m# [STEP3] 仕上げのテスト 他人の画面のテスト 他人の投稿詳細画面のテスト 表示内容の確認 「Book detail」と表示される[0m
[31mrspec ./spec/system/03_finishing_touches_spec.rb:225[0m [36m# [STEP3] 仕上げのテスト 他人の画面のテスト 他人の投稿詳細画面のテスト 表示内容の確認 ユーザ画像・名前のリンク先が正しい[0m
[31mrspec ./spec/system/03_finishing_touches_spec.rb:228[0m [36m# [STEP3] 仕上げのテスト 他人の画面のテスト 他人の投稿詳細画面のテスト 表示内容の確認 投稿のtitleが表示される[0m
[31mrspec ./spec/system/03_finishing_touches_spec.rb:231[0m [36m# [STEP3] 仕上げのテスト 他人の画面のテスト 他人の投稿詳細画面のテスト 表示内容の確認 投稿のopinionが表示される[0m
[31mrspec ./spec/system/03_finishing_touches_spec.rb:234[0m [36m# [STEP3] 仕上げのテスト 他人の画面のテスト 他人の投稿詳細画面のテスト 表示内容の確認 投稿の編集リンクが表示されない[0m
[31mrspec ./spec/system/03_finishing_touches_spec.rb:237[0m [36m# [STEP3] 仕上げのテスト 他人の画面のテスト 他人の投稿詳細画面のテスト 表示内容の確認 投稿の削除リンクが表示されない[0m
[31mrspec ./spec/system/03_finishing_touches_spec.rb:243[0m [36m# [STEP3] 仕上げのテスト 他人の画面のテスト 他人の投稿詳細画面のテスト サイドバーの確認 他人の名前と紹介文が表示される[0m
[31mrspec ./spec/system/03_finishing_touches_spec.rb:247[0m [36m# [STEP3] 仕上げのテスト 他人の画面のテスト 他人の投稿詳細画面のテスト サイドバーの確認 他人のユーザ編集画面へのリンクが存在する[0m
[31mrspec ./spec/system/03_finishing_touches_spec.rb:250[0m [36m# [STEP3] 仕上げのテスト 他人の画面のテスト 他人の投稿詳細画面のテスト サイドバーの確認 自分の名前と紹介文は表示されない[0m
[31mrspec ./spec/system/03_finishing_touches_spec.rb:254[0m [36m# [STEP3] 仕上げのテスト 他人の画面のテスト 他人の投稿詳細画面のテスト サイドバーの確認 自分のユーザ編集画面へのリンクは存在しない[0m
[31mrspec ./spec/system/03_finishing_touches_spec.rb:265[0m [36m# [STEP3] 仕上げのテスト 他人の画面のテスト 他人の投稿編集画面 遷移できず、投稿一覧画面にリダイレクトされる[0m
[31mrspec ./spec/system/03_finishing_touches_spec.rb:279[0m [36m# [STEP3] 仕上げのテスト 他人の画面のテスト 他人のユーザ詳細画面のテスト 表示の確認 URLが正しい[0m
[31mrspec ./spec/system/03_finishing_touches_spec.rb:282[0m [36m# [STEP3] 仕上げのテスト 他人の画面のテスト 他人のユーザ詳細画面のテスト 表示の確認 投稿一覧のユーザ画像のリンク先が正しい[0m
[31mrspec ./spec/system/03_finishing_touches_spec.rb:285[0m [36m# [STEP3] 仕上げのテスト 他人の画面のテスト 他人のユーザ詳細画面のテスト 表示の確認 投稿一覧に他人の投稿のtitleが表示され、リンクが正しい[0m
[31mrspec ./spec/system/03_finishing_touches_spec.rb:288[0m [36m# [STEP3] 仕上げのテスト 他人の画面のテスト 他人のユーザ詳細画面のテスト 表示の確認 投稿一覧に他人の投稿のopinionが表示される[0m
[31mrspec ./spec/system/03_finishing_touches_spec.rb:291[0m [36m# [STEP3] 仕上げのテスト 他人の画面のテスト 他人のユーザ詳細画面のテスト 表示の確認 自分の投稿は表示されない[0m
[31mrspec ./spec/system/03_finishing_touches_spec.rb:298[0m [36m# [STEP3] 仕上げのテスト 他人の画面のテスト 他人のユーザ詳細画面のテスト サイドバーの確認 他人の名前と紹介文が表示される[0m
[31mrspec ./spec/system/03_finishing_touches_spec.rb:302[0m [36m# [STEP3] 仕上げのテスト 他人の画面のテスト 他人のユーザ詳細画面のテスト サイドバーの確認 他人のユーザ編集画面へのリンクが存在する[0m
[31mrspec ./spec/system/03_finishing_touches_spec.rb:305[0m [36m# [STEP3] 仕上げのテスト 他人の画面のテスト 他人のユーザ詳細画面のテスト サイドバーの確認 自分の名前と紹介文は表示されない[0m
[31mrspec ./spec/system/03_finishing_touches_spec.rb:309[0m [36m# [STEP3] 仕上げのテスト 他人の画面のテスト 他人のユーザ詳細画面のテスト サイドバーの確認 自分のユーザ編集画面へのリンクは存在しない[0m
[31mrspec ./spec/system/03_finishing_touches_spec.rb:316[0m [36m# [STEP3] 仕上げのテスト 他人の画面のテスト 他人のユーザ情報編集画面 遷移できず、自分のユーザ詳細画面にリダイレクトされる[0m
[31mrspec ./spec/system/03_finishing_touches_spec.rb:333[0m [36m# [STEP3] 仕上げのテスト グリッドシステムのテスト: container, row, col-md-〇を正しく使えている ユーザ一覧画面[0m
[31mrspec ./spec/system/03_finishing_touches_spec.rb:338[0m [36m# [STEP3] 仕上げのテスト グリッドシステムのテスト: container, row, col-md-〇を正しく使えている ユーザ詳細画面[0m
[31mrspec ./spec/system/03_finishing_touches_spec.rb:343[0m [36m# [STEP3] 仕上げのテスト グリッドシステムのテスト: container, row, col-md-〇を正しく使えている 投稿一覧画面[0m
[31mrspec ./spec/system/03_finishing_touches_spec.rb:348[0m [36m# [STEP3] 仕上げのテスト グリッドシステムのテスト: container, row, col-md-〇を正しく使えている 投稿詳細画面[0m
[31mrspec ./spec/system/03_finishing_touches_spec.rb:411[0m [36m# [STEP3] 仕上げのテスト アイコンのテスト ヘッダー: ログインしている場合 Homeリンクのアイコンが表示される[0m
[31mrspec ./spec/system/03_finishing_touches_spec.rb:414[0m [36m# [STEP3] 仕上げのテスト アイコンのテスト ヘッダー: ログインしている場合 Usersリンクのアイコンが表示される[0m
[31mrspec ./spec/system/03_finishing_touches_spec.rb:417[0m [36m# [STEP3] 仕上げのテスト アイコンのテスト ヘッダー: ログインしている場合 Booksリンクのアイコンが表示される[0m
[31mrspec ./spec/system/03_finishing_touches_spec.rb:420[0m [36m# [STEP3] 仕上げのテスト アイコンのテスト ヘッダー: ログインしている場合 Log outリンクのアイコンが表示される[0m
[31mrspec ./spec/system/03_finishing_touches_spec.rb:435[0m [36m# [STEP3] 仕上げのテスト アイコンのテスト サイドバー ユーザ一覧画面でレンチアイコンが表示される[0m
[31mrspec ./spec/system/03_finishing_touches_spec.rb:439[0m [36m# [STEP3] 仕上げのテスト アイコンのテスト サイドバー ユーザ詳細画面でレンチアイコンが表示される[0m
[31mrspec ./spec/system/03_finishing_touches_spec.rb:443[0m [36m# [STEP3] 仕上げのテスト アイコンのテスト サイドバー 投稿一覧画面でレンチアイコンが表示される[0m
[31mrspec ./spec/system/03_finishing_touches_spec.rb:447[0m [36m# [STEP3] 仕上げのテスト アイコンのテスト サイドバー 投稿詳細画面でレンチアイコンが表示される[0m

